#
# There is insufficient memory for the Java Runtime Environment to continue.
# Native memory allocation (malloc) failed to allocate 1891488 bytes for Chunk::new
# Possible reasons:
#   The system is out of physical RAM or swap space
#   The process is running with CompressedOops enabled, and the Java Heap may be blocking the growth of the native heap
# Possible solutions:
#   Reduce memory load on the system
#   Increase physical memory or swap space
#   Check if swap backing store is full
#   Decrease Java heap size (-Xmx/-Xms)
#   Decrease number of Java threads
#   Decrease Java thread stack sizes (-Xss)
#   Set larger code cache with -XX:ReservedCodeCacheSize=
#   JVM is running with Unscaled Compressed Oops mode in which the Java heap is
#     placed in the first 4GB address space. The Java Heap base address is the
#     maximum limit for the native heap growth. Please use -XX:HeapBaseMinAddress
#     to set the Java Heap base and to place the Java Heap above 4GB virtual address.
# This output file may be truncated or incomplete.
#
#  Out of Memory Error (arena.cpp:189), pid=20576, tid=13536
#
# JRE version: OpenJDK Runtime Environment Temurin-17.0.4.1+1 (17.0.4.1+1) (build 17.0.4.1+1)
# Java VM: OpenJDK 64-Bit Server VM Temurin-17.0.4.1+1 (17.0.4.1+1, mixed mode, tiered, compressed oops, compressed class ptrs, parallel gc, windows-amd64)
# No core dump will be written. Minidumps are not enabled by default on client versions of Windows
#

---------------  S U M M A R Y ------------

Command Line: --add-modules=ALL-SYSTEM --add-opens=java.base/java.util=ALL-UNNAMED --add-opens=java.base/java.lang=ALL-UNNAMED --add-opens=java.base/sun.nio.fs=ALL-UNNAMED -Declipse.application=org.eclipse.jdt.ls.core.id1 -Dosgi.bundles.defaultStartLevel=4 -Declipse.product=org.eclipse.jdt.ls.core.product -Djava.import.generatesMetadataFilesAtProjectRoot=false -Dfile.encoding=utf8 -XX:+UseParallelGC -XX:GCTimeRatio=4 -XX:AdaptiveSizePolicyWeight=90 -Dsun.zip.disableMemoryMapping=true -Xmx1G -Xms100m -Xlog:disable -javaagent:c:\Users\dell\.vscode\extensions\redhat.java-1.12.0-win32-x64\lombok\lombok-1.18.24.jar c:\Users\dell\.vscode\extensions\redhat.java-1.12.0-win32-x64\server\plugins\org.eclipse.equinox.launcher_1.6.400.v20210924-0641.jar -configuration c:\Users\dell\AppData\Roaming\Code\User\globalStorage\redhat.java\1.12.0\config_ss_win -data c:\Users\dell\AppData\Roaming\Code\User\workspaceStorage\7dacab551bd5d13f21454db8a7b4094e\redhat.java\ss_ws

Host: Intel(R) Core(TM) i7-9750H CPU @ 2.60GHz, 12 cores, 15G,  Windows 11 , 64 bit Build 22000 (10.0.22000.708)
Time: Sat Nov  5 13:52:05 2022  Windows 11 , 64 bit Build 22000 (10.0.22000.708) elapsed time: 8.198116 seconds (0d 0h 0m 8s)

---------------  T H R E A D  ---------------

Current thread (0x000002143783d9b0):  JavaThread "C2 CompilerThread1" daemon [_thread_in_native, id=13536, stack(0x000000abeb300000,0x000000abeb400000)]


Current CompileTask:
C2:   8198 4991       4       org.eclipse.jdt.internal.compiler.parser.Parser::consumeRule (7834 bytes)

Stack: [0x000000abeb300000,0x000000abeb400000]
Native frames: (J=compiled Java code, j=interpreted, Vv=VM code, C=native code)
V  [jvm.dll+0x67731a]
V  [jvm.dll+0x832284]
V  [jvm.dll+0x833a2e]
V  [jvm.dll+0x834093]
V  [jvm.dll+0x245775]
V  [jvm.dll+0xabd7b]
V  [jvm.dll+0xac30c]
V  [jvm.dll+0x363a97]
V  [jvm.dll+0x32e011]
V  [jvm.dll+0x32d4ba]
V  [jvm.dll+0x218681]
V  [jvm.dll+0x217aa1]
V  [jvm.dll+0x1a3f8d]
V  [jvm.dll+0x227498]
V  [jvm.dll+0x2255e5]
V  [jvm.dll+0x7e7e9b]
V  [jvm.dll+0x7e240a]
V  [jvm.dll+0x6761a5]
C  [ucrtbase.dll+0x26c0c]
C  [KERNEL32.DLL+0x154e0]
C  [ntdll.dll+0x485b]


---------------  P R O C E S S  ---------------

Threads class SMR info:
_java_thread_list=0x0000021438ef62a0, length=27, elements={
0x000002141d784be0, 0x0000021431611a50, 0x00000214316130d0, 0x00000214333e3830,
0x00000214333e43e0, 0x00000214333e7640, 0x00000214333e8790, 0x00000214333eaa00,
0x00000214333a4350, 0x00000214333b2f50, 0x000002141d842610, 0x000002143466ec50,
0x000002143495e700, 0x0000021434bcf930, 0x0000021434bd00a0, 0x0000021434c3e770,
0x0000021435cf80b0, 0x0000021435a89650, 0x0000021435c04540, 0x0000021435c04070,
0x0000021435c04ee0, 0x0000021435c053b0, 0x0000021435c05880, 0x0000021435c04a10,
0x000002143783d9b0, 0x000002143783cf90, 0x0000021438ba2690
}

Java Threads: ( => current thread )
  0x000002141d784be0 JavaThread "main" [_thread_blocked, id=16032, stack(0x000000abea600000,0x000000abea700000)]
  0x0000021431611a50 JavaThread "Reference Handler" daemon [_thread_blocked, id=28208, stack(0x000000abea900000,0x000000abeaa00000)]
  0x00000214316130d0 JavaThread "Finalizer" daemon [_thread_blocked, id=4248, stack(0x000000abeaa00000,0x000000abeab00000)]
  0x00000214333e3830 JavaThread "Signal Dispatcher" daemon [_thread_blocked, id=41848, stack(0x000000abeab00000,0x000000abeac00000)]
  0x00000214333e43e0 JavaThread "Attach Listener" daemon [_thread_blocked, id=5868, stack(0x000000abeac00000,0x000000abead00000)]
  0x00000214333e7640 JavaThread "Service Thread" daemon [_thread_blocked, id=33368, stack(0x000000abead00000,0x000000abeae00000)]
  0x00000214333e8790 JavaThread "Monitor Deflation Thread" daemon [_thread_blocked, id=31172, stack(0x000000abeae00000,0x000000abeaf00000)]
  0x00000214333eaa00 JavaThread "C2 CompilerThread0" daemon [_thread_in_native, id=35220, stack(0x000000abeaf00000,0x000000abeb000000)]
  0x00000214333a4350 JavaThread "C1 CompilerThread0" daemon [_thread_in_native, id=13532, stack(0x000000abeb000000,0x000000abeb100000)]
  0x00000214333b2f50 JavaThread "Sweeper thread" daemon [_thread_blocked, id=18632, stack(0x000000abeb100000,0x000000abeb200000)]
  0x000002141d842610 JavaThread "Common-Cleaner" daemon [_thread_blocked, id=37144, stack(0x000000abeb200000,0x000000abeb300000)]
  0x000002143466ec50 JavaThread "Notification Thread" daemon [_thread_blocked, id=46164, stack(0x000000abeb400000,0x000000abeb500000)]
  0x000002143495e700 JavaThread "Active Thread: Equinox Container: 176613cd-8335-417f-969b-945278dfd64b" [_thread_blocked, id=14880, stack(0x000000abeb600000,0x000000abeb700000)]
  0x0000021434bcf930 JavaThread "Framework Event Dispatcher: Equinox Container: 176613cd-8335-417f-969b-945278dfd64b" daemon [_thread_blocked, id=42912, stack(0x000000abebd00000,0x000000abebe00000)]
  0x0000021434bd00a0 JavaThread "Start Level: Equinox Container: 176613cd-8335-417f-969b-945278dfd64b" daemon [_thread_blocked, id=46476, stack(0x000000abebe00000,0x000000abebf00000)]
  0x0000021434c3e770 JavaThread "SCR Component Actor" daemon [_thread_blocked, id=19772, stack(0x000000abebf00000,0x000000abec000000)]
  0x0000021435cf80b0 JavaThread "Worker-JM" [_thread_blocked, id=14340, stack(0x000000abec200000,0x000000abec300000)]
  0x0000021435a89650 JavaThread "Worker-0" [_thread_blocked, id=34280, stack(0x000000abec500000,0x000000abec600000)]
  0x0000021435c04540 JavaThread "Worker-1" [_thread_blocked, id=13404, stack(0x000000abec600000,0x000000abec700000)]
  0x0000021435c04070 JavaThread "JNA Cleaner" daemon [_thread_blocked, id=20432, stack(0x000000abec700000,0x000000abec800000)]
  0x0000021435c04ee0 JavaThread "pool-2-thread-1" [_thread_blocked, id=5796, stack(0x000000abec800000,0x000000abec900000)]
  0x0000021435c053b0 JavaThread "pool-1-thread-1" [_thread_in_vm, id=48092, stack(0x000000abec900000,0x000000abeca00000)]
  0x0000021435c05880 JavaThread "ForkJoinPool.commonPool-worker-1" daemon [_thread_blocked, id=15784, stack(0x000000abecb00000,0x000000abecc00000)]
  0x0000021435c04a10 JavaThread "ForkJoinPool.commonPool-worker-2" daemon [_thread_blocked, id=28544, stack(0x000000abecc00000,0x000000abecd00000)]
=>0x000002143783d9b0 JavaThread "C2 CompilerThread1" daemon [_thread_in_native, id=13536, stack(0x000000abeb300000,0x000000abeb400000)]
  0x000002143783cf90 JavaThread "C2 CompilerThread2" daemon [_thread_in_native, id=33600, stack(0x000000abec100000,0x000000abec200000)]
  0x0000021438ba2690 JavaThread "pool-1-thread-2" [_thread_in_Java, id=32200, stack(0x000000abeca00000,0x000000abecb00000)]

Other Threads:
  0x000002141d85e7f0 VMThread "VM Thread" [stack: 0x000000abea800000,0x000000abea900000] [id=29076]
  0x00000214336462e0 WatcherThread [stack: 0x000000abeb500000,0x000000abeb600000] [id=36608]
  0x000002141d799e10 GCTaskThread "GC Thread#0" [stack: 0x000000abea700000,0x000000abea800000] [id=7204]
  0x0000021434a1a350 GCTaskThread "GC Thread#1" [stack: 0x000000abeb700000,0x000000abeb800000] [id=35564]
  0x000002143480b1f0 GCTaskThread "GC Thread#2" [stack: 0x000000abeb800000,0x000000abeb900000] [id=37512]
  0x000002143480b4a0 GCTaskThread "GC Thread#3" [stack: 0x000000abeb900000,0x000000abeba00000] [id=47424]
  0x000002143480b750 GCTaskThread "GC Thread#4" [stack: 0x000000abeba00000,0x000000abebb00000] [id=46992]
  0x000002143480ba00 GCTaskThread "GC Thread#5" [stack: 0x000000abebb00000,0x000000abebc00000] [id=19584]
  0x00000214358ce030 GCTaskThread "GC Thread#6" [stack: 0x000000abebc00000,0x000000abebd00000] [id=47532]
  0x0000021434c3a9c0 GCTaskThread "GC Thread#7" [stack: 0x000000abec000000,0x000000abec100000] [id=5124]
  0x0000021435dcaf70 GCTaskThread "GC Thread#8" [stack: 0x000000abec300000,0x000000abec400000] [id=40504]
  0x0000021435dcb220 GCTaskThread "GC Thread#9" [stack: 0x000000abec400000,0x000000abec500000] [id=42352]

Threads with active compile tasks:
C2 CompilerThread0     8226 4925       4       org.eclipse.jdt.internal.compiler.lookup.BinaryTypeBinding::createMethod (1719 bytes)
C1 CompilerThread0     8226 5276       3       org.eclipse.jdt.internal.compiler.env.ITypeAnnotationWalker$1::toField (2 bytes)
C2 CompilerThread1     8226 4991       4       org.eclipse.jdt.internal.compiler.parser.Parser::consumeRule (7834 bytes)
C2 CompilerThread2     8226 5229   !   4       org.eclipse.jdt.internal.compiler.parser.Scanner::getNextToken0 (2562 bytes)

VM state: not at safepoint (normal execution)

VM Mutex/Monitor currently owned by a thread: None

Heap address: 0x00000000c0000000, size: 1024 MB, Compressed Oops mode: 32-bit

CDS archive(s) not mapped
Compressed class space mapped at: 0x0000000100000000-0x0000000140000000, reserved size: 1073741824
Narrow klass base: 0x0000000000000000, Narrow klass shift: 3, Narrow klass range: 0x140000000

GC Precious Log:
 CPUs: 12 total, 12 available
 Memory: 16163M
 Large Page Support: Disabled
 NUMA Support: Disabled
 Compressed Oops: Enabled (32-bit)
 Alignments: Space 512K, Generation 512K, Heap 2M
 Heap Min Capacity: 100M
 Heap Initial Capacity: 100M
 Heap Max Capacity: 1G
 Pre-touch: Disabled
 Parallel Workers: 10

Heap:
 PSYoungGen      total 21504K, used 4081K [0x00000000eab00000, 0x00000000ec180000, 0x0000000100000000)
  eden space 20480K, 16% used [0x00000000eab00000,0x00000000eae5fe18,0x00000000ebf00000)
  from space 1024K, 61% used [0x00000000ec080000,0x00000000ec11c938,0x00000000ec180000)
  to   space 1024K, 0% used [0x00000000ebf80000,0x00000000ebf80000,0x00000000ec080000)
 ParOldGen       total 68608K, used 29217K [0x00000000c0000000, 0x00000000c4300000, 0x00000000eab00000)
  object space 68608K, 42% used [0x00000000c0000000,0x00000000c1c88590,0x00000000c4300000)
 Metaspace       used 47594K, committed 48320K, reserved 1097728K
  class space    used 4819K, committed 5184K, reserved 1048576K

Card table byte_map: [0x000002141d140000,0x000002141d350000] _byte_map_base: 0x000002141cb40000

Marking Bits: (ParMarkBitMap*) 0x00007ffee0862cc0
 Begin Bits: [0x000002142f420000, 0x0000021430420000)
 End Bits:   [0x0000021430420000, 0x0000021431420000)

Polling page: 0x000002141b700000

Metaspace:

Usage:
  Non-class:     41.77 MB used.
      Class:      4.71 MB used.
       Both:     46.48 MB used.

Virtual space:
  Non-class space:       48.00 MB reserved,      42.19 MB ( 88%) committed,  6 nodes.
      Class space:        1.00 GB reserved,       5.06 MB ( <1%) committed,  1 nodes.
             Both:        1.05 GB reserved,      47.25 MB (  4%) committed. 

Chunk freelists:
   Non-Class:  1.86 MB
       Class:  2.84 MB
        Both:  4.70 MB

MaxMetaspaceSize: unlimited
CompressedClassSpaceSize: 1.00 GB
Initial GC threshold: 21.00 MB
Current GC threshold: 58.38 MB
CDS: off
MetaspaceReclaimPolicy: balanced
 - commit_granule_bytes: 65536.
 - commit_granule_words: 8192.
 - virtual_space_node_default_size: 1048576.
 - enlarge_chunks_in_place: 1.
 - new_chunks_are_fully_committed: 0.
 - uncommit_free_chunks: 1.
 - use_allocation_guard: 0.
 - handle_deallocations: 1.


Internal statistics:

num_allocs_failed_limit: 6.
num_arena_births: 302.
num_arena_deaths: 14.
num_vsnodes_births: 7.
num_vsnodes_deaths: 0.
num_space_committed: 756.
num_space_uncommitted: 0.
num_chunks_returned_to_freelist: 20.
num_chunks_taken_from_freelist: 1832.
num_chunk_merges: 10.
num_chunk_splits: 1263.
num_chunks_enlarged: 897.
num_purges: 2.
num_inconsistent_stats: 0.

CodeHeap 'non-profiled nmethods': size=120000Kb used=2415Kb max_used=2751Kb free=117584Kb
 bounds [0x0000021427ef0000, 0x00000214281a0000, 0x000002142f420000]
CodeHeap 'profiled nmethods': size=120000Kb used=9530Kb max_used=10729Kb free=110469Kb
 bounds [0x00000214209c0000, 0x0000021421440000, 0x0000021427ef0000]
CodeHeap 'non-nmethods': size=5760Kb used=1326Kb max_used=1417Kb free=4433Kb
 bounds [0x0000021420420000, 0x0000021420690000, 0x00000214209c0000]
 total_blobs=5108 nmethods=4445 adapters=577
 compilation: enabled
              stopped_count=0, restarted_count=0
 full_count=0

Compilation events (20 events):
Event: 8.177 Thread 0x00000214333a4350 5215       3       org.eclipse.jdt.internal.core.JavaProject::getEclipsePreferences (178 bytes)
Event: 8.178 Thread 0x000002143783cf90 5091       4       java.util.regex.Pattern$Branch::match (66 bytes)
Event: 8.180 Thread 0x00000214333a4350 nmethod 5215 0x00000214211f4090 code [0x00000214211f4400, 0x00000214211f5bf8]
Event: 8.180 Thread 0x00000214333a4350 5216   !   3       org.eclipse.jdt.internal.core.JavaProject::checkPreferencesExist (32 bytes)
Event: 8.180 Thread 0x00000214333a4350 nmethod 5216 0x0000021420e82410 code [0x0000021420e825e0, 0x0000021420e82978]
Event: 8.180 Thread 0x00000214333a4350 5217       3       org.eclipse.jdt.core.JavaCore::getOption (8 bytes)
Event: 8.180 Thread 0x00000214333a4350 nmethod 5217 0x0000021420ff3310 code [0x0000021420ff34c0, 0x0000021420ff3668]
Event: 8.180 Thread 0x00000214333a4350 5230       3       org.eclipse.jdt.internal.compiler.parser.Parser::checkAndSetModifiers (147 bytes)
Event: 8.181 Thread 0x00000214333a4350 nmethod 5230 0x0000021420ac7410 code [0x0000021420ac7600, 0x0000021420ac7d08]
Event: 8.181 Thread 0x00000214333a4350 5231       3       org.eclipse.jdt.internal.compiler.parser.Parser::pushOnAstLengthStack (54 bytes)
Event: 8.189 Thread 0x00000214333a4350 nmethod 5231 0x0000021420e91e10 code [0x0000021420e91fc0, 0x0000021420e922a8]
Event: 8.195 Thread 0x00000214333a4350 5225       1       org.eclipse.jdt.internal.compiler.env.NameEnvironmentAnswer::getResolvedBinding (5 bytes)
Event: 8.195 Thread 0x00000214333a4350 nmethod 5225 0x0000021427ffaf90 code [0x0000021427ffb120, 0x0000021427ffb1f8]
Event: 8.195 Thread 0x00000214333a4350 5233       3       org.eclipse.jdt.internal.compiler.parser.Scanner::consumeDigits0 (79 bytes)
Event: 8.195 Thread 0x00000214333a4350 nmethod 5233 0x0000021420ee5710 code [0x0000021420ee5920, 0x0000021420ee5ee8]
Event: 8.195 Thread 0x00000214333a4350 5232       3       org.eclipse.core.internal.resources.Resource::exists (18 bytes)
Event: 8.196 Thread 0x00000214333a4350 nmethod 5232 0x0000021420b74710 code [0x0000021420b748e0, 0x0000021420b74e38]
Event: 8.196 Thread 0x00000214333a4350 5234       3       org.eclipse.jdt.internal.compiler.parser.Parser::concatNodeLists (31 bytes)
Event: 8.196 Thread 0x00000214333a4350 nmethod 5234 0x0000021421031410 code [0x00000214210315a0, 0x0000021421031718]
Event: 8.196 Thread 0x00000214333a4350 5237       3       org.eclipse.jdt.internal.core.PackageFragmentRoot::equals (55 bytes)

GC Heap History (20 events):
Event: 3.752 GC heap before
{Heap before GC invocations=16 (full 2):
 PSYoungGen      total 20992K, used 256K [0x00000000eab00000, 0x00000000ec300000, 0x0000000100000000)
  eden space 20480K, 0% used [0x00000000eab00000,0x00000000eab00000,0x00000000ebf00000)
  from space 512K, 50% used [0x00000000ec280000,0x00000000ec2c0000,0x00000000ec300000)
  to   space 1536K, 0% used [0x00000000ec000000,0x00000000ec000000,0x00000000ec180000)
 ParOldGen       total 68608K, used 23254K [0x00000000c0000000, 0x00000000c4300000, 0x00000000eab00000)
  object space 68608K, 33% used [0x00000000c0000000,0x00000000c16b5b30,0x00000000c4300000)
 Metaspace       used 35195K, committed 35840K, reserved 1089536K
  class space    used 3563K, committed 3840K, reserved 1048576K
}
Event: 3.786 GC heap after
{Heap after GC invocations=16 (full 2):
 PSYoungGen      total 20992K, used 0K [0x00000000eab00000, 0x00000000ec300000, 0x0000000100000000)
  eden space 20480K, 0% used [0x00000000eab00000,0x00000000eab00000,0x00000000ebf00000)
  from space 512K, 0% used [0x00000000ec280000,0x00000000ec280000,0x00000000ec300000)
  to   space 1536K, 0% used [0x00000000ec000000,0x00000000ec000000,0x00000000ec180000)
 ParOldGen       total 68608K, used 22625K [0x00000000c0000000, 0x00000000c4300000, 0x00000000eab00000)
  object space 68608K, 32% used [0x00000000c0000000,0x00000000c16186a8,0x00000000c4300000)
 Metaspace       used 35195K, committed 35840K, reserved 1089536K
  class space    used 3563K, committed 3840K, reserved 1048576K
}
Event: 4.064 GC heap before
{Heap before GC invocations=17 (full 2):
 PSYoungGen      total 20992K, used 20465K [0x00000000eab00000, 0x00000000ec300000, 0x0000000100000000)
  eden space 20480K, 99% used [0x00000000eab00000,0x00000000ebefc768,0x00000000ebf00000)
  from space 512K, 0% used [0x00000000ec280000,0x00000000ec280000,0x00000000ec300000)
  to   space 1536K, 0% used [0x00000000ec000000,0x00000000ec000000,0x00000000ec180000)
 ParOldGen       total 68608K, used 22625K [0x00000000c0000000, 0x00000000c4300000, 0x00000000eab00000)
  object space 68608K, 32% used [0x00000000c0000000,0x00000000c16186a8,0x00000000c4300000)
 Metaspace       used 37344K, committed 38016K, reserved 1089536K
  class space    used 3846K, committed 4160K, reserved 1048576K
}
Event: 4.065 GC heap after
{Heap after GC invocations=17 (full 2):
 PSYoungGen      total 22016K, used 758K [0x00000000eab00000, 0x00000000ec300000, 0x0000000100000000)
  eden space 20480K, 0% used [0x00000000eab00000,0x00000000eab00000,0x00000000ebf00000)
  from space 1536K, 49% used [0x00000000ec000000,0x00000000ec0bda20,0x00000000ec180000)
  to   space 1024K, 0% used [0x00000000ec200000,0x00000000ec200000,0x00000000ec300000)
 ParOldGen       total 68608K, used 22633K [0x00000000c0000000, 0x00000000c4300000, 0x00000000eab00000)
  object space 68608K, 32% used [0x00000000c0000000,0x00000000c161a6a8,0x00000000c4300000)
 Metaspace       used 37344K, committed 38016K, reserved 1089536K
  class space    used 3846K, committed 4160K, reserved 1048576K
}
Event: 4.419 GC heap before
{Heap before GC invocations=18 (full 2):
 PSYoungGen      total 22016K, used 21238K [0x00000000eab00000, 0x00000000ec300000, 0x0000000100000000)
  eden space 20480K, 100% used [0x00000000eab00000,0x00000000ebf00000,0x00000000ebf00000)
  from space 1536K, 49% used [0x00000000ec000000,0x00000000ec0bda20,0x00000000ec180000)
  to   space 1024K, 0% used [0x00000000ec200000,0x00000000ec200000,0x00000000ec300000)
 ParOldGen       total 68608K, used 22633K [0x00000000c0000000, 0x00000000c4300000, 0x00000000eab00000)
  object space 68608K, 32% used [0x00000000c0000000,0x00000000c161a6a8,0x00000000c4300000)
 Metaspace       used 39227K, committed 39872K, reserved 1089536K
  class space    used 3995K, committed 4288K, reserved 1048576K
}
Event: 4.421 GC heap after
{Heap after GC invocations=18 (full 2):
 PSYoungGen      total 20992K, used 448K [0x00000000eab00000, 0x00000000ec280000, 0x0000000100000000)
  eden space 20480K, 0% used [0x00000000eab00000,0x00000000eab00000,0x00000000ebf00000)
  from space 512K, 87% used [0x00000000ec200000,0x00000000ec270000,0x00000000ec280000)
  to   space 1024K, 0% used [0x00000000ec080000,0x00000000ec080000,0x00000000ec180000)
 ParOldGen       total 68608K, used 23273K [0x00000000c0000000, 0x00000000c4300000, 0x00000000eab00000)
  object space 68608K, 33% used [0x00000000c0000000,0x00000000c16ba488,0x00000000c4300000)
 Metaspace       used 39227K, committed 39872K, reserved 1089536K
  class space    used 3995K, committed 4288K, reserved 1048576K
}
Event: 4.514 GC heap before
{Heap before GC invocations=19 (full 2):
 PSYoungGen      total 20992K, used 20928K [0x00000000eab00000, 0x00000000ec280000, 0x0000000100000000)
  eden space 20480K, 100% used [0x00000000eab00000,0x00000000ebf00000,0x00000000ebf00000)
  from space 512K, 87% used [0x00000000ec200000,0x00000000ec270000,0x00000000ec280000)
  to   space 1024K, 0% used [0x00000000ec080000,0x00000000ec080000,0x00000000ec180000)
 ParOldGen       total 68608K, used 23273K [0x00000000c0000000, 0x00000000c4300000, 0x00000000eab00000)
  object space 68608K, 33% used [0x00000000c0000000,0x00000000c16ba488,0x00000000c4300000)
 Metaspace       used 39316K, committed 39936K, reserved 1089536K
  class space    used 4000K, committed 4288K, reserved 1048576K
}
Event: 4.515 GC heap after
{Heap after GC invocations=19 (full 2):
 PSYoungGen      total 21504K, used 1013K [0x00000000eab00000, 0x00000000ec300000, 0x0000000100000000)
  eden space 20480K, 0% used [0x00000000eab00000,0x00000000eab00000,0x00000000ebf00000)
  from space 1024K, 99% used [0x00000000ec080000,0x00000000ec17d758,0x00000000ec180000)
  to   space 1536K, 0% used [0x00000000ec180000,0x00000000ec180000,0x00000000ec300000)
 ParOldGen       total 68608K, used 23841K [0x00000000c0000000, 0x00000000c4300000, 0x00000000eab00000)
  object space 68608K, 34% used [0x00000000c0000000,0x00000000c1748548,0x00000000c4300000)
 Metaspace       used 39316K, committed 39936K, reserved 1089536K
  class space    used 4000K, committed 4288K, reserved 1048576K
}
Event: 4.717 GC heap before
{Heap before GC invocations=20 (full 2):
 PSYoungGen      total 21504K, used 21493K [0x00000000eab00000, 0x00000000ec300000, 0x0000000100000000)
  eden space 20480K, 100% used [0x00000000eab00000,0x00000000ebf00000,0x00000000ebf00000)
  from space 1024K, 99% used [0x00000000ec080000,0x00000000ec17d758,0x00000000ec180000)
  to   space 1536K, 0% used [0x00000000ec180000,0x00000000ec180000,0x00000000ec300000)
 ParOldGen       total 68608K, used 23841K [0x00000000c0000000, 0x00000000c4300000, 0x00000000eab00000)
  object space 68608K, 34% used [0x00000000c0000000,0x00000000c1748548,0x00000000c4300000)
 Metaspace       used 40958K, committed 41600K, reserved 1089536K
  class space    used 4166K, committed 4480K, reserved 1048576K
}
Event: 4.718 GC heap after
{Heap after GC invocations=20 (full 2):
 PSYoungGen      total 20992K, used 448K [0x00000000eab00000, 0x00000000ec200000, 0x0000000100000000)
  eden space 20480K, 0% used [0x00000000eab00000,0x00000000eab00000,0x00000000ebf00000)
  from space 512K, 87% used [0x00000000ec180000,0x00000000ec1f0000,0x00000000ec200000)
  to   space 1024K, 0% used [0x00000000ec000000,0x00000000ec000000,0x00000000ec100000)
 ParOldGen       total 68608K, used 23961K [0x00000000c0000000, 0x00000000c4300000, 0x00000000eab00000)
  object space 68608K, 34% used [0x00000000c0000000,0x00000000c1766548,0x00000000c4300000)
 Metaspace       used 40958K, committed 41600K, reserved 1089536K
  class space    used 4166K, committed 4480K, reserved 1048576K
}
Event: 5.655 GC heap before
{Heap before GC invocations=21 (full 2):
 PSYoungGen      total 20992K, used 20928K [0x00000000eab00000, 0x00000000ec200000, 0x0000000100000000)
  eden space 20480K, 100% used [0x00000000eab00000,0x00000000ebf00000,0x00000000ebf00000)
  from space 512K, 87% used [0x00000000ec180000,0x00000000ec1f0000,0x00000000ec200000)
  to   space 1024K, 0% used [0x00000000ec000000,0x00000000ec000000,0x00000000ec100000)
 ParOldGen       total 68608K, used 23961K [0x00000000c0000000, 0x00000000c4300000, 0x00000000eab00000)
  object space 68608K, 34% used [0x00000000c0000000,0x00000000c1766548,0x00000000c4300000)
 Metaspace       used 44465K, committed 45120K, reserved 1089536K
  class space    used 4497K, committed 4800K, reserved 1048576K
}
Event: 5.657 GC heap after
{Heap after GC invocations=21 (full 2):
 PSYoungGen      total 21504K, used 1023K [0x00000000eab00000, 0x00000000ec500000, 0x0000000100000000)
  eden space 20480K, 0% used [0x00000000eab00000,0x00000000eab00000,0x00000000ebf00000)
  from space 1024K, 99% used [0x00000000ec000000,0x00000000ec0ffda0,0x00000000ec100000)
  to   space 3072K, 0% used [0x00000000ec200000,0x00000000ec200000,0x00000000ec500000)
 ParOldGen       total 68608K, used 25215K [0x00000000c0000000, 0x00000000c4300000, 0x00000000eab00000)
  object space 68608K, 36% used [0x00000000c0000000,0x00000000c189ff58,0x00000000c4300000)
 Metaspace       used 44465K, committed 45120K, reserved 1089536K
  class space    used 4497K, committed 4800K, reserved 1048576K
}
Event: 7.632 GC heap before
{Heap before GC invocations=22 (full 2):
 PSYoungGen      total 21504K, used 21503K [0x00000000eab00000, 0x00000000ec500000, 0x0000000100000000)
  eden space 20480K, 100% used [0x00000000eab00000,0x00000000ebf00000,0x00000000ebf00000)
  from space 1024K, 99% used [0x00000000ec000000,0x00000000ec0ffda0,0x00000000ec100000)
  to   space 3072K, 0% used [0x00000000ec200000,0x00000000ec200000,0x00000000ec500000)
 ParOldGen       total 68608K, used 25215K [0x00000000c0000000, 0x00000000c4300000, 0x00000000eab00000)
  object space 68608K, 36% used [0x00000000c0000000,0x00000000c189ff58,0x00000000c4300000)
 Metaspace       used 46153K, committed 46784K, reserved 1097728K
  class space    used 4686K, committed 4992K, reserved 1048576K
}
Event: 7.634 GC heap after
{Heap after GC invocations=22 (full 2):
 PSYoungGen      total 22016K, used 1312K [0x00000000eab00000, 0x00000000ec380000, 0x0000000100000000)
  eden space 20480K, 0% used [0x00000000eab00000,0x00000000eab00000,0x00000000ebf00000)
  from space 1536K, 85% used [0x00000000ec200000,0x00000000ec348000,0x00000000ec380000)
  to   space 2048K, 0% used [0x00000000ebf80000,0x00000000ebf80000,0x00000000ec180000)
 ParOldGen       total 68608K, used 26233K [0x00000000c0000000, 0x00000000c4300000, 0x00000000eab00000)
  object space 68608K, 38% used [0x00000000c0000000,0x00000000c199e508,0x00000000c4300000)
 Metaspace       used 46153K, committed 46784K, reserved 1097728K
  class space    used 4686K, committed 4992K, reserved 1048576K
}
Event: 7.864 GC heap before
{Heap before GC invocations=23 (full 2):
 PSYoungGen      total 22016K, used 20207K [0x00000000eab00000, 0x00000000ec380000, 0x0000000100000000)
  eden space 20480K, 92% used [0x00000000eab00000,0x00000000ebd73ea8,0x00000000ebf00000)
  from space 1536K, 85% used [0x00000000ec200000,0x00000000ec348000,0x00000000ec380000)
  to   space 2048K, 0% used [0x00000000ebf80000,0x00000000ebf80000,0x00000000ec180000)
 ParOldGen       total 68608K, used 26233K [0x00000000c0000000, 0x00000000c4300000, 0x00000000eab00000)
  object space 68608K, 38% used [0x00000000c0000000,0x00000000c199e508,0x00000000c4300000)
 Metaspace       used 46766K, committed 47488K, reserved 1097728K
  class space    used 4770K, committed 5120K, reserved 1048576K
}
Event: 7.866 GC heap after
{Heap after GC invocations=23 (full 2):
 PSYoungGen      total 22016K, used 1236K [0x00000000eab00000, 0x00000000ec280000, 0x0000000100000000)
  eden space 20480K, 0% used [0x00000000eab00000,0x00000000eab00000,0x00000000ebf00000)
  from space 1536K, 80% used [0x00000000ebf80000,0x00000000ec0b5340,0x00000000ec100000)
  to   space 1536K, 0% used [0x00000000ec100000,0x00000000ec100000,0x00000000ec280000)
 ParOldGen       total 68608K, used 27380K [0x00000000c0000000, 0x00000000c4300000, 0x00000000eab00000)
  object space 68608K, 39% used [0x00000000c0000000,0x00000000c1abd0c8,0x00000000c4300000)
 Metaspace       used 46766K, committed 47488K, reserved 1097728K
  class space    used 4770K, committed 5120K, reserved 1048576K
}
Event: 8.025 GC heap before
{Heap before GC invocations=24 (full 2):
 PSYoungGen      total 22016K, used 20257K [0x00000000eab00000, 0x00000000ec280000, 0x0000000100000000)
  eden space 20480K, 92% used [0x00000000eab00000,0x00000000ebd930f8,0x00000000ebf00000)
  from space 1536K, 80% used [0x00000000ebf80000,0x00000000ec0b5340,0x00000000ec100000)
  to   space 1536K, 0% used [0x00000000ec100000,0x00000000ec100000,0x00000000ec280000)
 ParOldGen       total 68608K, used 27380K [0x00000000c0000000, 0x00000000c4300000, 0x00000000eab00000)
  object space 68608K, 39% used [0x00000000c0000000,0x00000000c1abd0c8,0x00000000c4300000)
 Metaspace       used 46888K, committed 47616K, reserved 1097728K
  class space    used 4776K, committed 5120K, reserved 1048576K
}
Event: 8.027 GC heap after
{Heap after GC invocations=24 (full 2):
 PSYoungGen      total 21504K, used 868K [0x00000000eab00000, 0x00000000ec200000, 0x0000000100000000)
  eden space 20480K, 0% used [0x00000000eab00000,0x00000000eab00000,0x00000000ebf00000)
  from space 1024K, 84% used [0x00000000ec100000,0x00000000ec1d9068,0x00000000ec200000)
  to   space 1024K, 0% used [0x00000000ec000000,0x00000000ec000000,0x00000000ec100000)
 ParOldGen       total 68608K, used 28451K [0x00000000c0000000, 0x00000000c4300000, 0x00000000eab00000)
  object space 68608K, 41% used [0x00000000c0000000,0x00000000c1bc8fd8,0x00000000c4300000)
 Metaspace       used 46888K, committed 47616K, reserved 1097728K
  class space    used 4776K, committed 5120K, reserved 1048576K
}
Event: 8.118 GC heap before
{Heap before GC invocations=25 (full 2):
 PSYoungGen      total 21504K, used 20465K [0x00000000eab00000, 0x00000000ec200000, 0x0000000100000000)
  eden space 20480K, 95% used [0x00000000eab00000,0x00000000ebe235a0,0x00000000ebf00000)
  from space 1024K, 84% used [0x00000000ec100000,0x00000000ec1d9068,0x00000000ec200000)
  to   space 1024K, 0% used [0x00000000ec000000,0x00000000ec000000,0x00000000ec100000)
 ParOldGen       total 68608K, used 28451K [0x00000000c0000000, 0x00000000c4300000, 0x00000000eab00000)
  object space 68608K, 41% used [0x00000000c0000000,0x00000000c1bc8fd8,0x00000000c4300000)
 Metaspace       used 46966K, committed 47680K, reserved 1097728K
  class space    used 4776K, committed 5120K, reserved 1048576K
}
Event: 8.119 GC heap after
{Heap after GC invocations=25 (full 2):
 PSYoungGen      total 20992K, used 384K [0x00000000eab00000, 0x00000000ec180000, 0x0000000100000000)
  eden space 20480K, 0% used [0x00000000eab00000,0x00000000eab00000,0x00000000ebf00000)
  from space 512K, 75% used [0x00000000ec000000,0x00000000ec060000,0x00000000ec080000)
  to   space 1024K, 0% used [0x00000000ec080000,0x00000000ec080000,0x00000000ec180000)
 ParOldGen       total 68608K, used 29101K [0x00000000c0000000, 0x00000000c4300000, 0x00000000eab00000)
  object space 68608K, 42% used [0x00000000c0000000,0x00000000c1c6b488,0x00000000c4300000)
 Metaspace       used 46966K, committed 47680K, reserved 1097728K
  class space    used 4776K, committed 5120K, reserved 1048576K
}

Deoptimization events (20 events):
Event: 8.151 Thread 0x0000021438ba2690 DEOPT PACKING pc=0x0000021420b05c80 sp=0x000000abecafd8f0
Event: 8.151 Thread 0x0000021438ba2690 DEOPT UNPACKING pc=0x0000021420472843 sp=0x000000abecafce80 mode 0
Event: 8.155 Thread 0x0000021438ba2690 DEOPT PACKING pc=0x0000021420b05c80 sp=0x000000abecafd8f0
Event: 8.155 Thread 0x0000021438ba2690 DEOPT UNPACKING pc=0x0000021420472843 sp=0x000000abecafce80 mode 0
Event: 8.159 Thread 0x0000021438ba2690 DEOPT PACKING pc=0x0000021420b05c80 sp=0x000000abecafd8f0
Event: 8.159 Thread 0x0000021438ba2690 DEOPT UNPACKING pc=0x0000021420472843 sp=0x000000abecafce80 mode 0
Event: 8.175 Thread 0x0000021438ba2690 DEOPT PACKING pc=0x0000021420b05c80 sp=0x000000abecafdbe0
Event: 8.175 Thread 0x0000021438ba2690 DEOPT UNPACKING pc=0x0000021420472843 sp=0x000000abecafd170 mode 0
Event: 8.179 Thread 0x0000021438ba2690 DEOPT PACKING pc=0x00000214211df27e sp=0x000000abecafdec0
Event: 8.179 Thread 0x0000021438ba2690 DEOPT UNPACKING pc=0x0000021420472843 sp=0x000000abecafd3d0 mode 0
Event: 8.180 Thread 0x0000021438ba2690 DEOPT PACKING pc=0x00000214211df27e sp=0x000000abecafdec0
Event: 8.180 Thread 0x0000021438ba2690 DEOPT UNPACKING pc=0x0000021420472843 sp=0x000000abecafd3d0 mode 0
Event: 8.181 Thread 0x0000021438ba2690 Uncommon trap: trap_request=0xffffff45 fr.pc=0x00000214280b3308 relative=0x00000000000012a8
Event: 8.186 Thread 0x0000021438ba2690 Uncommon trap: reason=unstable_if action=reinterpret pc=0x00000214280b3308 method=org.eclipse.jdt.internal.compiler.parser.Scanner.internalScanIdentifierOrKeyword(II[C)I @ 2236 c2
Event: 8.188 Thread 0x0000021435c053b0 DEOPT PACKING pc=0x0000021420e73513 sp=0x000000abec9fd9c0
Event: 8.188 Thread 0x0000021435c053b0 DEOPT UNPACKING pc=0x0000021420472843 sp=0x000000abec9fce80 mode 0
Event: 8.195 Thread 0x0000021438ba2690 DEOPT PACKING pc=0x00000214280b3308 sp=0x000000abecafde20
Event: 8.195 Thread 0x0000021438ba2690 DEOPT UNPACKING pc=0x00000214204720a3 sp=0x000000abecafdda8 mode 2
Event: 8.195 Thread 0x0000021438ba2690 DEOPT PACKING pc=0x00000214211df27e sp=0x000000abecafdec0
Event: 8.195 Thread 0x0000021438ba2690 DEOPT UNPACKING pc=0x0000021420472843 sp=0x000000abecafd3d0 mode 0

Classes unloaded (7 events):
Event: 1.719 Thread 0x000002141d85e7f0 Unloading class 0x0000000100210800 'java/lang/invoke/LambdaForm$MH+0x0000000100210800'
Event: 1.719 Thread 0x000002141d85e7f0 Unloading class 0x0000000100210400 'java/lang/invoke/LambdaForm$MH+0x0000000100210400'
Event: 1.719 Thread 0x000002141d85e7f0 Unloading class 0x0000000100210000 'java/lang/invoke/LambdaForm$MH+0x0000000100210000'
Event: 1.719 Thread 0x000002141d85e7f0 Unloading class 0x000000010020fc00 'java/lang/invoke/LambdaForm$MH+0x000000010020fc00'
Event: 1.719 Thread 0x000002141d85e7f0 Unloading class 0x000000010020f400 'java/lang/invoke/LambdaForm$BMH+0x000000010020f400'
Event: 1.719 Thread 0x000002141d85e7f0 Unloading class 0x000000010020f000 'java/lang/invoke/LambdaForm$DMH+0x000000010020f000'
Event: 1.719 Thread 0x000002141d85e7f0 Unloading class 0x000000010020c400 'java/lang/invoke/LambdaForm$DMH+0x000000010020c400'

Classes redefined (0 events):
No events

Internal exceptions (20 events):
Event: 3.020 Thread 0x000002141d784be0 Exception <a 'java/lang/NoSuchMethodError'{0x00000000ec118038}: 'java.lang.Object java.lang.invoke.DirectMethodHandle$Holder.newInvokeSpecial(java.lang.Object, java.lang.Object, java.lang.Object, java.lang.Object, java.lang.Object)'> (0x00000000ec118038) 
thrown [s\src\hotspot\share\interpreter\linkResolver.cpp, line 759]
Event: 3.119 Thread 0x0000021435c053b0 Exception <a 'java/io/FileNotFoundException'{0x00000000ead74780}> (0x00000000ead74780) 
thrown [s\src\hotspot\share\prims\jni.cpp, line 516]
Event: 3.168 Thread 0x0000021435c053b0 Exception <a 'java/lang/NoSuchMethodError'{0x00000000eb1ba9a0}: 'int java.lang.invoke.DirectMethodHandle$Holder.invokeVirtual(java.lang.Object, java.lang.Object)'> (0x00000000eb1ba9a0) 
thrown [s\src\hotspot\share\interpreter\linkResolver.cpp, line 759]
Event: 3.247 Thread 0x0000021435a89650 Exception <a 'java/lang/NoSuchMethodError'{0x00000000eb5f4580}: 'java.lang.Object java.lang.invoke.Invokers$Holder.invoke_MT(java.lang.Object, java.lang.Object, java.lang.Object)'> (0x00000000eb5f4580) 
thrown [s\src\hotspot\share\interpreter\linkResolver.cpp, line 759]
Event: 3.460 Thread 0x0000021435a89650 Exception <a 'java/io/FileNotFoundException'{0x00000000eb712870}> (0x00000000eb712870) 
thrown [s\src\hotspot\share\prims\jni.cpp, line 516]
Event: 3.460 Thread 0x0000021435a89650 Exception <a 'java/io/FileNotFoundException'{0x00000000eb7145d0}> (0x00000000eb7145d0) 
thrown [s\src\hotspot\share\prims\jni.cpp, line 516]
Event: 3.462 Thread 0x0000021435a89650 Exception <a 'java/lang/NoSuchMethodError'{0x00000000eb720bc0}: 'void java.lang.invoke.DirectMethodHandle$Holder.invokeStaticInit(java.lang.Object, java.lang.Object, java.lang.Object)'> (0x00000000eb720bc0) 
thrown [s\src\hotspot\share\interpreter\linkResolver.cpp, line 759]
Event: 3.704 Thread 0x0000021435a89650 Exception <a 'java/lang/NoSuchMethodError'{0x00000000ebdc4988}: 'java.lang.Object java.lang.invoke.DirectMethodHandle$Holder.newInvokeSpecial(java.lang.Object, java.lang.Object, java.lang.Object, int, java.lang.Object)'> (0x00000000ebdc4988) 
thrown [s\src\hotspot\share\interpreter\linkResolver.cpp, line 759]
Event: 3.704 Thread 0x0000021435a89650 Exception <a 'java/lang/NoSuchMethodError'{0x00000000ebdc8b38}: 'java.lang.Object java.lang.invoke.DirectMethodHandle$Holder.invokeSpecial(java.lang.Object, java.lang.Object, java.lang.Object, java.lang.Object, int, java.lang.Object)'> (0x00000000ebdc8b38) 
thrown [s\src\hotspot\share\interpreter\linkResolver.cpp, line 759]
Event: 3.789 Thread 0x0000021435c053b0 Exception <a 'java/lang/NoSuchMethodError'{0x00000000eab32fc8}: 'java.lang.Object java.lang.invoke.DirectMethodHandle$Holder.invokeInterface(java.lang.Object, java.lang.Object, java.lang.Object)'> (0x00000000eab32fc8) 
thrown [s\src\hotspot\share\interpreter\linkResolver.cpp, line 759]
Event: 3.833 Thread 0x0000021435c053b0 Implicit null exception at 0x0000021427fca8c9 to 0x0000021427fca99c
Event: 4.293 Thread 0x0000021435c053b0 Implicit null exception at 0x0000021427ff7e4a to 0x0000021427ff8b30
Event: 5.215 Thread 0x0000021435c05880 Exception <a 'java/lang/ArrayIndexOutOfBoundsException'{0x00000000eafad7a8}> (0x00000000eafad7a8) 
thrown [s\src\hotspot\share\runtime\sharedRuntime.cpp, line 628]
Event: 5.392 Thread 0x0000021435c05880 Exception <a 'java/lang/NoSuchMethodError'{0x00000000eb4ab340}: 'int java.lang.invoke.DirectMethodHandle$Holder.invokeStatic(java.lang.Object, java.lang.Object, java.lang.Object, int)'> (0x00000000eb4ab340) 
thrown [s\src\hotspot\share\interpreter\linkResolver.cpp, line 759]
Event: 5.412 Thread 0x0000021435c05880 Exception <a 'java/lang/NoSuchMethodError'{0x00000000eb563530}: 'int java.lang.invoke.DirectMethodHandle$Holder.invokeVirtual(java.lang.Object, java.lang.Object, java.lang.Object)'> (0x00000000eb563530) 
thrown [s\src\hotspot\share\interpreter\linkResolver.cpp, line 759]
Event: 5.468 Thread 0x0000021435c05880 Exception <a 'java/io/FileNotFoundException'{0x00000000eb7c7400}> (0x00000000eb7c7400) 
thrown [s\src\hotspot\share\prims\jni.cpp, line 516]
Event: 5.470 Thread 0x0000021435c05880 Exception <a 'java/io/FileNotFoundException'{0x00000000eb7dc7a0}> (0x00000000eb7dc7a0) 
thrown [s\src\hotspot\share\prims\jni.cpp, line 516]
Event: 6.762 Thread 0x0000021435c05880 Exception <a 'java/lang/NoSuchMethodError'{0x00000000eb0e06d0}: 'java.lang.Object java.lang.invoke.DirectMethodHandle$Holder.invokeStatic(java.lang.Object, int, java.lang.Object)'> (0x00000000eb0e06d0) 
thrown [s\src\hotspot\share\interpreter\linkResolver.cpp, line 759]
Event: 7.395 Thread 0x0000021435c05880 Exception <a 'java/lang/ArrayIndexOutOfBoundsException'{0x00000000eb777dc0}: Index 6923 out of bounds for length 6923> (0x00000000eb777dc0) 
thrown [s\src\hotspot\share\interpreter\interpreterRuntime.cpp, line 428]
Event: 7.828 Thread 0x0000021438ba2690 Exception <a 'java/lang/NoSuchMethodError'{0x00000000ebafd838}: 'int java.lang.invoke.DirectMethodHandle$Holder.invokeSpecialIFC(java.lang.Object, java.lang.Object, java.lang.Object)'> (0x00000000ebafd838) 
thrown [s\src\hotspot\share\interpreter\linkResolver.cpp, line 759]

VM Operations (20 events):
Event: 7.756 Executing VM operation: HandshakeAllThreads
Event: 7.756 Executing VM operation: HandshakeAllThreads done
Event: 7.779 Executing VM operation: HandshakeAllThreads
Event: 7.779 Executing VM operation: HandshakeAllThreads done
Event: 7.779 Executing VM operation: HandshakeAllThreads
Event: 7.779 Executing VM operation: HandshakeAllThreads done
Event: 7.799 Executing VM operation: HandshakeAllThreads
Event: 7.799 Executing VM operation: HandshakeAllThreads done
Event: 7.826 Executing VM operation: HandshakeAllThreads
Event: 7.826 Executing VM operation: HandshakeAllThreads done
Event: 7.864 Executing VM operation: ParallelGCFailedAllocation
Event: 7.867 Executing VM operation: ParallelGCFailedAllocation done
Event: 8.025 Executing VM operation: ParallelGCFailedAllocation
Event: 8.027 Executing VM operation: ParallelGCFailedAllocation done
Event: 8.118 Executing VM operation: ParallelGCFailedAllocation
Event: 8.119 Executing VM operation: ParallelGCFailedAllocation done
Event: 8.168 Executing VM operation: HandshakeAllThreads
Event: 8.168 Executing VM operation: HandshakeAllThreads done
Event: 8.169 Executing VM operation: HandshakeAllThreads
Event: 8.169 Executing VM operation: HandshakeAllThreads done

Events (20 events):
Event: 7.833 Thread 0x00000214333b2f50 flushing nmethod 0x000002142127ad90
Event: 7.833 Thread 0x00000214333b2f50 flushing nmethod 0x0000021421282690
Event: 7.833 Thread 0x00000214333b2f50 flushing nmethod 0x0000021421284b90
Event: 7.833 Thread 0x00000214333b2f50 flushing nmethod 0x0000021421289810
Event: 7.833 Thread 0x00000214333b2f50 flushing nmethod 0x00000214212b0290
Event: 7.833 Thread 0x00000214333b2f50 flushing nmethod 0x00000214212bb190
Event: 7.833 Thread 0x00000214333b2f50 flushing nmethod 0x00000214212bcc10
Event: 7.833 Thread 0x00000214333b2f50 flushing nmethod 0x00000214212cc210
Event: 7.833 Thread 0x00000214333b2f50 flushing nmethod 0x00000214212d1f10
Event: 7.833 Thread 0x00000214333b2f50 flushing nmethod 0x00000214212f8390
Event: 7.834 Thread 0x00000214333b2f50 flushing nmethod 0x0000021421329a90
Event: 7.834 Thread 0x00000214333b2f50 flushing nmethod 0x0000021421329f90
Event: 7.834 Thread 0x00000214333b2f50 flushing nmethod 0x000002142133e110
Event: 7.834 Thread 0x00000214333b2f50 flushing nmethod 0x000002142135f810
Event: 7.834 Thread 0x00000214333b2f50 flushing nmethod 0x00000214213ab610
Event: 7.834 Thread 0x00000214333b2f50 flushing nmethod 0x00000214213baa90
Event: 7.834 Thread 0x00000214333b2f50 flushing nmethod 0x00000214213bb010
Event: 7.834 Thread 0x00000214333b2f50 flushing nmethod 0x00000214213e7710
Event: 7.834 Thread 0x00000214333b2f50 flushing nmethod 0x000002142142e010
Event: 8.196 loading class java/util/logging/LogRecord


Dynamic libraries:
0x00007ff7a2ee0000 - 0x00007ff7a2eee000 	c:\Users\dell\.vscode\extensions\redhat.java-1.12.0-win32-x64\jre\17.0.4.1-win32-x86_64\bin\java.exe
0x00007fff330a0000 - 0x00007fff332a9000 	C:\WINDOWS\SYSTEM32\ntdll.dll
0x00007fff31d90000 - 0x00007fff31e4d000 	C:\WINDOWS\System32\KERNEL32.DLL
0x00007fff30ba0000 - 0x00007fff30f1b000 	C:\WINDOWS\System32\KERNELBASE.dll
0x00007fff305e0000 - 0x00007fff306f1000 	C:\WINDOWS\System32\ucrtbase.dll
0x00007fff25960000 - 0x00007fff25978000 	c:\Users\dell\.vscode\extensions\redhat.java-1.12.0-win32-x64\jre\17.0.4.1-win32-x86_64\bin\jli.dll
0x00007fff26fb0000 - 0x00007fff26fc9000 	c:\Users\dell\.vscode\extensions\redhat.java-1.12.0-win32-x64\jre\17.0.4.1-win32-x86_64\bin\VCRUNTIME140.dll
0x00007fff31aa0000 - 0x00007fff31c4d000 	C:\WINDOWS\System32\USER32.dll
0x00007fff1a560000 - 0x00007fff1a805000 	C:\WINDOWS\WinSxS\amd64_microsoft.windows.common-controls_6595b64144ccf1df_6.0.22000.120_none_9d947278b86cc467\COMCTL32.dll
0x00007fff308c0000 - 0x00007fff308e6000 	C:\WINDOWS\System32\win32u.dll
0x00007fff32ab0000 - 0x00007fff32b53000 	C:\WINDOWS\System32\msvcrt.dll
0x00007fff31a70000 - 0x00007fff31a99000 	C:\WINDOWS\System32\GDI32.dll
0x00007fff307a0000 - 0x00007fff308b8000 	C:\WINDOWS\System32\gdi32full.dll
0x00007fff30700000 - 0x00007fff3079d000 	C:\WINDOWS\System32\msvcp_win.dll
0x00007fff323b0000 - 0x00007fff323e1000 	C:\WINDOWS\System32\IMM32.DLL
0x00007fff28420000 - 0x00007fff2842c000 	c:\Users\dell\.vscode\extensions\redhat.java-1.12.0-win32-x64\jre\17.0.4.1-win32-x86_64\bin\vcruntime140_1.dll
0x00007fff032c0000 - 0x00007fff03351000 	c:\Users\dell\.vscode\extensions\redhat.java-1.12.0-win32-x64\jre\17.0.4.1-win32-x86_64\bin\msvcp140.dll
0x00007ffedfce0000 - 0x00007ffee0926000 	c:\Users\dell\.vscode\extensions\redhat.java-1.12.0-win32-x64\jre\17.0.4.1-win32-x86_64\bin\server\jvm.dll
0x00007fff32b60000 - 0x00007fff32c0e000 	C:\WINDOWS\System32\ADVAPI32.dll
0x00007fff32710000 - 0x00007fff327ae000 	C:\WINDOWS\System32\sechost.dll
0x00007fff325f0000 - 0x00007fff32710000 	C:\WINDOWS\System32\RPCRT4.dll
0x00007fff31cc0000 - 0x00007fff31cc8000 	C:\WINDOWS\System32\PSAPI.DLL
0x00007fff1ea10000 - 0x00007fff1ea19000 	C:\WINDOWS\SYSTEM32\WSOCK32.dll
0x00007fff27ca0000 - 0x00007fff27cd3000 	C:\WINDOWS\SYSTEM32\WINMM.dll
0x00007fff32cb0000 - 0x00007fff32d1f000 	C:\WINDOWS\System32\WS2_32.dll
0x00007fff269c0000 - 0x00007fff269ca000 	C:\WINDOWS\SYSTEM32\VERSION.dll
0x00007fff2f6a0000 - 0x00007fff2f6b8000 	C:\WINDOWS\SYSTEM32\kernel.appcore.dll
0x00007fff283b0000 - 0x00007fff283ba000 	c:\Users\dell\.vscode\extensions\redhat.java-1.12.0-win32-x64\jre\17.0.4.1-win32-x86_64\bin\jimage.dll
0x00007fff2e130000 - 0x00007fff2e351000 	C:\WINDOWS\SYSTEM32\DBGHELP.DLL
0x00007fff24800000 - 0x00007fff24831000 	C:\WINDOWS\SYSTEM32\dbgcore.DLL
0x00007fff30a60000 - 0x00007fff30adf000 	C:\WINDOWS\System32\bcryptPrimitives.dll
0x00007fff28350000 - 0x00007fff2835e000 	c:\Users\dell\.vscode\extensions\redhat.java-1.12.0-win32-x64\jre\17.0.4.1-win32-x86_64\bin\instrument.dll
0x00007fff25930000 - 0x00007fff25955000 	c:\Users\dell\.vscode\extensions\redhat.java-1.12.0-win32-x64\jre\17.0.4.1-win32-x86_64\bin\java.dll
0x00007fff25320000 - 0x00007fff25338000 	c:\Users\dell\.vscode\extensions\redhat.java-1.12.0-win32-x64\jre\17.0.4.1-win32-x86_64\bin\zip.dll
0x00007fff312b0000 - 0x00007fff31a68000 	C:\WINDOWS\System32\SHELL32.dll
0x00007fff2e4d0000 - 0x00007fff2ed35000 	C:\WINDOWS\SYSTEM32\windows.storage.dll
0x00007fff30f20000 - 0x00007fff31297000 	C:\WINDOWS\System32\combase.dll
0x00007fff2e360000 - 0x00007fff2e4c6000 	C:\WINDOWS\SYSTEM32\wintypes.dll
0x00007fff327b0000 - 0x00007fff3289a000 	C:\WINDOWS\System32\SHCORE.dll
0x00007fff31e60000 - 0x00007fff31ebd000 	C:\WINDOWS\System32\shlwapi.dll
0x00007fff304a0000 - 0x00007fff304c1000 	C:\WINDOWS\SYSTEM32\profapi.dll
0x00007fff258e0000 - 0x00007fff258f9000 	C:\Users\dell\.vscode\extensions\redhat.java-1.12.0-win32-x64\jre\17.0.4.1-win32-x86_64\bin\net.dll
0x00007fff286a0000 - 0x00007fff287ac000 	C:\WINDOWS\SYSTEM32\WINHTTP.dll
0x00007fff2fb60000 - 0x00007fff2fbc7000 	C:\WINDOWS\system32\mswsock.dll
0x00007fff253d0000 - 0x00007fff253e5000 	C:\Users\dell\.vscode\extensions\redhat.java-1.12.0-win32-x64\jre\17.0.4.1-win32-x86_64\bin\nio.dll
0x00007fff27d00000 - 0x00007fff27d10000 	c:\Users\dell\.vscode\extensions\redhat.java-1.12.0-win32-x64\jre\17.0.4.1-win32-x86_64\bin\verify.dll
0x00007fff19540000 - 0x00007fff1957e000 	C:\Users\dell\AppData\Roaming\Code\User\globalStorage\redhat.java\1.12.0\config_ss_win\org.eclipse.equinox.launcher\org.eclipse.equinox.launcher.win32.win32.x86_64_1.2.600.v20220720-1916\eclipse_11700.dll
0x00007fff32450000 - 0x00007fff325ea000 	C:\WINDOWS\System32\ole32.dll
0x00007fff2fdc0000 - 0x00007fff2fdd8000 	C:\WINDOWS\SYSTEM32\CRYPTSP.dll
0x00007fff2f600000 - 0x00007fff2f635000 	C:\WINDOWS\system32\rsaenh.dll
0x00007fff2fc70000 - 0x00007fff2fc99000 	C:\WINDOWS\SYSTEM32\USERENV.dll
0x00007fff2ff50000 - 0x00007fff2ff77000 	C:\WINDOWS\SYSTEM32\bcrypt.dll
0x00007fff2fde0000 - 0x00007fff2fdec000 	C:\WINDOWS\SYSTEM32\CRYPTBASE.dll
0x00007fff2f1c0000 - 0x00007fff2f1ed000 	C:\WINDOWS\SYSTEM32\IPHLPAPI.DLL
0x00007fff31e50000 - 0x00007fff31e59000 	C:\WINDOWS\System32\NSI.dll
0x00007fff28660000 - 0x00007fff28679000 	C:\WINDOWS\SYSTEM32\dhcpcsvc6.DLL
0x00007fff28890000 - 0x00007fff288ae000 	C:\WINDOWS\SYSTEM32\dhcpcsvc.DLL
0x00007fff2f1f0000 - 0x00007fff2f2d8000 	C:\WINDOWS\SYSTEM32\DNSAPI.dll
0x00007fff150e0000 - 0x00007fff15120000 	C:\Users\dell\AppData\Local\Temp\jna-3079617\jna5090248458977699187.dll

dbghelp: loaded successfully - version: 4.0.5 - missing functions: none
symbol engine: initialized successfully - sym options: 0x614 - pdb path: .;c:\Users\dell\.vscode\extensions\redhat.java-1.12.0-win32-x64\jre\17.0.4.1-win32-x86_64\bin;C:\WINDOWS\SYSTEM32;C:\WINDOWS\WinSxS\amd64_microsoft.windows.common-controls_6595b64144ccf1df_6.0.22000.120_none_9d947278b86cc467;c:\Users\dell\.vscode\extensions\redhat.java-1.12.0-win32-x64\jre\17.0.4.1-win32-x86_64\bin\server;C:\Users\dell\AppData\Roaming\Code\User\globalStorage\redhat.java\1.12.0\config_ss_win\org.eclipse.equinox.launcher\org.eclipse.equinox.launcher.win32.win32.x86_64_1.2.600.v20220720-1916;C:\Users\dell\AppData\Local\Temp\jna-3079617

VM Arguments:
jvm_args: --add-modules=ALL-SYSTEM --add-opens=java.base/java.util=ALL-UNNAMED --add-opens=java.base/java.lang=ALL-UNNAMED --add-opens=java.base/sun.nio.fs=ALL-UNNAMED -Declipse.application=org.eclipse.jdt.ls.core.id1 -Dosgi.bundles.defaultStartLevel=4 -Declipse.product=org.eclipse.jdt.ls.core.product -Djava.import.generatesMetadataFilesAtProjectRoot=false -Dfile.encoding=utf8 -XX:+UseParallelGC -XX:GCTimeRatio=4 -XX:AdaptiveSizePolicyWeight=90 -Dsun.zip.disableMemoryMapping=true -Xmx1G -Xms100m -Xlog:disable -javaagent:c:\Users\dell\.vscode\extensions\redhat.java-1.12.0-win32-x64\lombok\lombok-1.18.24.jar 
java_command: c:\Users\dell\.vscode\extensions\redhat.java-1.12.0-win32-x64\server\plugins\org.eclipse.equinox.launcher_1.6.400.v20210924-0641.jar -configuration c:\Users\dell\AppData\Roaming\Code\User\globalStorage\redhat.java\1.12.0\config_ss_win -data c:\Users\dell\AppData\Roaming\Code\User\workspaceStorage\7dacab551bd5d13f21454db8a7b4094e\redhat.java\ss_ws
java_class_path (initial): c:\Users\dell\.vscode\extensions\redhat.java-1.12.0-win32-x64\server\plugins\org.eclipse.equinox.launcher_1.6.400.v20210924-0641.jar
Launcher Type: SUN_STANDARD

[Global flags]
    uintx AdaptiveSizePolicyWeight                 = 90                                        {product} {command line}
     intx CICompilerCount                          = 4                                         {product} {ergonomic}
    uintx GCTimeRatio                              = 4                                         {product} {command line}
   size_t InitialHeapSize                          = 104857600                                 {product} {command line}
   size_t MaxHeapSize                              = 1073741824                                {product} {command line}
   size_t MaxNewSize                               = 357564416                                 {product} {ergonomic}
   size_t MinHeapDeltaBytes                        = 524288                                    {product} {ergonomic}
   size_t MinHeapSize                              = 104857600                                 {product} {command line}
   size_t NewSize                                  = 34603008                                  {product} {ergonomic}
    uintx NonNMethodCodeHeapSize                   = 5839372                                {pd product} {ergonomic}
    uintx NonProfiledCodeHeapSize                  = 122909434                              {pd product} {ergonomic}
   size_t OldSize                                  = 70254592                                  {product} {ergonomic}
    uintx ProfiledCodeHeapSize                     = 122909434                              {pd product} {ergonomic}
    uintx ReservedCodeCacheSize                    = 251658240                              {pd product} {ergonomic}
     bool SegmentedCodeCache                       = true                                      {product} {ergonomic}
   size_t SoftMaxHeapSize                          = 1073741824                             {manageable} {ergonomic}
     bool UseCompressedClassPointers               = true                           {product lp64_product} {ergonomic}
     bool UseCompressedOops                        = true                           {product lp64_product} {ergonomic}
     bool UseLargePagesIndividualAllocation        = false                                  {pd product} {ergonomic}
     bool UseParallelGC                            = true                                      {product} {command line}

Logging:
Log output configuration:
 #0: stdout all=off uptime,level,tags
 #1: stderr all=off uptime,level,tags

Environment Variables:
JAVA_HOME=C:\Program Files\Java\jdk-16.0.2
PATH=C:\Program Files (x86)\Google\Chrome\Application;C:\Program Files\Common Files\Oracle\Java\javapath;C:\Program Files\Java\jdk-16.0.2C:\Program Files\Java\jdk-16.0.2\bin;D:\bin;C:\WINDOWS\system32;C:\WINDOWS;C:\WINDOWS\System32\Wbem;C:\WINDOWS\System32\WindowsPowerShell\v1.0\;C:\WINDOWS\System32\OpenSSH\;C:\Program Files\dotnet\;C:\Program Files\PuTTY\;D:\Git\cmd;C:\Users\dell\AppData\Local\Programs\Python\Python310\Scripts\;C:\Users\dell\AppData\Local\Programs\Python\Python310\;C:\Users\dell\AppData\Local\Programs\Python\Python37\Scripts\;C:\Users\dell\AppData\Local\Programs\Python\Python37\;C:\Users\dell\AppData\Local\Programs\Python\Python37-32\Scripts\;C:\Users\dell\AppData\Local\Programs\Python\Python37-32\;C:\Users\dell\AppData\Local\Microsoft\WindowsApps;C:\Program Files\Bandizip\;C:\ProgramData\dell\GitHubDesktop\bin;C:\Users\dell\AppData\Local\GitHubDesktop\bin;F:\Microsoft VS Code\bin;C:\ProgramData\Dell\GitHubDesktop\bin
USERNAME=dell
OS=Windows_NT
PROCESSOR_IDENTIFIER=Intel64 Family 6 Model 158 Stepping 10, GenuineIntel
TMP=C:\Users\dell\AppData\Local\Temp
TEMP=C:\Users\dell\AppData\Local\Temp



---------------  S Y S T E M  ---------------

OS:
 Windows 11 , 64 bit Build 22000 (10.0.22000.708)
OS uptime: 23 days 13:50 hours
Hyper-V role detected

CPU: total 12 (initial active 12) (6 cores per cpu, 2 threads per core) family 6 model 158 stepping 10 microcode 0xf0, cx8, cmov, fxsr, ht, mmx, 3dnowpref, sse, sse2, sse3, ssse3, sse4.1, sse4.2, popcnt, lzcnt, tsc, tscinvbit, avx, avx2, aes, erms, clmul, bmi1, bmi2, adx, fma, vzeroupper, clflush, clflushopt, hv

Memory: 4k page, system-wide physical 16163M (3036M free)
TotalPageFile size 29231M (AvailPageFile size 5M)
current process WorkingSet (physical memory assigned to process): 238M, peak: 238M
current process commit charge ("private bytes"): 326M, peak: 329M

vm_info: OpenJDK 64-Bit Server VM (17.0.4.1+1) for windows-amd64 JRE (17.0.4.1+1), built on Aug 17 2022 07:42:43 by "temurin" with MS VC++ 16.7 (VS2019)

END.
