#
# There is insufficient memory for the Java Runtime Environment to continue.
# Native memory allocation (malloc) failed to allocate 1740496 bytes for Chunk::new
# Possible reasons:
#   The system is out of physical RAM or swap space
#   The process is running with CompressedOops enabled, and the Java Heap may be blocking the growth of the native heap
# Possible solutions:
#   Reduce memory load on the system
#   Increase physical memory or swap space
#   Check if swap backing store is full
#   Decrease Java heap size (-Xmx/-Xms)
#   Decrease number of Java threads
#   Decrease Java thread stack sizes (-Xss)
#   Set larger code cache with -XX:ReservedCodeCacheSize=
#   JVM is running with Unscaled Compressed Oops mode in which the Java heap is
#     placed in the first 4GB address space. The Java Heap base address is the
#     maximum limit for the native heap growth. Please use -XX:HeapBaseMinAddress
#     to set the Java Heap base and to place the Java Heap above 4GB virtual address.
# This output file may be truncated or incomplete.
#
#  Out of Memory Error (arena.cpp:189), pid=33916, tid=3236
#
# JRE version: OpenJDK Runtime Environment Temurin-17.0.4.1+1 (17.0.4.1+1) (build 17.0.4.1+1)
# Java VM: OpenJDK 64-Bit Server VM Temurin-17.0.4.1+1 (17.0.4.1+1, mixed mode, tiered, compressed oops, compressed class ptrs, parallel gc, windows-amd64)
# No core dump will be written. Minidumps are not enabled by default on client versions of Windows
#

---------------  S U M M A R Y ------------

Command Line: --add-modules=ALL-SYSTEM --add-opens=java.base/java.util=ALL-UNNAMED --add-opens=java.base/java.lang=ALL-UNNAMED --add-opens=java.base/sun.nio.fs=ALL-UNNAMED -Declipse.application=org.eclipse.jdt.ls.core.id1 -Dosgi.bundles.defaultStartLevel=4 -Declipse.product=org.eclipse.jdt.ls.core.product -Djava.import.generatesMetadataFilesAtProjectRoot=false -Dfile.encoding=utf8 -XX:+UseParallelGC -XX:GCTimeRatio=4 -XX:AdaptiveSizePolicyWeight=90 -Dsun.zip.disableMemoryMapping=true -Xmx1G -Xms100m -Xlog:disable -javaagent:c:\Users\dell\.vscode\extensions\redhat.java-1.12.0-win32-x64\lombok\lombok-1.18.24.jar c:\Users\dell\.vscode\extensions\redhat.java-1.12.0-win32-x64\server\plugins\org.eclipse.equinox.launcher_1.6.400.v20210924-0641.jar -configuration c:\Users\dell\AppData\Roaming\Code\User\globalStorage\redhat.java\1.12.0\config_ss_win -data c:\Users\dell\AppData\Roaming\Code\User\workspaceStorage\7dacab551bd5d13f21454db8a7b4094e\redhat.java\ss_ws

Host: Intel(R) Core(TM) i7-9750H CPU @ 2.60GHz, 12 cores, 15G,  Windows 11 , 64 bit Build 22000 (10.0.22000.708)
Time: Sat Nov  5 19:07:40 2022  Windows 11 , 64 bit Build 22000 (10.0.22000.708) elapsed time: 9.815645 seconds (0d 0h 0m 9s)

---------------  T H R E A D  ---------------

Current thread (0x00000187785d4af0):  JavaThread "C2 CompilerThread0" daemon [_thread_in_native, id=3236, stack(0x0000001d3d700000,0x0000001d3d800000)]


Current CompileTask:
C2:   9815 3713 %     4       org.objectweb.asm.ClassReader::readCode @ 2036 (5109 bytes)

Stack: [0x0000001d3d700000,0x0000001d3d800000]
Native frames: (J=compiled Java code, j=interpreted, Vv=VM code, C=native code)
V  [jvm.dll+0x67731a]
V  [jvm.dll+0x832284]
V  [jvm.dll+0x833a2e]
V  [jvm.dll+0x834093]
V  [jvm.dll+0x245775]
V  [jvm.dll+0xabd7b]
V  [jvm.dll+0xac30c]
V  [jvm.dll+0x363a42]
V  [jvm.dll+0x32e011]
V  [jvm.dll+0x32d4ba]
V  [jvm.dll+0x218681]
V  [jvm.dll+0x217aa1]
V  [jvm.dll+0x1a3f8d]
V  [jvm.dll+0x227498]
V  [jvm.dll+0x2255e5]
V  [jvm.dll+0x7e7e9b]
V  [jvm.dll+0x7e240a]
V  [jvm.dll+0x6761a5]
C  [ucrtbase.dll+0x26c0c]
C  [KERNEL32.DLL+0x154e0]
C  [ntdll.dll+0x485b]


---------------  P R O C E S S  ---------------

Threads class SMR info:
_java_thread_list=0x000001877cda25c0, length=24, elements={
0x000001876fa243e0, 0x0000018776804550, 0x00000187768089c0, 0x000001877858ffa0,
0x0000018778590860, 0x0000018778591320, 0x0000018778593ce0, 0x00000187785d4af0,
0x00000187785fab70, 0x0000018778608150, 0x000001876fae1fb0, 0x0000018778872ec0,
0x000001877ad56540, 0x0000018779d55800, 0x000001877ae2ec50, 0x000001877ae39580,
0x00000187785b4ea0, 0x0000018779f23830, 0x0000018779d5f4b0, 0x00000187798b89f0,
0x00000187798b76b0, 0x00000187798b6370, 0x00000187798b5ea0, 0x00000187798b5500
}

Java Threads: ( => current thread )
  0x000001876fa243e0 JavaThread "main" [_thread_blocked, id=30484, stack(0x0000001d3ce00000,0x0000001d3cf00000)]
  0x0000018776804550 JavaThread "Reference Handler" daemon [_thread_blocked, id=2476, stack(0x0000001d3d100000,0x0000001d3d200000)]
  0x00000187768089c0 JavaThread "Finalizer" daemon [_thread_blocked, id=45016, stack(0x0000001d3d200000,0x0000001d3d300000)]
  0x000001877858ffa0 JavaThread "Signal Dispatcher" daemon [_thread_blocked, id=48012, stack(0x0000001d3d300000,0x0000001d3d400000)]
  0x0000018778590860 JavaThread "Attach Listener" daemon [_thread_blocked, id=38252, stack(0x0000001d3d400000,0x0000001d3d500000)]
  0x0000018778591320 JavaThread "Service Thread" daemon [_thread_blocked, id=13988, stack(0x0000001d3d500000,0x0000001d3d600000)]
  0x0000018778593ce0 JavaThread "Monitor Deflation Thread" daemon [_thread_blocked, id=44848, stack(0x0000001d3d600000,0x0000001d3d700000)]
=>0x00000187785d4af0 JavaThread "C2 CompilerThread0" daemon [_thread_in_native, id=3236, stack(0x0000001d3d700000,0x0000001d3d800000)]
  0x00000187785fab70 JavaThread "C1 CompilerThread0" daemon [_thread_blocked, id=40096, stack(0x0000001d3d800000,0x0000001d3d900000)]
  0x0000018778608150 JavaThread "Sweeper thread" daemon [_thread_blocked, id=40108, stack(0x0000001d3d900000,0x0000001d3da00000)]
  0x000001876fae1fb0 JavaThread "Common-Cleaner" daemon [_thread_blocked, id=32388, stack(0x0000001d3da00000,0x0000001d3db00000)]
  0x0000018778872ec0 JavaThread "Notification Thread" daemon [_thread_blocked, id=30224, stack(0x0000001d3db00000,0x0000001d3dc00000)]
  0x000001877ad56540 JavaThread "Active Thread: Equinox Container: 9cd2b2c7-d400-49de-93fc-98897bb495cb" [_thread_blocked, id=40612, stack(0x0000001d3e400000,0x0000001d3e500000)]
  0x0000018779d55800 JavaThread "Framework Event Dispatcher: Equinox Container: 9cd2b2c7-d400-49de-93fc-98897bb495cb" daemon [_thread_blocked, id=28656, stack(0x0000001d3e300000,0x0000001d3e400000)]
  0x000001877ae2ec50 JavaThread "Start Level: Equinox Container: 9cd2b2c7-d400-49de-93fc-98897bb495cb" daemon [_thread_blocked, id=47508, stack(0x0000001d3e500000,0x0000001d3e600000)]
  0x000001877ae39580 JavaThread "SCR Component Actor" daemon [_thread_blocked, id=5732, stack(0x0000001d3e600000,0x0000001d3e700000)]
  0x00000187785b4ea0 JavaThread "SCR Component Registry" daemon [_thread_blocked, id=40696, stack(0x0000001d3e800000,0x0000001d3e900000)]
  0x0000018779f23830 JavaThread "Worker-JM" [_thread_blocked, id=6836, stack(0x0000001d3ea00000,0x0000001d3eb00000)]
  0x0000018779d5f4b0 JavaThread "Worker-0" [_thread_blocked, id=29132, stack(0x0000001d3ed00000,0x0000001d3ee00000)]
  0x00000187798b89f0 JavaThread "Worker-1" [_thread_blocked, id=28832, stack(0x0000001d3ee00000,0x0000001d3ef00000)]
  0x00000187798b76b0 JavaThread "JNA Cleaner" daemon [_thread_blocked, id=42860, stack(0x0000001d3ef00000,0x0000001d3f000000)]
  0x00000187798b6370 JavaThread "pool-2-thread-1" [_thread_blocked, id=17376, stack(0x0000001d3f000000,0x0000001d3f100000)]
  0x00000187798b5ea0 JavaThread "pool-1-thread-1" [_thread_in_native, id=47800, stack(0x0000001d3f100000,0x0000001d3f200000)]
  0x00000187798b5500 JavaThread "Worker-2" [_thread_blocked, id=16536, stack(0x0000001d3e900000,0x0000001d3ea00000)]

Other Threads:
  0x000001877669aff0 VMThread "VM Thread" [stack: 0x0000001d3d000000,0x0000001d3d100000] [id=31724]
  0x00000187798787c0 WatcherThread [stack: 0x0000001d3dc00000,0x0000001d3dd00000] [id=26180]
  0x000001876fa39610 GCTaskThread "GC Thread#0" [stack: 0x0000001d3cf00000,0x0000001d3d000000] [id=41724]
  0x0000018779f32c90 GCTaskThread "GC Thread#1" [stack: 0x0000001d3dd00000,0x0000001d3de00000] [id=29996]
  0x000001877891bdd0 GCTaskThread "GC Thread#2" [stack: 0x0000001d3de00000,0x0000001d3df00000] [id=45036]
  0x000001877891c080 GCTaskThread "GC Thread#3" [stack: 0x0000001d3df00000,0x0000001d3e000000] [id=45640]
  0x0000018779ae4d10 GCTaskThread "GC Thread#4" [stack: 0x0000001d3e000000,0x0000001d3e100000] [id=34956]
  0x0000018779ae4fc0 GCTaskThread "GC Thread#5" [stack: 0x0000001d3e100000,0x0000001d3e200000] [id=18048]
  0x0000018779ae5270 GCTaskThread "GC Thread#6" [stack: 0x0000001d3e200000,0x0000001d3e300000] [id=10984]
  0x000001877ad72fd0 GCTaskThread "GC Thread#7" [stack: 0x0000001d3e700000,0x0000001d3e800000] [id=43620]
  0x0000018779edd120 GCTaskThread "GC Thread#8" [stack: 0x0000001d3eb00000,0x0000001d3ec00000] [id=43896]
  0x0000018779edd3d0 GCTaskThread "GC Thread#9" [stack: 0x0000001d3ec00000,0x0000001d3ed00000] [id=47520]

Threads with active compile tasks:
C2 CompilerThread0     9853 3713 %     4       org.objectweb.asm.ClassReader::readCode @ 2036 (5109 bytes)

VM state: not at safepoint (normal execution)

VM Mutex/Monitor currently owned by a thread: None

Heap address: 0x00000000c0000000, size: 1024 MB, Compressed Oops mode: 32-bit

CDS archive(s) not mapped
Compressed class space mapped at: 0x0000000100000000-0x0000000140000000, reserved size: 1073741824
Narrow klass base: 0x0000000000000000, Narrow klass shift: 3, Narrow klass range: 0x140000000

GC Precious Log:
 CPUs: 12 total, 12 available
 Memory: 16163M
 Large Page Support: Disabled
 NUMA Support: Disabled
 Compressed Oops: Enabled (32-bit)
 Alignments: Space 512K, Generation 512K, Heap 2M
 Heap Min Capacity: 100M
 Heap Initial Capacity: 100M
 Heap Max Capacity: 1G
 Pre-touch: Disabled
 Parallel Workers: 10

Heap:
 PSYoungGen      total 24064K, used 14600K [0x00000000eab00000, 0x00000000ec480000, 0x0000000100000000)
  eden space 22016K, 63% used [0x00000000eab00000,0x00000000eb8badc0,0x00000000ec080000)
  from space 2048K, 26% used [0x00000000ec180000,0x00000000ec207288,0x00000000ec380000)
  to   space 1024K, 0% used [0x00000000ec380000,0x00000000ec380000,0x00000000ec480000)
 ParOldGen       total 68608K, used 23889K [0x00000000c0000000, 0x00000000c4300000, 0x00000000eab00000)
  object space 68608K, 34% used [0x00000000c0000000,0x00000000c1754750,0x00000000c4300000)
 Metaspace       used 38701K, committed 39296K, reserved 1089536K
  class space    used 3960K, committed 4224K, reserved 1048576K

Card table byte_map: [0x0000018774080000,0x0000018774290000] _byte_map_base: 0x0000018773a80000

Marking Bits: (ParMarkBitMap*) 0x00007ffeb1352cc0
 Begin Bits: [0x00000187743f0000, 0x00000187753f0000)
 End Bits:   [0x00000187753f0000, 0x00000187763f0000)

Polling page: 0x000001876fb00000

Metaspace:

Usage:
  Non-class:     33.93 MB used.
      Class:      3.87 MB used.
       Both:     37.79 MB used.

Virtual space:
  Non-class space:       40.00 MB reserved,      34.25 MB ( 86%) committed,  5 nodes.
      Class space:        1.00 GB reserved,       4.12 MB ( <1%) committed,  1 nodes.
             Both:        1.04 GB reserved,      38.38 MB (  4%) committed. 

Chunk freelists:
   Non-Class:  896.00 KB
       Class:  3.88 MB
        Both:  4.76 MB

MaxMetaspaceSize: unlimited
CompressedClassSpaceSize: 1.00 GB
Initial GC threshold: 21.00 MB
Current GC threshold: 58.38 MB
CDS: off
MetaspaceReclaimPolicy: balanced
 - commit_granule_bytes: 65536.
 - commit_granule_words: 8192.
 - virtual_space_node_default_size: 1048576.
 - enlarge_chunks_in_place: 1.
 - new_chunks_are_fully_committed: 0.
 - uncommit_free_chunks: 1.
 - use_allocation_guard: 0.
 - handle_deallocations: 1.


Internal statistics:

num_allocs_failed_limit: 6.
num_arena_births: 268.
num_arena_deaths: 14.
num_vsnodes_births: 6.
num_vsnodes_deaths: 0.
num_space_committed: 614.
num_space_uncommitted: 0.
num_chunks_returned_to_freelist: 20.
num_chunks_taken_from_freelist: 1438.
num_chunk_merges: 7.
num_chunk_splits: 982.
num_chunks_enlarged: 713.
num_purges: 2.
num_inconsistent_stats: 0.

CodeHeap 'non-profiled nmethods': size=120000Kb used=1610Kb max_used=1610Kb free=118389Kb
 bounds [0x0000018707ad0000, 0x0000018707d40000, 0x000001870f000000]
CodeHeap 'profiled nmethods': size=120000Kb used=7710Kb max_used=7710Kb free=112289Kb
 bounds [0x00000187005a0000, 0x0000018700d30000, 0x0000018707ad0000]
CodeHeap 'non-nmethods': size=5760Kb used=1267Kb max_used=1310Kb free=4492Kb
 bounds [0x0000018700000000, 0x0000018700270000, 0x00000187005a0000]
 total_blobs=4293 nmethods=3706 adapters=500
 compilation: enabled
              stopped_count=0, restarted_count=0
 full_count=0

Compilation events (20 events):
Event: 9.762 Thread 0x00000187785fab70 3752       3       java.io.File::getCanonicalFile (38 bytes)
Event: 9.762 Thread 0x00000187785fab70 nmethod 3752 0x0000018700d1fb90 code [0x0000018700d1fda0, 0x0000018700d20338]
Event: 9.763 Thread 0x00000187785fab70 3753   !   3       java.io.File::toURI (71 bytes)
Event: 9.764 Thread 0x00000187785fab70 nmethod 3753 0x0000018700d20590 code [0x0000018700d20860, 0x0000018700d21568]
Event: 9.764 Thread 0x00000187785fab70 3754       3       java.net.URL::toString (5 bytes)
Event: 9.764 Thread 0x00000187785fab70 nmethod 3754 0x0000018700d21b90 code [0x0000018700d21d40, 0x0000018700d21f68]
Event: 9.767 Thread 0x00000187785fab70 3755       3       java.io.File::canRead (34 bytes)
Event: 9.767 Thread 0x00000187785fab70 nmethod 3755 0x0000018700d22090 code [0x0000018700d22280, 0x0000018700d22688]
Event: 9.772 Thread 0x00000187785fab70 3756   !   3       jdk.internal.loader.BuiltinClassLoader::findResource (72 bytes)
Event: 9.773 Thread 0x00000187785fab70 nmethod 3756 0x0000018700d22810 code [0x0000018700d22a60, 0x0000018700d233d8]
Event: 9.775 Thread 0x00000187785fab70 3757       1       java.net.URI::getRawPath (5 bytes)
Event: 9.775 Thread 0x00000187785fab70 nmethod 3757 0x0000018707c62290 code [0x0000018707c62420, 0x0000018707c624f8]
Event: 9.775 Thread 0x00000187785fab70 3758       1       java.net.URI::getPort (5 bytes)
Event: 9.776 Thread 0x00000187785fab70 nmethod 3758 0x0000018707c62590 code [0x0000018707c62720, 0x0000018707c627f8]
Event: 9.788 Thread 0x00000187785fab70 3759       3       org.eclipse.osgi.internal.loader.BundleLoader::getResourcePackageName (57 bytes)
Event: 9.789 Thread 0x00000187785fab70 nmethod 3759 0x0000018700d23710 code [0x0000018700d239a0, 0x0000018700d24538]
Event: 9.799 Thread 0x00000187785fab70 3760       3       jdk.internal.loader.BuiltinClassLoader::findResource (48 bytes)
Event: 9.799 Thread 0x00000187785fab70 nmethod 3760 0x0000018700d24990 code [0x0000018700d24b80, 0x0000018700d250b8]
Event: 9.809 Thread 0x00000187785fab70 3761       3       java.net.URI$Parser::parseHierarchical (178 bytes)
Event: 9.811 Thread 0x00000187785fab70 nmethod 3761 0x0000018700d25290 code [0x0000018700d25640, 0x0000018700d26c88]

GC Heap History (20 events):
Event: 7.832 GC heap before
{Heap before GC invocations=8 (full 1):
 PSYoungGen      total 26112K, used 26029K [0x00000000eab00000, 0x00000000ec780000, 0x0000000100000000)
  eden space 24576K, 100% used [0x00000000eab00000,0x00000000ec300000,0x00000000ec300000)
  from space 1536K, 94% used [0x00000000ec600000,0x00000000ec76b538,0x00000000ec780000)
  to   space 2048K, 0% used [0x00000000ec380000,0x00000000ec380000,0x00000000ec580000)
 ParOldGen       total 68608K, used 7128K [0x00000000c0000000, 0x00000000c4300000, 0x00000000eab00000)
  object space 68608K, 10% used [0x00000000c0000000,0x00000000c06f6140,0x00000000c4300000)
 Metaspace       used 31670K, committed 32192K, reserved 1081344K
  class space    used 3178K, committed 3392K, reserved 1048576K
}
Event: 7.834 GC heap after
{Heap after GC invocations=8 (full 1):
 PSYoungGen      total 26112K, used 2024K [0x00000000eab00000, 0x00000000ec880000, 0x0000000100000000)
  eden space 24064K, 0% used [0x00000000eab00000,0x00000000eab00000,0x00000000ec280000)
  from space 2048K, 98% used [0x00000000ec380000,0x00000000ec57a000,0x00000000ec580000)
  to   space 3072K, 0% used [0x00000000ec580000,0x00000000ec580000,0x00000000ec880000)
 ParOldGen       total 68608K, used 7567K [0x00000000c0000000, 0x00000000c4300000, 0x00000000eab00000)
  object space 68608K, 11% used [0x00000000c0000000,0x00000000c0763fc8,0x00000000c4300000)
 Metaspace       used 31670K, committed 32192K, reserved 1081344K
  class space    used 3178K, committed 3392K, reserved 1048576K
}
Event: 8.332 GC heap before
{Heap before GC invocations=9 (full 1):
 PSYoungGen      total 26112K, used 26088K [0x00000000eab00000, 0x00000000ec880000, 0x0000000100000000)
  eden space 24064K, 100% used [0x00000000eab00000,0x00000000ec280000,0x00000000ec280000)
  from space 2048K, 98% used [0x00000000ec380000,0x00000000ec57a000,0x00000000ec580000)
  to   space 3072K, 0% used [0x00000000ec580000,0x00000000ec580000,0x00000000ec880000)
 ParOldGen       total 68608K, used 7567K [0x00000000c0000000, 0x00000000c4300000, 0x00000000eab00000)
  object space 68608K, 11% used [0x00000000c0000000,0x00000000c0763fc8,0x00000000c4300000)
 Metaspace       used 34583K, committed 35200K, reserved 1081344K
  class space    used 3500K, committed 3776K, reserved 1048576K
}
Event: 8.334 GC heap after
{Heap after GC invocations=9 (full 1):
 PSYoungGen      total 26112K, used 3063K [0x00000000eab00000, 0x00000000eca00000, 0x0000000100000000)
  eden space 23040K, 0% used [0x00000000eab00000,0x00000000eab00000,0x00000000ec180000)
  from space 3072K, 99% used [0x00000000ec580000,0x00000000ec87dc40,0x00000000ec880000)
  to   space 4096K, 0% used [0x00000000ec180000,0x00000000ec180000,0x00000000ec580000)
 ParOldGen       total 68608K, used 8167K [0x00000000c0000000, 0x00000000c4300000, 0x00000000eab00000)
  object space 68608K, 11% used [0x00000000c0000000,0x00000000c07f9fd8,0x00000000c4300000)
 Metaspace       used 34583K, committed 35200K, reserved 1081344K
  class space    used 3500K, committed 3776K, reserved 1048576K
}
Event: 8.446 GC heap before
{Heap before GC invocations=10 (full 1):
 PSYoungGen      total 26112K, used 26103K [0x00000000eab00000, 0x00000000eca00000, 0x0000000100000000)
  eden space 23040K, 100% used [0x00000000eab00000,0x00000000ec180000,0x00000000ec180000)
  from space 3072K, 99% used [0x00000000ec580000,0x00000000ec87dc40,0x00000000ec880000)
  to   space 4096K, 0% used [0x00000000ec180000,0x00000000ec180000,0x00000000ec580000)
 ParOldGen       total 68608K, used 8167K [0x00000000c0000000, 0x00000000c4300000, 0x00000000eab00000)
  object space 68608K, 11% used [0x00000000c0000000,0x00000000c07f9fd8,0x00000000c4300000)
 Metaspace       used 34743K, committed 35328K, reserved 1081344K
  class space    used 3518K, committed 3776K, reserved 1048576K
}
Event: 8.450 GC heap after
{Heap after GC invocations=10 (full 1):
 PSYoungGen      total 26624K, used 4086K [0x00000000eab00000, 0x00000000ecc00000, 0x0000000100000000)
  eden space 22528K, 0% used [0x00000000eab00000,0x00000000eab00000,0x00000000ec100000)
  from space 4096K, 99% used [0x00000000ec180000,0x00000000ec57d948,0x00000000ec580000)
  to   space 5632K, 0% used [0x00000000ec680000,0x00000000ec680000,0x00000000ecc00000)
 ParOldGen       total 68608K, used 9214K [0x00000000c0000000, 0x00000000c4300000, 0x00000000eab00000)
  object space 68608K, 13% used [0x00000000c0000000,0x00000000c08ffbb0,0x00000000c4300000)
 Metaspace       used 34743K, committed 35328K, reserved 1081344K
  class space    used 3518K, committed 3776K, reserved 1048576K
}
Event: 8.584 GC heap before
{Heap before GC invocations=11 (full 1):
 PSYoungGen      total 26624K, used 26614K [0x00000000eab00000, 0x00000000ecc00000, 0x0000000100000000)
  eden space 22528K, 100% used [0x00000000eab00000,0x00000000ec100000,0x00000000ec100000)
  from space 4096K, 99% used [0x00000000ec180000,0x00000000ec57d948,0x00000000ec580000)
  to   space 5632K, 0% used [0x00000000ec680000,0x00000000ec680000,0x00000000ecc00000)
 ParOldGen       total 68608K, used 9214K [0x00000000c0000000, 0x00000000c4300000, 0x00000000eab00000)
  object space 68608K, 13% used [0x00000000c0000000,0x00000000c08ffbb0,0x00000000c4300000)
 Metaspace       used 34823K, committed 35392K, reserved 1081344K
  class space    used 3529K, committed 3776K, reserved 1048576K
}
Event: 8.588 GC heap after
{Heap after GC invocations=11 (full 1):
 PSYoungGen      total 27136K, used 4640K [0x00000000eab00000, 0x00000000ecb80000, 0x0000000100000000)
  eden space 22016K, 0% used [0x00000000eab00000,0x00000000eab00000,0x00000000ec080000)
  from space 5120K, 90% used [0x00000000ec680000,0x00000000ecb08020,0x00000000ecb80000)
  to   space 5120K, 0% used [0x00000000ec180000,0x00000000ec180000,0x00000000ec680000)
 ParOldGen       total 68608K, used 11299K [0x00000000c0000000, 0x00000000c4300000, 0x00000000eab00000)
  object space 68608K, 16% used [0x00000000c0000000,0x00000000c0b08db8,0x00000000c4300000)
 Metaspace       used 34823K, committed 35392K, reserved 1081344K
  class space    used 3529K, committed 3776K, reserved 1048576K
}
Event: 8.679 GC heap before
{Heap before GC invocations=12 (full 1):
 PSYoungGen      total 27136K, used 26656K [0x00000000eab00000, 0x00000000ecb80000, 0x0000000100000000)
  eden space 22016K, 100% used [0x00000000eab00000,0x00000000ec080000,0x00000000ec080000)
  from space 5120K, 90% used [0x00000000ec680000,0x00000000ecb08020,0x00000000ecb80000)
  to   space 5120K, 0% used [0x00000000ec180000,0x00000000ec180000,0x00000000ec680000)
 ParOldGen       total 68608K, used 11299K [0x00000000c0000000, 0x00000000c4300000, 0x00000000eab00000)
  object space 68608K, 16% used [0x00000000c0000000,0x00000000c0b08db8,0x00000000c4300000)
 Metaspace       used 34824K, committed 35392K, reserved 1081344K
  class space    used 3529K, committed 3776K, reserved 1048576K
}
Event: 8.683 GC heap after
{Heap after GC invocations=12 (full 1):
 PSYoungGen      total 24576K, used 2336K [0x00000000eab00000, 0x00000000ec780000, 0x0000000100000000)
  eden space 22016K, 0% used [0x00000000eab00000,0x00000000eab00000,0x00000000ec080000)
  from space 2560K, 91% used [0x00000000ec180000,0x00000000ec3c8000,0x00000000ec400000)
  to   space 3584K, 0% used [0x00000000ec400000,0x00000000ec400000,0x00000000ec780000)
 ParOldGen       total 68608K, used 15825K [0x00000000c0000000, 0x00000000c4300000, 0x00000000eab00000)
  object space 68608K, 23% used [0x00000000c0000000,0x00000000c0f74698,0x00000000c4300000)
 Metaspace       used 34824K, committed 35392K, reserved 1081344K
  class space    used 3529K, committed 3776K, reserved 1048576K
}
Event: 8.782 GC heap before
{Heap before GC invocations=13 (full 1):
 PSYoungGen      total 24576K, used 24352K [0x00000000eab00000, 0x00000000ec780000, 0x0000000100000000)
  eden space 22016K, 100% used [0x00000000eab00000,0x00000000ec080000,0x00000000ec080000)
  from space 2560K, 91% used [0x00000000ec180000,0x00000000ec3c8000,0x00000000ec400000)
  to   space 3584K, 0% used [0x00000000ec400000,0x00000000ec400000,0x00000000ec780000)
 ParOldGen       total 68608K, used 15825K [0x00000000c0000000, 0x00000000c4300000, 0x00000000eab00000)
  object space 68608K, 23% used [0x00000000c0000000,0x00000000c0f74698,0x00000000c4300000)
 Metaspace       used 34824K, committed 35392K, reserved 1081344K
  class space    used 3529K, committed 3776K, reserved 1048576K
}
Event: 8.784 GC heap after
{Heap after GC invocations=13 (full 1):
 PSYoungGen      total 25088K, used 2624K [0x00000000eab00000, 0x00000000ec700000, 0x0000000100000000)
  eden space 22016K, 0% used [0x00000000eab00000,0x00000000eab00000,0x00000000ec080000)
  from space 3072K, 85% used [0x00000000ec400000,0x00000000ec690010,0x00000000ec700000)
  to   space 3072K, 0% used [0x00000000ec100000,0x00000000ec100000,0x00000000ec400000)
 ParOldGen       total 68608K, used 18017K [0x00000000c0000000, 0x00000000c4300000, 0x00000000eab00000)
  object space 68608K, 26% used [0x00000000c0000000,0x00000000c1198698,0x00000000c4300000)
 Metaspace       used 34824K, committed 35392K, reserved 1081344K
  class space    used 3529K, committed 3776K, reserved 1048576K
}
Event: 8.969 GC heap before
{Heap before GC invocations=14 (full 1):
 PSYoungGen      total 25088K, used 23947K [0x00000000eab00000, 0x00000000ec700000, 0x0000000100000000)
  eden space 22016K, 96% used [0x00000000eab00000,0x00000000ebfd2f58,0x00000000ec080000)
  from space 3072K, 85% used [0x00000000ec400000,0x00000000ec690010,0x00000000ec700000)
  to   space 3072K, 0% used [0x00000000ec100000,0x00000000ec100000,0x00000000ec400000)
 ParOldGen       total 68608K, used 18017K [0x00000000c0000000, 0x00000000c4300000, 0x00000000eab00000)
  object space 68608K, 26% used [0x00000000c0000000,0x00000000c1198698,0x00000000c4300000)
 Metaspace       used 35247K, committed 35840K, reserved 1089536K
  class space    used 3570K, committed 3840K, reserved 1048576K
}
Event: 8.973 GC heap after
{Heap after GC invocations=14 (full 1):
 PSYoungGen      total 25088K, used 2948K [0x00000000eab00000, 0x00000000ec680000, 0x0000000100000000)
  eden space 22016K, 0% used [0x00000000eab00000,0x00000000eab00000,0x00000000ec080000)
  from space 3072K, 95% used [0x00000000ec100000,0x00000000ec3e13d0,0x00000000ec400000)
  to   space 2560K, 0% used [0x00000000ec400000,0x00000000ec400000,0x00000000ec680000)
 ParOldGen       total 68608K, used 20529K [0x00000000c0000000, 0x00000000c4300000, 0x00000000eab00000)
  object space 68608K, 29% used [0x00000000c0000000,0x00000000c140c6a8,0x00000000c4300000)
 Metaspace       used 35247K, committed 35840K, reserved 1089536K
  class space    used 3570K, committed 3840K, reserved 1048576K
}
Event: 8.973 GC heap before
{Heap before GC invocations=15 (full 2):
 PSYoungGen      total 25088K, used 2948K [0x00000000eab00000, 0x00000000ec680000, 0x0000000100000000)
  eden space 22016K, 0% used [0x00000000eab00000,0x00000000eab00000,0x00000000ec080000)
  from space 3072K, 95% used [0x00000000ec100000,0x00000000ec3e13d0,0x00000000ec400000)
  to   space 2560K, 0% used [0x00000000ec400000,0x00000000ec400000,0x00000000ec680000)
 ParOldGen       total 68608K, used 20529K [0x00000000c0000000, 0x00000000c4300000, 0x00000000eab00000)
  object space 68608K, 29% used [0x00000000c0000000,0x00000000c140c6a8,0x00000000c4300000)
 Metaspace       used 35247K, committed 35840K, reserved 1089536K
  class space    used 3570K, committed 3840K, reserved 1048576K
}
Event: 9.021 GC heap after
{Heap after GC invocations=15 (full 2):
 PSYoungGen      total 25088K, used 0K [0x00000000eab00000, 0x00000000ec680000, 0x0000000100000000)
  eden space 22016K, 0% used [0x00000000eab00000,0x00000000eab00000,0x00000000ec080000)
  from space 3072K, 0% used [0x00000000ec100000,0x00000000ec100000,0x00000000ec400000)
  to   space 2560K, 0% used [0x00000000ec400000,0x00000000ec400000,0x00000000ec680000)
 ParOldGen       total 68608K, used 22569K [0x00000000c0000000, 0x00000000c4300000, 0x00000000eab00000)
  object space 68608K, 32% used [0x00000000c0000000,0x00000000c160a5e0,0x00000000c4300000)
 Metaspace       used 35247K, committed 35840K, reserved 1089536K
  class space    used 3570K, committed 3840K, reserved 1048576K
}
Event: 9.487 GC heap before
{Heap before GC invocations=16 (full 2):
 PSYoungGen      total 25088K, used 22010K [0x00000000eab00000, 0x00000000ec680000, 0x0000000100000000)
  eden space 22016K, 99% used [0x00000000eab00000,0x00000000ec07eb60,0x00000000ec080000)
  from space 3072K, 0% used [0x00000000ec100000,0x00000000ec100000,0x00000000ec400000)
  to   space 2560K, 0% used [0x00000000ec400000,0x00000000ec400000,0x00000000ec680000)
 ParOldGen       total 68608K, used 22569K [0x00000000c0000000, 0x00000000c4300000, 0x00000000eab00000)
  object space 68608K, 32% used [0x00000000c0000000,0x00000000c160a5e0,0x00000000c4300000)
 Metaspace       used 37434K, committed 38080K, reserved 1089536K
  class space    used 3826K, committed 4096K, reserved 1048576K
}
Event: 9.490 GC heap after
{Heap after GC invocations=16 (full 2):
 PSYoungGen      total 23552K, used 1247K [0x00000000eab00000, 0x00000000ec580000, 0x0000000100000000)
  eden space 22016K, 0% used [0x00000000eab00000,0x00000000eab00000,0x00000000ec080000)
  from space 1536K, 81% used [0x00000000ec400000,0x00000000ec537fe0,0x00000000ec580000)
  to   space 2048K, 0% used [0x00000000ec180000,0x00000000ec180000,0x00000000ec380000)
 ParOldGen       total 68608K, used 22577K [0x00000000c0000000, 0x00000000c4300000, 0x00000000eab00000)
  object space 68608K, 32% used [0x00000000c0000000,0x00000000c160c5e0,0x00000000c4300000)
 Metaspace       used 37434K, committed 38080K, reserved 1089536K
  class space    used 3826K, committed 4096K, reserved 1048576K
}
Event: 9.617 GC heap before
{Heap before GC invocations=17 (full 2):
 PSYoungGen      total 23552K, used 23263K [0x00000000eab00000, 0x00000000ec580000, 0x0000000100000000)
  eden space 22016K, 100% used [0x00000000eab00000,0x00000000ec080000,0x00000000ec080000)
  from space 1536K, 81% used [0x00000000ec400000,0x00000000ec537fe0,0x00000000ec580000)
  to   space 2048K, 0% used [0x00000000ec180000,0x00000000ec180000,0x00000000ec380000)
 ParOldGen       total 68608K, used 22577K [0x00000000c0000000, 0x00000000c4300000, 0x00000000eab00000)
  object space 68608K, 32% used [0x00000000c0000000,0x00000000c160c5e0,0x00000000c4300000)
 Metaspace       used 37477K, committed 38080K, reserved 1089536K
  class space    used 3826K, committed 4096K, reserved 1048576K
}
Event: 9.619 GC heap after
{Heap after GC invocations=17 (full 2):
 PSYoungGen      total 24064K, used 540K [0x00000000eab00000, 0x00000000ec480000, 0x0000000100000000)
  eden space 22016K, 0% used [0x00000000eab00000,0x00000000eab00000,0x00000000ec080000)
  from space 2048K, 26% used [0x00000000ec180000,0x00000000ec207288,0x00000000ec380000)
  to   space 1024K, 0% used [0x00000000ec380000,0x00000000ec380000,0x00000000ec480000)
 ParOldGen       total 68608K, used 23889K [0x00000000c0000000, 0x00000000c4300000, 0x00000000eab00000)
  object space 68608K, 34% used [0x00000000c0000000,0x00000000c1754750,0x00000000c4300000)
 Metaspace       used 37477K, committed 38080K, reserved 1089536K
  class space    used 3826K, committed 4096K, reserved 1048576K
}

Deoptimization events (20 events):
Event: 9.152 Thread 0x00000187798b5ea0 Uncommon trap: trap_request=0xffffff45 fr.pc=0x0000018707bb1b2c relative=0x000000000000030c
Event: 9.152 Thread 0x00000187798b5ea0 Uncommon trap: reason=unstable_if action=reinterpret pc=0x0000018707bb1b2c method=org.objectweb.asm.Label.resolve([BI)Z @ 80 c2
Event: 9.152 Thread 0x00000187798b5ea0 DEOPT PACKING pc=0x0000018707bb1b2c sp=0x0000001d3f1f7270
Event: 9.152 Thread 0x00000187798b5ea0 DEOPT UNPACKING pc=0x00000187000520a3 sp=0x0000001d3f1f7170 mode 2
Event: 9.513 Thread 0x00000187798b5ea0 Uncommon trap: trap_request=0xffffffde fr.pc=0x0000018707bc544c relative=0x000000000000828c
Event: 9.513 Thread 0x00000187798b5ea0 Uncommon trap: reason=class_check action=maybe_recompile pc=0x0000018707bc544c method=lombok.patcher.PatchScript$MethodPatcher.visitMethod(ILjava/lang/String;Ljava/lang/String;Ljava/lang/String;[Ljava/lang/String;)Lorg/objectweb/asm/MethodVisitor; @ 101 c
Event: 9.513 Thread 0x00000187798b5ea0 DEOPT PACKING pc=0x0000018707bc544c sp=0x0000001d3f1f86e0
Event: 9.513 Thread 0x00000187798b5ea0 DEOPT UNPACKING pc=0x00000187000520a3 sp=0x0000001d3f1f8668 mode 2
Event: 9.513 Thread 0x00000187798b5ea0 Uncommon trap: trap_request=0xffffffde fr.pc=0x0000018707bc544c relative=0x000000000000828c
Event: 9.513 Thread 0x00000187798b5ea0 Uncommon trap: reason=class_check action=maybe_recompile pc=0x0000018707bc544c method=lombok.patcher.PatchScript$MethodPatcher.visitMethod(ILjava/lang/String;Ljava/lang/String;Ljava/lang/String;[Ljava/lang/String;)Lorg/objectweb/asm/MethodVisitor; @ 101 c
Event: 9.513 Thread 0x00000187798b5ea0 DEOPT PACKING pc=0x0000018707bc544c sp=0x0000001d3f1f86e0
Event: 9.513 Thread 0x00000187798b5ea0 DEOPT UNPACKING pc=0x00000187000520a3 sp=0x0000001d3f1f8668 mode 2
Event: 9.513 Thread 0x00000187798b5ea0 Uncommon trap: trap_request=0xffffffde fr.pc=0x0000018707bc544c relative=0x000000000000828c
Event: 9.513 Thread 0x00000187798b5ea0 Uncommon trap: reason=class_check action=maybe_recompile pc=0x0000018707bc544c method=lombok.patcher.PatchScript$MethodPatcher.visitMethod(ILjava/lang/String;Ljava/lang/String;Ljava/lang/String;[Ljava/lang/String;)Lorg/objectweb/asm/MethodVisitor; @ 101 c
Event: 9.513 Thread 0x00000187798b5ea0 DEOPT PACKING pc=0x0000018707bc544c sp=0x0000001d3f1f86e0
Event: 9.513 Thread 0x00000187798b5ea0 DEOPT UNPACKING pc=0x00000187000520a3 sp=0x0000001d3f1f8668 mode 2
Event: 9.513 Thread 0x00000187798b5ea0 Uncommon trap: trap_request=0xffffffde fr.pc=0x0000018707bc544c relative=0x000000000000828c
Event: 9.513 Thread 0x00000187798b5ea0 Uncommon trap: reason=class_check action=maybe_recompile pc=0x0000018707bc544c method=lombok.patcher.PatchScript$MethodPatcher.visitMethod(ILjava/lang/String;Ljava/lang/String;Ljava/lang/String;[Ljava/lang/String;)Lorg/objectweb/asm/MethodVisitor; @ 101 c
Event: 9.513 Thread 0x00000187798b5ea0 DEOPT PACKING pc=0x0000018707bc544c sp=0x0000001d3f1f86e0
Event: 9.513 Thread 0x00000187798b5ea0 DEOPT UNPACKING pc=0x00000187000520a3 sp=0x0000001d3f1f8668 mode 2

Classes unloaded (7 events):
Event: 6.454 Thread 0x000001877669aff0 Unloading class 0x0000000100210800 'java/lang/invoke/LambdaForm$MH+0x0000000100210800'
Event: 6.454 Thread 0x000001877669aff0 Unloading class 0x0000000100210400 'java/lang/invoke/LambdaForm$MH+0x0000000100210400'
Event: 6.454 Thread 0x000001877669aff0 Unloading class 0x0000000100210000 'java/lang/invoke/LambdaForm$MH+0x0000000100210000'
Event: 6.454 Thread 0x000001877669aff0 Unloading class 0x000000010020fc00 'java/lang/invoke/LambdaForm$MH+0x000000010020fc00'
Event: 6.454 Thread 0x000001877669aff0 Unloading class 0x000000010020f400 'java/lang/invoke/LambdaForm$BMH+0x000000010020f400'
Event: 6.454 Thread 0x000001877669aff0 Unloading class 0x000000010020f000 'java/lang/invoke/LambdaForm$DMH+0x000000010020f000'
Event: 6.454 Thread 0x000001877669aff0 Unloading class 0x000000010020c400 'java/lang/invoke/LambdaForm$DMH+0x000000010020c400'

Classes redefined (0 events):
No events

Internal exceptions (20 events):
Event: 7.360 Thread 0x000001877ae2ec50 Exception <a 'java/lang/NoSuchMethodError'{0x00000000eac00c18}: 'java.lang.Object java.lang.invoke.DirectMethodHandle$Holder.invokeStaticInit(java.lang.Object, int, int, int, int)'> (0x00000000eac00c18) 
thrown [s\src\hotspot\share\interpreter\linkResolver.cpp, line 759]
Event: 7.432 Thread 0x000001877ae2ec50 Exception <a 'java/lang/NoSuchMethodError'{0x00000000eacee938}: 'java.lang.Object java.lang.invoke.DirectMethodHandle$Holder.invokeStaticInit(java.lang.Object, java.lang.Object, int, int, int, int)'> (0x00000000eacee938) 
thrown [s\src\hotspot\share\interpreter\linkResolver.cpp, line 759]
Event: 7.497 Thread 0x000001877ae2ec50 Exception <a 'java/lang/ClassNotFoundException'{0x00000000eafd23c0}: com/sun/org/apache/xml/internal/serializer/spi/XMLEntitiesProvider> (0x00000000eafd23c0) 
thrown [s\src\hotspot\share\classfile\systemDictionary.cpp, line 256]
Event: 7.575 Thread 0x000001877ae2ec50 Exception <a 'java/io/FileNotFoundException'{0x00000000eb307688}> (0x00000000eb307688) 
thrown [s\src\hotspot\share\prims\jni.cpp, line 516]
Event: 7.646 Thread 0x000001877ae2ec50 Exception <a 'java/lang/UnsatisfiedLinkError'{0x00000000eb66b9e0}: 找不到指定的程序。
> (0x00000000eb66b9e0) 
thrown [s\src\hotspot\share\prims\jni.cpp, line 535]
Event: 7.651 Thread 0x000001877ae2ec50 Exception <a 'java/io/FileNotFoundException'{0x00000000eb68ec80}> (0x00000000eb68ec80) 
thrown [s\src\hotspot\share\prims\jni.cpp, line 516]
Event: 7.658 Thread 0x000001877ae2ec50 Exception <a 'java/io/FileNotFoundException'{0x00000000eb701720}> (0x00000000eb701720) 
thrown [s\src\hotspot\share\prims\jni.cpp, line 516]
Event: 7.669 Thread 0x000001877ae2ec50 Exception <a 'java/lang/UnsatisfiedLinkError'{0x00000000eb78c538}: 找不到指定的程序。
> (0x00000000eb78c538) 
thrown [s\src\hotspot\share\prims\jni.cpp, line 535]
Event: 7.716 Thread 0x000001876fa243e0 Exception <a 'java/lang/NoSuchMethodError'{0x00000000eba26fc8}: 'void java.lang.invoke.DirectMethodHandle$Holder.invokeStatic(java.lang.Object, java.lang.Object, java.lang.Object, java.lang.Object)'> (0x00000000eba26fc8) 
thrown [s\src\hotspot\share\interpreter\linkResolver.cpp, line 759]
Event: 7.806 Thread 0x000001876fa243e0 Exception <a 'java/lang/NoSuchMethodError'{0x00000000ec177750}: 'void java.lang.invoke.DirectMethodHandle$Holder.invokeSpecial(java.lang.Object, java.lang.Object, java.lang.Object, java.lang.Object, java.lang.Object, java.lang.Object)'> (0x00000000ec177750) 
thrown [s\src\hotspot\share\interpreter\linkResolver.cpp, line 759]
Event: 7.807 Thread 0x000001876fa243e0 Exception <a 'java/lang/NoSuchMethodError'{0x00000000ec17f310}: 'java.lang.Object java.lang.invoke.DirectMethodHandle$Holder.newInvokeSpecial(java.lang.Object, java.lang.Object, java.lang.Object, java.lang.Object, java.lang.Object)'> (0x00000000ec17f310) 
thrown [s\src\hotspot\share\interpreter\linkResolver.cpp, line 759]
Event: 7.895 Thread 0x00000187798b5ea0 Exception <a 'java/io/FileNotFoundException'{0x00000000eadf2b50}> (0x00000000eadf2b50) 
thrown [s\src\hotspot\share\prims\jni.cpp, line 516]
Event: 7.966 Thread 0x00000187798b5ea0 Exception <a 'java/lang/NoSuchMethodError'{0x00000000eb22b660}: 'int java.lang.invoke.DirectMethodHandle$Holder.invokeVirtual(java.lang.Object, java.lang.Object)'> (0x00000000eb22b660) 
thrown [s\src\hotspot\share\interpreter\linkResolver.cpp, line 759]
Event: 8.110 Thread 0x00000187798b89f0 Exception <a 'java/lang/NoSuchMethodError'{0x00000000eb677508}: 'java.lang.Object java.lang.invoke.Invokers$Holder.invoke_MT(java.lang.Object, java.lang.Object, java.lang.Object)'> (0x00000000eb677508) 
thrown [s\src\hotspot\share\interpreter\linkResolver.cpp, line 759]
Event: 8.393 Thread 0x00000187798b89f0 Exception <a 'java/io/FileNotFoundException'{0x00000000eb7f40d8}> (0x00000000eb7f40d8) 
thrown [s\src\hotspot\share\prims\jni.cpp, line 516]
Event: 8.394 Thread 0x00000187798b89f0 Exception <a 'java/io/FileNotFoundException'{0x00000000eb7f5e38}> (0x00000000eb7f5e38) 
thrown [s\src\hotspot\share\prims\jni.cpp, line 516]
Event: 8.395 Thread 0x00000187798b89f0 Exception <a 'java/lang/NoSuchMethodError'{0x00000000eb802678}: 'void java.lang.invoke.DirectMethodHandle$Holder.invokeStaticInit(java.lang.Object, java.lang.Object, java.lang.Object)'> (0x00000000eb802678) 
thrown [s\src\hotspot\share\interpreter\linkResolver.cpp, line 759]
Event: 8.889 Thread 0x00000187798b89f0 Exception <a 'java/lang/NoSuchMethodError'{0x00000000ebd31638}: 'java.lang.Object java.lang.invoke.DirectMethodHandle$Holder.newInvokeSpecial(java.lang.Object, java.lang.Object, java.lang.Object, int, java.lang.Object)'> (0x00000000ebd31638) 
thrown [s\src\hotspot\share\interpreter\linkResolver.cpp, line 759]
Event: 8.890 Thread 0x00000187798b89f0 Exception <a 'java/lang/NoSuchMethodError'{0x00000000ebd357e8}: 'java.lang.Object java.lang.invoke.DirectMethodHandle$Holder.invokeSpecial(java.lang.Object, java.lang.Object, java.lang.Object, java.lang.Object, int, java.lang.Object)'> (0x00000000ebd357e8) 
thrown [s\src\hotspot\share\interpreter\linkResolver.cpp, line 759]
Event: 8.967 Thread 0x00000187798b5ea0 Exception <a 'java/lang/NoSuchMethodError'{0x00000000ebfc9990}: 'java.lang.Object java.lang.invoke.DirectMethodHandle$Holder.invokeInterface(java.lang.Object, java.lang.Object, java.lang.Object)'> (0x00000000ebfc9990) 
thrown [s\src\hotspot\share\interpreter\linkResolver.cpp, line 759]

VM Operations (20 events):
Event: 8.332 Executing VM operation: ParallelGCFailedAllocation
Event: 8.334 Executing VM operation: ParallelGCFailedAllocation done
Event: 8.446 Executing VM operation: ParallelGCFailedAllocation
Event: 8.450 Executing VM operation: ParallelGCFailedAllocation done
Event: 8.584 Executing VM operation: ParallelGCFailedAllocation
Event: 8.588 Executing VM operation: ParallelGCFailedAllocation done
Event: 8.679 Executing VM operation: ParallelGCFailedAllocation
Event: 8.683 Executing VM operation: ParallelGCFailedAllocation done
Event: 8.782 Executing VM operation: ParallelGCFailedAllocation
Event: 8.784 Executing VM operation: ParallelGCFailedAllocation done
Event: 8.969 Executing VM operation: CollectForMetadataAllocation
Event: 9.022 Executing VM operation: CollectForMetadataAllocation done
Event: 9.313 Executing VM operation: HandshakeAllThreads
Event: 9.314 Executing VM operation: HandshakeAllThreads done
Event: 9.415 Executing VM operation: HandshakeAllThreads
Event: 9.415 Executing VM operation: HandshakeAllThreads done
Event: 9.487 Executing VM operation: ParallelGCFailedAllocation
Event: 9.490 Executing VM operation: ParallelGCFailedAllocation done
Event: 9.616 Executing VM operation: ParallelGCFailedAllocation
Event: 9.619 Executing VM operation: ParallelGCFailedAllocation done

Events (20 events):
Event: 8.303 loading class java/nio/channels/Channels$ReadableByteChannelImpl done
Event: 8.303 loading class java/nio/channels/NonWritableChannelException
Event: 8.303 loading class java/nio/channels/NonWritableChannelException done
Event: 8.304 loading class sun/nio/ch/ChannelInputStream
Event: 8.304 loading class sun/nio/ch/ChannelInputStream done
Event: 8.304 loading class java/nio/channels/SelectableChannel
Event: 8.304 loading class java/nio/channels/SelectableChannel done
Event: 8.952 loading class jdk/internal/reflect/UnsafeIntegerFieldAccessorImpl
Event: 8.952 loading class jdk/internal/reflect/UnsafeIntegerFieldAccessorImpl done
Event: 9.022 Thread 0x00000187798b5500 Thread added: 0x00000187798b5500
Event: 9.045 loading class sun/nio/cs/ThreadLocalCoders
Event: 9.046 loading class sun/nio/cs/ThreadLocalCoders done
Event: 9.046 loading class sun/nio/cs/ThreadLocalCoders$1
Event: 9.046 loading class sun/nio/cs/ThreadLocalCoders$Cache
Event: 9.046 loading class sun/nio/cs/ThreadLocalCoders$Cache done
Event: 9.046 loading class sun/nio/cs/ThreadLocalCoders$1 done
Event: 9.046 loading class sun/nio/cs/ThreadLocalCoders$2
Event: 9.046 loading class sun/nio/cs/ThreadLocalCoders$2 done
Event: 9.108 loading class java/lang/ExceptionInInitializerError
Event: 9.109 loading class java/lang/ExceptionInInitializerError done


Dynamic libraries:
0x00007ff7dfb60000 - 0x00007ff7dfb6e000 	c:\Users\dell\.vscode\extensions\redhat.java-1.12.0-win32-x64\jre\17.0.4.1-win32-x86_64\bin\java.exe
0x00007fff330a0000 - 0x00007fff332a9000 	C:\WINDOWS\SYSTEM32\ntdll.dll
0x00007fff31d90000 - 0x00007fff31e4d000 	C:\WINDOWS\System32\KERNEL32.DLL
0x00007fff30ba0000 - 0x00007fff30f1b000 	C:\WINDOWS\System32\KERNELBASE.dll
0x00007fff305e0000 - 0x00007fff306f1000 	C:\WINDOWS\System32\ucrtbase.dll
0x00007fff253a0000 - 0x00007fff253b8000 	c:\Users\dell\.vscode\extensions\redhat.java-1.12.0-win32-x64\jre\17.0.4.1-win32-x86_64\bin\jli.dll
0x00007fff25320000 - 0x00007fff25339000 	c:\Users\dell\.vscode\extensions\redhat.java-1.12.0-win32-x64\jre\17.0.4.1-win32-x86_64\bin\VCRUNTIME140.dll
0x00007fff31aa0000 - 0x00007fff31c4d000 	C:\WINDOWS\System32\USER32.dll
0x00007fff308c0000 - 0x00007fff308e6000 	C:\WINDOWS\System32\win32u.dll
0x00007fff1a560000 - 0x00007fff1a805000 	C:\WINDOWS\WinSxS\amd64_microsoft.windows.common-controls_6595b64144ccf1df_6.0.22000.120_none_9d947278b86cc467\COMCTL32.dll
0x00007fff31a70000 - 0x00007fff31a99000 	C:\WINDOWS\System32\GDI32.dll
0x00007fff32ab0000 - 0x00007fff32b53000 	C:\WINDOWS\System32\msvcrt.dll
0x00007fff307a0000 - 0x00007fff308b8000 	C:\WINDOWS\System32\gdi32full.dll
0x00007fff30700000 - 0x00007fff3079d000 	C:\WINDOWS\System32\msvcp_win.dll
0x00007fff323b0000 - 0x00007fff323e1000 	C:\WINDOWS\System32\IMM32.DLL
0x00007fff28420000 - 0x00007fff2842c000 	c:\Users\dell\.vscode\extensions\redhat.java-1.12.0-win32-x64\jre\17.0.4.1-win32-x86_64\bin\vcruntime140_1.dll
0x00007fff028f0000 - 0x00007fff02981000 	c:\Users\dell\.vscode\extensions\redhat.java-1.12.0-win32-x64\jre\17.0.4.1-win32-x86_64\bin\msvcp140.dll
0x00007ffeb07d0000 - 0x00007ffeb1416000 	c:\Users\dell\.vscode\extensions\redhat.java-1.12.0-win32-x64\jre\17.0.4.1-win32-x86_64\bin\server\jvm.dll
0x00007fff32b60000 - 0x00007fff32c0e000 	C:\WINDOWS\System32\ADVAPI32.dll
0x00007fff32710000 - 0x00007fff327ae000 	C:\WINDOWS\System32\sechost.dll
0x00007fff325f0000 - 0x00007fff32710000 	C:\WINDOWS\System32\RPCRT4.dll
0x00007fff31cc0000 - 0x00007fff31cc8000 	C:\WINDOWS\System32\PSAPI.DLL
0x00007fff1ea10000 - 0x00007fff1ea19000 	C:\WINDOWS\SYSTEM32\WSOCK32.dll
0x00007fff27ca0000 - 0x00007fff27cd3000 	C:\WINDOWS\SYSTEM32\WINMM.dll
0x00007fff269c0000 - 0x00007fff269ca000 	C:\WINDOWS\SYSTEM32\VERSION.dll
0x00007fff32cb0000 - 0x00007fff32d1f000 	C:\WINDOWS\System32\WS2_32.dll
0x00007fff2f6a0000 - 0x00007fff2f6b8000 	C:\WINDOWS\SYSTEM32\kernel.appcore.dll
0x00007fff283b0000 - 0x00007fff283ba000 	c:\Users\dell\.vscode\extensions\redhat.java-1.12.0-win32-x64\jre\17.0.4.1-win32-x86_64\bin\jimage.dll
0x00007fff2e130000 - 0x00007fff2e351000 	C:\WINDOWS\SYSTEM32\DBGHELP.DLL
0x00007fff24800000 - 0x00007fff24831000 	C:\WINDOWS\SYSTEM32\dbgcore.DLL
0x00007fff30a60000 - 0x00007fff30adf000 	C:\WINDOWS\System32\bcryptPrimitives.dll
0x00007fff28350000 - 0x00007fff2835e000 	c:\Users\dell\.vscode\extensions\redhat.java-1.12.0-win32-x64\jre\17.0.4.1-win32-x86_64\bin\instrument.dll
0x00007fff24250000 - 0x00007fff24275000 	c:\Users\dell\.vscode\extensions\redhat.java-1.12.0-win32-x64\jre\17.0.4.1-win32-x86_64\bin\java.dll
0x00007fff24660000 - 0x00007fff24678000 	c:\Users\dell\.vscode\extensions\redhat.java-1.12.0-win32-x64\jre\17.0.4.1-win32-x86_64\bin\zip.dll
0x00007fff312b0000 - 0x00007fff31a68000 	C:\WINDOWS\System32\SHELL32.dll
0x00007fff2e4d0000 - 0x00007fff2ed35000 	C:\WINDOWS\SYSTEM32\windows.storage.dll
0x00007fff30f20000 - 0x00007fff31297000 	C:\WINDOWS\System32\combase.dll
0x00007fff2e360000 - 0x00007fff2e4c6000 	C:\WINDOWS\SYSTEM32\wintypes.dll
0x00007fff327b0000 - 0x00007fff3289a000 	C:\WINDOWS\System32\SHCORE.dll
0x00007fff31e60000 - 0x00007fff31ebd000 	C:\WINDOWS\System32\shlwapi.dll
0x00007fff304a0000 - 0x00007fff304c1000 	C:\WINDOWS\SYSTEM32\profapi.dll
0x00007fff24160000 - 0x00007fff24179000 	C:\Users\dell\.vscode\extensions\redhat.java-1.12.0-win32-x64\jre\17.0.4.1-win32-x86_64\bin\net.dll
0x00007fff286a0000 - 0x00007fff287ac000 	C:\WINDOWS\SYSTEM32\WINHTTP.dll
0x00007fff2fb60000 - 0x00007fff2fbc7000 	C:\WINDOWS\system32\mswsock.dll
0x00007fff23a80000 - 0x00007fff23a95000 	C:\Users\dell\.vscode\extensions\redhat.java-1.12.0-win32-x64\jre\17.0.4.1-win32-x86_64\bin\nio.dll
0x00007fff27250000 - 0x00007fff27260000 	c:\Users\dell\.vscode\extensions\redhat.java-1.12.0-win32-x64\jre\17.0.4.1-win32-x86_64\bin\verify.dll
0x00007fff1b0b0000 - 0x00007fff1b0ee000 	C:\Users\dell\AppData\Roaming\Code\User\globalStorage\redhat.java\1.12.0\config_ss_win\org.eclipse.equinox.launcher\org.eclipse.equinox.launcher.win32.win32.x86_64_1.2.600.v20220720-1916\eclipse_11700.dll
0x00007fff32450000 - 0x00007fff325ea000 	C:\WINDOWS\System32\ole32.dll
0x00007fff2fdc0000 - 0x00007fff2fdd8000 	C:\WINDOWS\SYSTEM32\CRYPTSP.dll
0x00007fff2f600000 - 0x00007fff2f635000 	C:\WINDOWS\system32\rsaenh.dll
0x00007fff2fc70000 - 0x00007fff2fc99000 	C:\WINDOWS\SYSTEM32\USERENV.dll
0x00007fff2ff50000 - 0x00007fff2ff77000 	C:\WINDOWS\SYSTEM32\bcrypt.dll
0x00007fff2fde0000 - 0x00007fff2fdec000 	C:\WINDOWS\SYSTEM32\CRYPTBASE.dll
0x00007fff2f1c0000 - 0x00007fff2f1ed000 	C:\WINDOWS\SYSTEM32\IPHLPAPI.DLL
0x00007fff31e50000 - 0x00007fff31e59000 	C:\WINDOWS\System32\NSI.dll
0x00007fff28660000 - 0x00007fff28679000 	C:\WINDOWS\SYSTEM32\dhcpcsvc6.DLL
0x00007fff28890000 - 0x00007fff288ae000 	C:\WINDOWS\SYSTEM32\dhcpcsvc.DLL
0x00007fff2f1f0000 - 0x00007fff2f2d8000 	C:\WINDOWS\SYSTEM32\DNSAPI.dll
0x00007fff02b20000 - 0x00007fff02b60000 	C:\Users\dell\AppData\Local\Temp\jna-3079617\jna16296157669387540802.dll

dbghelp: loaded successfully - version: 4.0.5 - missing functions: none
symbol engine: initialized successfully - sym options: 0x614 - pdb path: .;c:\Users\dell\.vscode\extensions\redhat.java-1.12.0-win32-x64\jre\17.0.4.1-win32-x86_64\bin;C:\WINDOWS\SYSTEM32;C:\WINDOWS\WinSxS\amd64_microsoft.windows.common-controls_6595b64144ccf1df_6.0.22000.120_none_9d947278b86cc467;c:\Users\dell\.vscode\extensions\redhat.java-1.12.0-win32-x64\jre\17.0.4.1-win32-x86_64\bin\server;C:\Users\dell\AppData\Roaming\Code\User\globalStorage\redhat.java\1.12.0\config_ss_win\org.eclipse.equinox.launcher\org.eclipse.equinox.launcher.win32.win32.x86_64_1.2.600.v20220720-1916;C:\Users\dell\AppData\Local\Temp\jna-3079617

VM Arguments:
jvm_args: --add-modules=ALL-SYSTEM --add-opens=java.base/java.util=ALL-UNNAMED --add-opens=java.base/java.lang=ALL-UNNAMED --add-opens=java.base/sun.nio.fs=ALL-UNNAMED -Declipse.application=org.eclipse.jdt.ls.core.id1 -Dosgi.bundles.defaultStartLevel=4 -Declipse.product=org.eclipse.jdt.ls.core.product -Djava.import.generatesMetadataFilesAtProjectRoot=false -Dfile.encoding=utf8 -XX:+UseParallelGC -XX:GCTimeRatio=4 -XX:AdaptiveSizePolicyWeight=90 -Dsun.zip.disableMemoryMapping=true -Xmx1G -Xms100m -Xlog:disable -javaagent:c:\Users\dell\.vscode\extensions\redhat.java-1.12.0-win32-x64\lombok\lombok-1.18.24.jar 
java_command: c:\Users\dell\.vscode\extensions\redhat.java-1.12.0-win32-x64\server\plugins\org.eclipse.equinox.launcher_1.6.400.v20210924-0641.jar -configuration c:\Users\dell\AppData\Roaming\Code\User\globalStorage\redhat.java\1.12.0\config_ss_win -data c:\Users\dell\AppData\Roaming\Code\User\workspaceStorage\7dacab551bd5d13f21454db8a7b4094e\redhat.java\ss_ws
java_class_path (initial): c:\Users\dell\.vscode\extensions\redhat.java-1.12.0-win32-x64\server\plugins\org.eclipse.equinox.launcher_1.6.400.v20210924-0641.jar
Launcher Type: SUN_STANDARD

[Global flags]
    uintx AdaptiveSizePolicyWeight                 = 90                                        {product} {command line}
     intx CICompilerCount                          = 4                                         {product} {ergonomic}
    uintx GCTimeRatio                              = 4                                         {product} {command line}
   size_t InitialHeapSize                          = 104857600                                 {product} {command line}
   size_t MaxHeapSize                              = 1073741824                                {product} {command line}
   size_t MaxNewSize                               = 357564416                                 {product} {ergonomic}
   size_t MinHeapDeltaBytes                        = 524288                                    {product} {ergonomic}
   size_t MinHeapSize                              = 104857600                                 {product} {command line}
   size_t NewSize                                  = 34603008                                  {product} {ergonomic}
    uintx NonNMethodCodeHeapSize                   = 5839372                                {pd product} {ergonomic}
    uintx NonProfiledCodeHeapSize                  = 122909434                              {pd product} {ergonomic}
   size_t OldSize                                  = 70254592                                  {product} {ergonomic}
    uintx ProfiledCodeHeapSize                     = 122909434                              {pd product} {ergonomic}
    uintx ReservedCodeCacheSize                    = 251658240                              {pd product} {ergonomic}
     bool SegmentedCodeCache                       = true                                      {product} {ergonomic}
   size_t SoftMaxHeapSize                          = 1073741824                             {manageable} {ergonomic}
     bool UseCompressedClassPointers               = true                           {product lp64_product} {ergonomic}
     bool UseCompressedOops                        = true                           {product lp64_product} {ergonomic}
     bool UseLargePagesIndividualAllocation        = false                                  {pd product} {ergonomic}
     bool UseParallelGC                            = true                                      {product} {command line}

Logging:
Log output configuration:
 #0: stdout all=off uptime,level,tags
 #1: stderr all=off uptime,level,tags

Environment Variables:
JAVA_HOME=C:\Program Files\Java\jdk-16.0.2
PATH=C:\Program Files\Common Files\Oracle\Java\javapath;C:\Program Files\Java\jdk-16.0.2C:\Program Files\Java\jdk-16.0.2\bin;D:\bin;C:\WINDOWS\system32;C:\WINDOWS;C:\WINDOWS\System32\Wbem;C:\WINDOWS\System32\WindowsPowerShell\v1.0\;C:\WINDOWS\System32\OpenSSH\;C:\Program Files\dotnet\;C:\Program Files\PuTTY\;D:\Git\cmd;C:\Users\dell\AppData\Local\Programs\Python\Python310\Scripts\;C:\Users\dell\AppData\Local\Programs\Python\Python310\;C:\Users\dell\AppData\Local\Programs\Python\Python37\Scripts\;C:\Users\dell\AppData\Local\Programs\Python\Python37\;C:\Users\dell\AppData\Local\Programs\Python\Python37-32\Scripts\;C:\Users\dell\AppData\Local\Programs\Python\Python37-32\;C:\Users\dell\AppData\Local\Microsoft\WindowsApps;C:\Program Files\Bandizip\;C:\ProgramData\dell\GitHubDesktop\bin;C:\Users\dell\AppData\Local\GitHubDesktop\bin;F:\Microsoft VS Code\bin;C:\ProgramData\Dell\GitHubDesktop\bin
USERNAME=dell
OS=Windows_NT
PROCESSOR_IDENTIFIER=Intel64 Family 6 Model 158 Stepping 10, GenuineIntel
TMP=C:\Users\dell\AppData\Local\Temp
TEMP=C:\Users\dell\AppData\Local\Temp



---------------  S Y S T E M  ---------------

OS:
 Windows 11 , 64 bit Build 22000 (10.0.22000.708)
OS uptime: 23 days 19:05 hours
Hyper-V role detected

CPU: total 12 (initial active 12) (6 cores per cpu, 2 threads per core) family 6 model 158 stepping 10 microcode 0xf0, cx8, cmov, fxsr, ht, mmx, 3dnowpref, sse, sse2, sse3, ssse3, sse4.1, sse4.2, popcnt, lzcnt, tsc, tscinvbit, avx, avx2, aes, erms, clmul, bmi1, bmi2, adx, fma, vzeroupper, clflush, clflushopt, hv

Memory: 4k page, system-wide physical 16163M (286M free)
TotalPageFile size 29231M (AvailPageFile size 62M)
current process WorkingSet (physical memory assigned to process): 173M, peak: 173M
current process commit charge ("private bytes"): 265M, peak: 267M

vm_info: OpenJDK 64-Bit Server VM (17.0.4.1+1) for windows-amd64 JRE (17.0.4.1+1), built on Aug 17 2022 07:42:43 by "temurin" with MS VC++ 16.7 (VS2019)

END.
