#
# There is insufficient memory for the Java Runtime Environment to continue.
# Native memory allocation (mmap) failed to map 65536 bytes for Failed to commit metaspace.
# Possible reasons:
#   The system is out of physical RAM or swap space
#   The process is running with CompressedOops enabled, and the Java Heap may be blocking the growth of the native heap
# Possible solutions:
#   Reduce memory load on the system
#   Increase physical memory or swap space
#   Check if swap backing store is full
#   Decrease Java heap size (-Xmx/-Xms)
#   Decrease number of Java threads
#   Decrease Java thread stack sizes (-Xss)
#   Set larger code cache with -XX:ReservedCodeCacheSize=
#   JVM is running with Unscaled Compressed Oops mode in which the Java heap is
#     placed in the first 4GB address space. The Java Heap base address is the
#     maximum limit for the native heap growth. Please use -XX:HeapBaseMinAddress
#     to set the Java Heap base and to place the Java Heap above 4GB virtual address.
# This output file may be truncated or incomplete.
#
#  Out of Memory Error (virtualSpaceNode.cpp:110), pid=11752, tid=28968
#
# JRE version:  (17.0.4.1+1) (build )
# Java VM: OpenJDK 64-Bit Server VM (17.0.4.1+1, mixed mode, tiered, compressed oops, compressed class ptrs, parallel gc, windows-amd64)
# No core dump will be written. Minidumps are not enabled by default on client versions of Windows
#

---------------  S U M M A R Y ------------

Command Line: --add-modules=ALL-SYSTEM --add-opens=java.base/java.util=ALL-UNNAMED --add-opens=java.base/java.lang=ALL-UNNAMED --add-opens=java.base/sun.nio.fs=ALL-UNNAMED -Declipse.application=org.eclipse.jdt.ls.core.id1 -Dosgi.bundles.defaultStartLevel=4 -Declipse.product=org.eclipse.jdt.ls.core.product -Djava.import.generatesMetadataFilesAtProjectRoot=false -Dfile.encoding=utf8 -XX:+UseParallelGC -XX:GCTimeRatio=4 -XX:AdaptiveSizePolicyWeight=90 -Dsun.zip.disableMemoryMapping=true -Xmx1G -Xms100m -Xlog:disable -javaagent:c:\Users\dell\.vscode\extensions\redhat.java-1.12.0-win32-x64\lombok\lombok-1.18.24.jar c:\Users\dell\.vscode\extensions\redhat.java-1.12.0-win32-x64\server\plugins\org.eclipse.equinox.launcher_1.6.400.v20210924-0641.jar -configuration c:\Users\dell\AppData\Roaming\Code\User\globalStorage\redhat.java\1.12.0\config_ss_win -data c:\Users\dell\AppData\Roaming\Code\User\workspaceStorage\7dacab551bd5d13f21454db8a7b4094e\redhat.java\ss_ws

Host: Intel(R) Core(TM) i7-9750H CPU @ 2.60GHz, 12 cores, 15G,  Windows 11 , 64 bit Build 22000 (10.0.22000.708)
Time: Sat Nov  5 19:07:08 2022  Windows 11 , 64 bit Build 22000 (10.0.22000.708) elapsed time: 0.204031 seconds (0d 0h 0m 0s)

---------------  T H R E A D  ---------------

Current thread (0x0000026f36ea65e0):  JavaThread "main" [_thread_in_vm, id=28968, stack(0x000000fbee500000,0x000000fbee600000)]

Stack: [0x000000fbee500000,0x000000fbee600000]
Native frames: (J=compiled Java code, j=interpreted, Vv=VM code, C=native code)
V  [jvm.dll+0x67731a]
V  [jvm.dll+0x832284]
V  [jvm.dll+0x833a2e]
V  [jvm.dll+0x834093]
V  [jvm.dll+0x245775]
V  [jvm.dll+0x82e22b]
V  [jvm.dll+0x61bdf6]
V  [jvm.dll+0x61be5a]
V  [jvm.dll+0x61e67a]
V  [jvm.dll+0x61c796]
V  [jvm.dll+0x239e0f]
V  [jvm.dll+0x6265a5]
V  [jvm.dll+0x1ea5db]
V  [jvm.dll+0x1eab15]
V  [jvm.dll+0x1eb54f]
V  [jvm.dll+0x1e09f1]
V  [jvm.dll+0x53c910]
V  [jvm.dll+0x1f11e7]
V  [jvm.dll+0x7ac56b]
V  [jvm.dll+0x7ad912]
V  [jvm.dll+0x7adc48]
V  [jvm.dll+0x23db7e]
V  [jvm.dll+0x37f29e]
C  0x0000026f3b31af44

Java frames: (J=compiled Java code, j=interpreted, Vv=VM code)
j  java.lang.System.newPrintStream(Ljava/io/FileOutputStream;Ljava/lang/String;)Ljava/io/PrintStream;+30 java.base
j  java.lang.System.initPhase1()V+92 java.base
v  ~StubRoutines::call_stub

---------------  P R O C E S S  ---------------

Threads class SMR info:
_java_thread_list=0x0000026f36f64c50, length=3, elements={
0x0000026f36ea65e0, 0x0000026f4e765010, 0x0000026f4e765b30
}

Java Threads: ( => current thread )
=>0x0000026f36ea65e0 JavaThread "main" [_thread_in_vm, id=28968, stack(0x000000fbee500000,0x000000fbee600000)]
  0x0000026f4e765010 JavaThread "Reference Handler" daemon [_thread_blocked, id=46768, stack(0x000000fbee800000,0x000000fbee900000)]
  0x0000026f4e765b30 JavaThread "Finalizer" daemon [_thread_blocked, id=31660, stack(0x000000fbee900000,0x000000fbeea00000)]

Other Threads:
  0x0000026f4e751fd0 VMThread "VM Thread" [stack: 0x000000fbee700000,0x000000fbee800000] [id=29144]
  0x0000026f36ebbba0 GCTaskThread "GC Thread#0" [stack: 0x000000fbee600000,0x000000fbee700000] [id=19740]

Threads with active compile tasks:

VM state: not at safepoint (normal execution)

VM Mutex/Monitor currently owned by a thread:  ([mutex/lock_event])
[0x0000026f36c35cd0] Metaspace_lock - owner thread: 0x0000026f36ea65e0

Heap address: 0x00000000c0000000, size: 1024 MB, Compressed Oops mode: 32-bit

CDS archive(s) not mapped
Compressed class space mapped at: 0x0000000100000000-0x0000000140000000, reserved size: 1073741824
Narrow klass base: 0x0000000000000000, Narrow klass shift: 3, Narrow klass range: 0x140000000

GC Precious Log:
 CPUs: 12 total, 12 available
 Memory: 16163M
 Large Page Support: Disabled
 NUMA Support: Disabled
 Compressed Oops: Enabled (32-bit)
 Alignments: Space 512K, Generation 512K, Heap 2M
 Heap Min Capacity: 100M
 Heap Initial Capacity: 100M
 Heap Max Capacity: 1G
 Pre-touch: Disabled
 Parallel Workers: 10

Heap:
 PSYoungGen      total 29696K, used 1024K [0x00000000eab00000, 0x00000000ecc00000, 0x0000000100000000)
  eden space 25600K, 4% used [0x00000000eab00000,0x00000000eac00138,0x00000000ec400000)
  from space 4096K, 0% used [0x00000000ec800000,0x00000000ec800000,0x00000000ecc00000)
  to   space 4096K, 0% used [0x00000000ec400000,0x00000000ec400000,0x00000000ec800000)
 ParOldGen       total 68608K, used 0K [0x00000000c0000000, 0x00000000c4300000, 0x00000000eab00000)
  object space 68608K, 0% used [0x00000000c0000000,0x00000000c0000000,0x00000000c4300000)
 Metaspace       used 2041K, committed 2048K, reserved 1056768K
  class space    used 185K, committed 192K, reserved 1048576K

Card table byte_map: [0x0000026f4a4f0000,0x0000026f4a700000] _byte_map_base: 0x0000026f49ef0000

Marking Bits: (ParMarkBitMap*) 0x00007ffeb1352cc0
 Begin Bits: [0x0000026f4a860000, 0x0000026f4b860000)
 End Bits:   [0x0000026f4b860000, 0x0000026f4c860000)

Polling page: 0x0000026f36f70000

Metaspace:

Usage:
  Non-class:      1.81 MB used.
      Class:    185.89 KB used.
       Both:      1.99 MB used.

Virtual space:
  Non-class space:        8.00 MB reserved,       1.81 MB ( 23%) committed,  1 nodes.
      Class space:        1.00 GB reserved,     192.00 KB ( <1%) committed,  1 nodes.
             Both:        1.01 GB reserved,       2.00 MB ( <1%) committed. 

Chunk freelists:
   Non-Class:  0 bytes
       Class:  3.75 MB
        Both:  3.75 MB

MaxMetaspaceSize: unlimited
CompressedClassSpaceSize: 1.00 GB
Initial GC threshold: 21.00 MB
Current GC threshold: 17179869184.00 GB
CDS: off
MetaspaceReclaimPolicy: balanced
 - commit_granule_bytes: 65536.
 - commit_granule_words: 8192.
 - virtual_space_node_default_size: 1048576.
 - enlarge_chunks_in_place: 1.
 - new_chunks_are_fully_committed: 0.
 - uncommit_free_chunks: 1.
 - use_allocation_guard: 0.
 - handle_deallocations: 1.


Internal statistics:

num_allocs_failed_limit: 0.
num_arena_births: 2.
num_arena_deaths: 0.
num_vsnodes_births: 2.
num_vsnodes_deaths: 0.
num_space_committed: 32.
num_space_uncommitted: 0.
num_chunks_returned_to_freelist: 0.
num_chunks_taken_from_freelist: 3.
num_chunk_merges: 0.
num_chunk_splits: 1.
num_chunks_enlarged: 0.
num_purges: 0.
num_inconsistent_stats: 0.

CodeHeap 'non-profiled nmethods': size=120000Kb used=0Kb max_used=0Kb free=120000Kb
 bounds [0x0000026f42dd0000, 0x0000026f43040000, 0x0000026f4a300000]
CodeHeap 'profiled nmethods': size=120000Kb used=0Kb max_used=0Kb free=120000Kb
 bounds [0x0000026f3b8a0000, 0x0000026f3bb10000, 0x0000026f42dd0000]
CodeHeap 'non-nmethods': size=5760Kb used=381Kb max_used=381Kb free=5378Kb
 bounds [0x0000026f3b300000, 0x0000026f3b570000, 0x0000026f3b8a0000]
 total_blobs=178 nmethods=0 adapters=151
 compilation: enabled
              stopped_count=0, restarted_count=0
 full_count=0

Compilation events (0 events):
No events

GC Heap History (0 events):
No events

Deoptimization events (0 events):
No events

Classes unloaded (0 events):
No events

Classes redefined (0 events):
No events

Internal exceptions (0 events):
No events

VM Operations (0 events):
No events

Events (20 events):
Event: 0.198 loading class java/io/FileDescriptor done
Event: 0.198 loading class java/io/FileDescriptor$1
Event: 0.198 loading class jdk/internal/access/JavaIOFileDescriptorAccess
Event: 0.199 loading class jdk/internal/access/JavaIOFileDescriptorAccess done
Event: 0.199 loading class java/io/FileDescriptor$1 done
Event: 0.199 loading class java/io/FileOutputStream
Event: 0.199 loading class java/io/OutputStream
Event: 0.199 loading class java/io/Flushable
Event: 0.199 loading class java/io/Flushable done
Event: 0.199 loading class java/io/OutputStream done
Event: 0.199 loading class java/io/FileOutputStream done
Event: 0.199 loading class java/io/BufferedInputStream
Event: 0.199 loading class java/io/FilterInputStream
Event: 0.199 loading class java/io/FilterInputStream done
Event: 0.200 loading class java/io/BufferedInputStream done
Event: 0.200 loading class java/io/PrintStream
Event: 0.200 loading class java/io/FilterOutputStream
Event: 0.200 loading class java/io/FilterOutputStream done
Event: 0.200 loading class java/io/PrintStream done
Event: 0.200 loading class java/io/BufferedOutputStream


Dynamic libraries:
0x00007ff7dfb60000 - 0x00007ff7dfb6e000 	c:\Users\dell\.vscode\extensions\redhat.java-1.12.0-win32-x64\jre\17.0.4.1-win32-x86_64\bin\java.exe
0x00007fff330a0000 - 0x00007fff332a9000 	C:\WINDOWS\SYSTEM32\ntdll.dll
0x00007fff31d90000 - 0x00007fff31e4d000 	C:\WINDOWS\System32\KERNEL32.DLL
0x00007fff30ba0000 - 0x00007fff30f1b000 	C:\WINDOWS\System32\KERNELBASE.dll
0x00007fff29c10000 - 0x00007fff29ca2000 	C:\WINDOWS\SYSTEM32\apphelp.dll
0x00007fff305e0000 - 0x00007fff306f1000 	C:\WINDOWS\System32\ucrtbase.dll
0x00007fff24660000 - 0x00007fff24679000 	c:\Users\dell\.vscode\extensions\redhat.java-1.12.0-win32-x64\jre\17.0.4.1-win32-x86_64\bin\VCRUNTIME140.dll
0x00007fff24260000 - 0x00007fff24278000 	c:\Users\dell\.vscode\extensions\redhat.java-1.12.0-win32-x64\jre\17.0.4.1-win32-x86_64\bin\jli.dll
0x00007fff31aa0000 - 0x00007fff31c4d000 	C:\WINDOWS\System32\USER32.dll
0x00007fff308c0000 - 0x00007fff308e6000 	C:\WINDOWS\System32\win32u.dll
0x00007fff31a70000 - 0x00007fff31a99000 	C:\WINDOWS\System32\GDI32.dll
0x00007fff1a560000 - 0x00007fff1a805000 	C:\WINDOWS\WinSxS\amd64_microsoft.windows.common-controls_6595b64144ccf1df_6.0.22000.120_none_9d947278b86cc467\COMCTL32.dll
0x00007fff307a0000 - 0x00007fff308b8000 	C:\WINDOWS\System32\gdi32full.dll
0x00007fff30700000 - 0x00007fff3079d000 	C:\WINDOWS\System32\msvcp_win.dll
0x00007fff32ab0000 - 0x00007fff32b53000 	C:\WINDOWS\System32\msvcrt.dll
0x00007fff323b0000 - 0x00007fff323e1000 	C:\WINDOWS\System32\IMM32.DLL
0x00007fff283b0000 - 0x00007fff283bc000 	c:\Users\dell\.vscode\extensions\redhat.java-1.12.0-win32-x64\jre\17.0.4.1-win32-x86_64\bin\vcruntime140_1.dll
0x00007fff032c0000 - 0x00007fff03351000 	c:\Users\dell\.vscode\extensions\redhat.java-1.12.0-win32-x64\jre\17.0.4.1-win32-x86_64\bin\msvcp140.dll
0x00007ffeb07d0000 - 0x00007ffeb1416000 	c:\Users\dell\.vscode\extensions\redhat.java-1.12.0-win32-x64\jre\17.0.4.1-win32-x86_64\bin\server\jvm.dll
0x00007fff32b60000 - 0x00007fff32c0e000 	C:\WINDOWS\System32\ADVAPI32.dll
0x00007fff32710000 - 0x00007fff327ae000 	C:\WINDOWS\System32\sechost.dll
0x00007fff325f0000 - 0x00007fff32710000 	C:\WINDOWS\System32\RPCRT4.dll
0x00007fff31cc0000 - 0x00007fff31cc8000 	C:\WINDOWS\System32\PSAPI.DLL
0x00007fff1ea10000 - 0x00007fff1ea19000 	C:\WINDOWS\SYSTEM32\WSOCK32.dll
0x00007fff269c0000 - 0x00007fff269ca000 	C:\WINDOWS\SYSTEM32\VERSION.dll
0x00007fff32cb0000 - 0x00007fff32d1f000 	C:\WINDOWS\System32\WS2_32.dll
0x00007fff27ca0000 - 0x00007fff27cd3000 	C:\WINDOWS\SYSTEM32\WINMM.dll
0x00007fff2f6a0000 - 0x00007fff2f6b8000 	C:\WINDOWS\SYSTEM32\kernel.appcore.dll
0x00007fff28350000 - 0x00007fff2835a000 	c:\Users\dell\.vscode\extensions\redhat.java-1.12.0-win32-x64\jre\17.0.4.1-win32-x86_64\bin\jimage.dll
0x00007fff2e130000 - 0x00007fff2e351000 	C:\WINDOWS\SYSTEM32\DBGHELP.DLL
0x00007fff24800000 - 0x00007fff24831000 	C:\WINDOWS\SYSTEM32\dbgcore.DLL
0x00007fff30a60000 - 0x00007fff30adf000 	C:\WINDOWS\System32\bcryptPrimitives.dll
0x00007fff27250000 - 0x00007fff2725e000 	c:\Users\dell\.vscode\extensions\redhat.java-1.12.0-win32-x64\jre\17.0.4.1-win32-x86_64\bin\instrument.dll
0x00007fff24150000 - 0x00007fff24175000 	c:\Users\dell\.vscode\extensions\redhat.java-1.12.0-win32-x64\jre\17.0.4.1-win32-x86_64\bin\java.dll
0x00007fff23a80000 - 0x00007fff23a98000 	c:\Users\dell\.vscode\extensions\redhat.java-1.12.0-win32-x64\jre\17.0.4.1-win32-x86_64\bin\zip.dll
0x00007fff312b0000 - 0x00007fff31a68000 	C:\WINDOWS\System32\SHELL32.dll
0x00007fff2e4d0000 - 0x00007fff2ed35000 	C:\WINDOWS\SYSTEM32\windows.storage.dll
0x00007fff30f20000 - 0x00007fff31297000 	C:\WINDOWS\System32\combase.dll
0x00007fff2e360000 - 0x00007fff2e4c6000 	C:\WINDOWS\SYSTEM32\wintypes.dll
0x00007fff327b0000 - 0x00007fff3289a000 	C:\WINDOWS\System32\SHCORE.dll
0x00007fff31e60000 - 0x00007fff31ebd000 	C:\WINDOWS\System32\shlwapi.dll
0x00007fff304a0000 - 0x00007fff304c1000 	C:\WINDOWS\SYSTEM32\profapi.dll

dbghelp: loaded successfully - version: 4.0.5 - missing functions: none
symbol engine: initialized successfully - sym options: 0x614 - pdb path: .;c:\Users\dell\.vscode\extensions\redhat.java-1.12.0-win32-x64\jre\17.0.4.1-win32-x86_64\bin;C:\WINDOWS\SYSTEM32;C:\WINDOWS\WinSxS\amd64_microsoft.windows.common-controls_6595b64144ccf1df_6.0.22000.120_none_9d947278b86cc467;c:\Users\dell\.vscode\extensions\redhat.java-1.12.0-win32-x64\jre\17.0.4.1-win32-x86_64\bin\server

VM Arguments:
jvm_args: --add-modules=ALL-SYSTEM --add-opens=java.base/java.util=ALL-UNNAMED --add-opens=java.base/java.lang=ALL-UNNAMED --add-opens=java.base/sun.nio.fs=ALL-UNNAMED -Declipse.application=org.eclipse.jdt.ls.core.id1 -Dosgi.bundles.defaultStartLevel=4 -Declipse.product=org.eclipse.jdt.ls.core.product -Djava.import.generatesMetadataFilesAtProjectRoot=false -Dfile.encoding=utf8 -XX:+UseParallelGC -XX:GCTimeRatio=4 -XX:AdaptiveSizePolicyWeight=90 -Dsun.zip.disableMemoryMapping=true -Xmx1G -Xms100m -Xlog:disable -javaagent:c:\Users\dell\.vscode\extensions\redhat.java-1.12.0-win32-x64\lombok\lombok-1.18.24.jar 
java_command: c:\Users\dell\.vscode\extensions\redhat.java-1.12.0-win32-x64\server\plugins\org.eclipse.equinox.launcher_1.6.400.v20210924-0641.jar -configuration c:\Users\dell\AppData\Roaming\Code\User\globalStorage\redhat.java\1.12.0\config_ss_win -data c:\Users\dell\AppData\Roaming\Code\User\workspaceStorage\7dacab551bd5d13f21454db8a7b4094e\redhat.java\ss_ws
java_class_path (initial): c:\Users\dell\.vscode\extensions\redhat.java-1.12.0-win32-x64\server\plugins\org.eclipse.equinox.launcher_1.6.400.v20210924-0641.jar
Launcher Type: SUN_STANDARD

[Global flags]
    uintx AdaptiveSizePolicyWeight                 = 90                                        {product} {command line}
     intx CICompilerCount                          = 4                                         {product} {ergonomic}
    uintx GCTimeRatio                              = 4                                         {product} {command line}
   size_t InitialHeapSize                          = 104857600                                 {product} {command line}
   size_t MaxHeapSize                              = 1073741824                                {product} {command line}
   size_t MaxNewSize                               = 357564416                                 {product} {ergonomic}
   size_t MinHeapDeltaBytes                        = 524288                                    {product} {ergonomic}
   size_t MinHeapSize                              = 104857600                                 {product} {command line}
   size_t NewSize                                  = 34603008                                  {product} {ergonomic}
    uintx NonNMethodCodeHeapSize                   = 5839372                                {pd product} {ergonomic}
    uintx NonProfiledCodeHeapSize                  = 122909434                              {pd product} {ergonomic}
   size_t OldSize                                  = 70254592                                  {product} {ergonomic}
    uintx ProfiledCodeHeapSize                     = 122909434                              {pd product} {ergonomic}
    uintx ReservedCodeCacheSize                    = 251658240                              {pd product} {ergonomic}
     bool SegmentedCodeCache                       = true                                      {product} {ergonomic}
   size_t SoftMaxHeapSize                          = 1073741824                             {manageable} {ergonomic}
     bool UseCompressedClassPointers               = true                           {product lp64_product} {ergonomic}
     bool UseCompressedOops                        = true                           {product lp64_product} {ergonomic}
     bool UseLargePagesIndividualAllocation        = false                                  {pd product} {ergonomic}
     bool UseParallelGC                            = true                                      {product} {command line}

Logging:
Log output configuration:
 #0: stdout all=off uptime,level,tags
 #1: stderr all=off uptime,level,tags

Environment Variables:
JAVA_HOME=C:\Program Files\Java\jdk-16.0.2
PATH=C:\Program Files\Common Files\Oracle\Java\javapath;C:\Program Files\Java\jdk-16.0.2C:\Program Files\Java\jdk-16.0.2\bin;D:\bin;C:\WINDOWS\system32;C:\WINDOWS;C:\WINDOWS\System32\Wbem;C:\WINDOWS\System32\WindowsPowerShell\v1.0\;C:\WINDOWS\System32\OpenSSH\;C:\Program Files\dotnet\;C:\Program Files\PuTTY\;D:\Git\cmd;C:\Users\dell\AppData\Local\Programs\Python\Python310\Scripts\;C:\Users\dell\AppData\Local\Programs\Python\Python310\;C:\Users\dell\AppData\Local\Programs\Python\Python37\Scripts\;C:\Users\dell\AppData\Local\Programs\Python\Python37\;C:\Users\dell\AppData\Local\Programs\Python\Python37-32\Scripts\;C:\Users\dell\AppData\Local\Programs\Python\Python37-32\;C:\Users\dell\AppData\Local\Microsoft\WindowsApps;C:\Program Files\Bandizip\;C:\ProgramData\dell\GitHubDesktop\bin;C:\Users\dell\AppData\Local\GitHubDesktop\bin;F:\Microsoft VS Code\bin;C:\ProgramData\Dell\GitHubDesktop\bin
USERNAME=dell
OS=Windows_NT
PROCESSOR_IDENTIFIER=Intel64 Family 6 Model 158 Stepping 10, GenuineIntel
TMP=C:\Users\dell\AppData\Local\Temp
TEMP=C:\Users\dell\AppData\Local\Temp



---------------  S Y S T E M  ---------------

OS:
 Windows 11 , 64 bit Build 22000 (10.0.22000.708)
OS uptime: 23 days 19:05 hours
Hyper-V role detected

CPU: total 12 (initial active 12) (6 cores per cpu, 2 threads per core) family 6 model 158 stepping 10 microcode 0xf0, cx8, cmov, fxsr, ht, mmx, 3dnowpref, sse, sse2, sse3, ssse3, sse4.1, sse4.2, popcnt, lzcnt, tsc, tscinvbit, avx, avx2, aes, erms, clmul, bmi1, bmi2, adx, fma, vzeroupper, clflush, clflushopt, hv

Memory: 4k page, system-wide physical 16163M (455M free)
TotalPageFile size 29231M (AvailPageFile size 3M)
current process WorkingSet (physical memory assigned to process): 21M, peak: 21M
current process commit charge ("private bytes"): 184M, peak: 184M

vm_info: OpenJDK 64-Bit Server VM (17.0.4.1+1) for windows-amd64 JRE (17.0.4.1+1), built on Aug 17 2022 07:42:43 by "temurin" with MS VC++ 16.7 (VS2019)

END.
