#
# There is insufficient memory for the Java Runtime Environment to continue.
# Native memory allocation (malloc) failed to allocate 1459760 bytes for Chunk::new
# Possible reasons:
#   The system is out of physical RAM or swap space
#   The process is running with CompressedOops enabled, and the Java Heap may be blocking the growth of the native heap
# Possible solutions:
#   Reduce memory load on the system
#   Increase physical memory or swap space
#   Check if swap backing store is full
#   Decrease Java heap size (-Xmx/-Xms)
#   Decrease number of Java threads
#   Decrease Java thread stack sizes (-Xss)
#   Set larger code cache with -XX:ReservedCodeCacheSize=
#   JVM is running with Unscaled Compressed Oops mode in which the Java heap is
#     placed in the first 4GB address space. The Java Heap base address is the
#     maximum limit for the native heap growth. Please use -XX:HeapBaseMinAddress
#     to set the Java Heap base and to place the Java Heap above 4GB virtual address.
# This output file may be truncated or incomplete.
#
#  Out of Memory Error (arena.cpp:189), pid=9036, tid=32284
#
# JRE version: OpenJDK Runtime Environment Temurin-17.0.4.1+1 (17.0.4.1+1) (build 17.0.4.1+1)
# Java VM: OpenJDK 64-Bit Server VM Temurin-17.0.4.1+1 (17.0.4.1+1, mixed mode, tiered, compressed oops, compressed class ptrs, parallel gc, windows-amd64)
# No core dump will be written. Minidumps are not enabled by default on client versions of Windows
#

---------------  S U M M A R Y ------------

Command Line: --add-modules=ALL-SYSTEM --add-opens=java.base/java.util=ALL-UNNAMED --add-opens=java.base/java.lang=ALL-UNNAMED --add-opens=java.base/sun.nio.fs=ALL-UNNAMED -Declipse.application=org.eclipse.jdt.ls.core.id1 -Dosgi.bundles.defaultStartLevel=4 -Declipse.product=org.eclipse.jdt.ls.core.product -Djava.import.generatesMetadataFilesAtProjectRoot=false -Dfile.encoding=utf8 -XX:+UseParallelGC -XX:GCTimeRatio=4 -XX:AdaptiveSizePolicyWeight=90 -Dsun.zip.disableMemoryMapping=true -Xmx1G -Xms100m -Xlog:disable -javaagent:c:\Users\dell\.vscode\extensions\redhat.java-1.12.0-win32-x64\lombok\lombok-1.18.24.jar c:\Users\dell\.vscode\extensions\redhat.java-1.12.0-win32-x64\server\plugins\org.eclipse.equinox.launcher_1.6.400.v20210924-0641.jar -configuration c:\Users\dell\AppData\Roaming\Code\User\globalStorage\redhat.java\1.12.0\config_ss_win -data c:\Users\dell\AppData\Roaming\Code\User\workspaceStorage\7dacab551bd5d13f21454db8a7b4094e\redhat.java\ss_ws

Host: Intel(R) Core(TM) i7-9750H CPU @ 2.60GHz, 12 cores, 15G,  Windows 11 , 64 bit Build 22000 (10.0.22000.708)
Time: Sat Nov  5 13:52:29 2022  Windows 11 , 64 bit Build 22000 (10.0.22000.708) elapsed time: 23.612902 seconds (0d 0h 0m 23s)

---------------  T H R E A D  ---------------

Current thread (0x00000242b050e850):  JavaThread "C2 CompilerThread0" daemon [_thread_in_native, id=32284, stack(0x000000d58c100000,0x000000d58c200000)]


Current CompileTask:
C2:  23612 7220   !   4       org.eclipse.jdt.internal.compiler.lookup.BinaryTypeBinding::superclass (207 bytes)

Stack: [0x000000d58c100000,0x000000d58c200000]
Native frames: (J=compiled Java code, j=interpreted, Vv=VM code, C=native code)
V  [jvm.dll+0x67731a]
V  [jvm.dll+0x832284]
V  [jvm.dll+0x833a2e]
V  [jvm.dll+0x834093]
V  [jvm.dll+0x245775]
V  [jvm.dll+0xabd7b]
V  [jvm.dll+0xac30c]
V  [jvm.dll+0x363a97]
V  [jvm.dll+0x1bbd52]
V  [jvm.dll+0x2187d9]
V  [jvm.dll+0x217aa1]
V  [jvm.dll+0x1a3f8d]
V  [jvm.dll+0x227498]
V  [jvm.dll+0x2255e5]
V  [jvm.dll+0x7e7e9b]
V  [jvm.dll+0x7e240a]
V  [jvm.dll+0x6761a5]
C  [ucrtbase.dll+0x26c0c]
C  [KERNEL32.DLL+0x154e0]
C  [ntdll.dll+0x485b]


---------------  P R O C E S S  ---------------

Threads class SMR info:
_java_thread_list=0x00000242b4d168c0, length=29, elements={
0x000002429a895bd0, 0x00000242ae722180, 0x00000242ae723600, 0x00000242b04dd230,
0x00000242b04fab20, 0x00000242b04fc320, 0x00000242b04fe660, 0x00000242b050e850,
0x00000242b0511d80, 0x00000242b051a280, 0x00000242b0677a90, 0x00000242b0678dd0,
0x00000242b0677f60, 0x00000242b0675db0, 0x00000242b0676280, 0x00000242b0678430,
0x00000242b06792a0, 0x00000242b0676c20, 0x00000242b06770f0, 0x00000242b06758e0,
0x00000242b06775c0, 0x00000242b31a3340, 0x00000242b31a5020, 0x00000242b31a59c0,
0x00000242b31a1660, 0x00000242b31a6360, 0x00000242b319f4b0, 0x00000242b4f57ee0,
0x00000242b4f56aa0
}

Java Threads: ( => current thread )
  0x000002429a895bd0 JavaThread "main" [_thread_blocked, id=19632, stack(0x000000d58b800000,0x000000d58b900000)]
  0x00000242ae722180 JavaThread "Reference Handler" daemon [_thread_blocked, id=30328, stack(0x000000d58bb00000,0x000000d58bc00000)]
  0x00000242ae723600 JavaThread "Finalizer" daemon [_thread_blocked, id=40020, stack(0x000000d58bc00000,0x000000d58bd00000)]
  0x00000242b04dd230 JavaThread "Signal Dispatcher" daemon [_thread_blocked, id=44764, stack(0x000000d58bd00000,0x000000d58be00000)]
  0x00000242b04fab20 JavaThread "Attach Listener" daemon [_thread_blocked, id=42596, stack(0x000000d58be00000,0x000000d58bf00000)]
  0x00000242b04fc320 JavaThread "Service Thread" daemon [_thread_blocked, id=10192, stack(0x000000d58bf00000,0x000000d58c000000)]
  0x00000242b04fe660 JavaThread "Monitor Deflation Thread" daemon [_thread_blocked, id=31168, stack(0x000000d58c000000,0x000000d58c100000)]
=>0x00000242b050e850 JavaThread "C2 CompilerThread0" daemon [_thread_in_native, id=32284, stack(0x000000d58c100000,0x000000d58c200000)]
  0x00000242b0511d80 JavaThread "C1 CompilerThread0" daemon [_thread_blocked, id=20216, stack(0x000000d58c200000,0x000000d58c300000)]
  0x00000242b051a280 JavaThread "Sweeper thread" daemon [_thread_blocked, id=32792, stack(0x000000d58c300000,0x000000d58c400000)]
  0x00000242b0677a90 JavaThread "Common-Cleaner" daemon [_thread_blocked, id=15400, stack(0x000000d58c400000,0x000000d58c500000)]
  0x00000242b0678dd0 JavaThread "Notification Thread" daemon [_thread_blocked, id=47480, stack(0x000000d58c600000,0x000000d58c700000)]
  0x00000242b0677f60 JavaThread "Active Thread: Equinox Container: f29ebb03-4301-4475-9b99-39502b02f239" [_thread_blocked, id=12396, stack(0x000000d58cf00000,0x000000d58d000000)]
  0x00000242b0675db0 JavaThread "Framework Event Dispatcher: Equinox Container: f29ebb03-4301-4475-9b99-39502b02f239" daemon [_thread_blocked, id=32120, stack(0x000000d58d000000,0x000000d58d100000)]
  0x00000242b0676280 JavaThread "Start Level: Equinox Container: f29ebb03-4301-4475-9b99-39502b02f239" daemon [_thread_blocked, id=17708, stack(0x000000d58d100000,0x000000d58d200000)]
  0x00000242b0678430 JavaThread "SCR Component Actor" daemon [_thread_blocked, id=10276, stack(0x000000d58d200000,0x000000d58d300000)]
  0x00000242b06792a0 JavaThread "Worker-JM" [_thread_blocked, id=47428, stack(0x000000d58c500000,0x000000d58c600000)]
  0x00000242b0676c20 JavaThread "Worker-0" [_thread_blocked, id=8576, stack(0x000000d58d600000,0x000000d58d700000)]
  0x00000242b06770f0 JavaThread "Worker-1" [_thread_blocked, id=17596, stack(0x000000d58d700000,0x000000d58d800000)]
  0x00000242b06758e0 JavaThread "Worker-2" [_thread_blocked, id=46652, stack(0x000000d58d900000,0x000000d58da00000)]
  0x00000242b06775c0 JavaThread "JNA Cleaner" daemon [_thread_blocked, id=22644, stack(0x000000d58da00000,0x000000d58db00000)]
  0x00000242b31a3340 JavaThread "pool-2-thread-1" [_thread_blocked, id=6716, stack(0x000000d58db00000,0x000000d58dc00000)]
  0x00000242b31a5020 JavaThread "pool-1-thread-1" [_thread_in_native, id=34780, stack(0x000000d58dc00000,0x000000d58dd00000)]
  0x00000242b31a59c0 JavaThread "ForkJoinPool.commonPool-worker-1" daemon [_thread_blocked, id=5068, stack(0x000000d58de00000,0x000000d58df00000)]
  0x00000242b31a1660 JavaThread "ForkJoinPool.commonPool-worker-2" daemon [_thread_blocked, id=28392, stack(0x000000d58df00000,0x000000d58e000000)]
  0x00000242b31a6360 JavaThread "ForkJoinPool.commonPool-worker-3" daemon [_thread_blocked, id=41676, stack(0x000000d58e000000,0x000000d58e100000)]
  0x00000242b319f4b0 JavaThread "pool-1-thread-2" [_thread_blocked, id=11532, stack(0x000000d58dd00000,0x000000d58de00000)]
  0x00000242b4f57ee0 JavaThread "C2 CompilerThread1" daemon [_thread_blocked, id=43352, stack(0x000000d58d300000,0x000000d58d400000)]
  0x00000242b4f56aa0 JavaThread "C2 CompilerThread2" daemon [_thread_blocked, id=6880, stack(0x000000d58d800000,0x000000d58d900000)]

Other Threads:
  0x000002429a96ec40 VMThread "VM Thread" [stack: 0x000000d58ba00000,0x000000d58bb00000] [id=42040]
  0x00000242b08193e0 WatcherThread [stack: 0x000000d58c700000,0x000000d58c800000] [id=41596]
  0x000002429a8aa9b0 GCTaskThread "GC Thread#0" [stack: 0x000000d58b900000,0x000000d58ba00000] [id=40404]
  0x00000242b1d33a50 GCTaskThread "GC Thread#1" [stack: 0x000000d58c900000,0x000000d58ca00000] [id=9532]
  0x00000242b1ddb5b0 GCTaskThread "GC Thread#2" [stack: 0x000000d58ca00000,0x000000d58cb00000] [id=31832]
  0x00000242b1ddb860 GCTaskThread "GC Thread#3" [stack: 0x000000d58cb00000,0x000000d58cc00000] [id=47668]
  0x00000242b1ddbb10 GCTaskThread "GC Thread#4" [stack: 0x000000d58cc00000,0x000000d58cd00000] [id=46184]
  0x00000242b1ddbdc0 GCTaskThread "GC Thread#5" [stack: 0x000000d58cd00000,0x000000d58ce00000] [id=14104]
  0x00000242b1b49150 GCTaskThread "GC Thread#6" [stack: 0x000000d58ce00000,0x000000d58cf00000] [id=9584]
  0x00000242b29b7060 GCTaskThread "GC Thread#7" [stack: 0x000000d58c800000,0x000000d58c900000] [id=37524]
  0x00000242b2cbe550 GCTaskThread "GC Thread#8" [stack: 0x000000d58d400000,0x000000d58d500000] [id=15992]
  0x00000242b2cc5430 GCTaskThread "GC Thread#9" [stack: 0x000000d58d500000,0x000000d58d600000] [id=45668]

Threads with active compile tasks:
C2 CompilerThread0    23643 7220   !   4       org.eclipse.jdt.internal.compiler.lookup.BinaryTypeBinding::superclass (207 bytes)

VM state: not at safepoint (normal execution)

VM Mutex/Monitor currently owned by a thread: None

Heap address: 0x00000000c0000000, size: 1024 MB, Compressed Oops mode: 32-bit

CDS archive(s) not mapped
Compressed class space mapped at: 0x0000000100000000-0x0000000140000000, reserved size: 1073741824
Narrow klass base: 0x0000000000000000, Narrow klass shift: 3, Narrow klass range: 0x140000000

GC Precious Log:
 CPUs: 12 total, 12 available
 Memory: 16163M
 Large Page Support: Disabled
 NUMA Support: Disabled
 Compressed Oops: Enabled (32-bit)
 Alignments: Space 512K, Generation 512K, Heap 2M
 Heap Min Capacity: 100M
 Heap Initial Capacity: 100M
 Heap Max Capacity: 1G
 Pre-touch: Disabled
 Parallel Workers: 10

Heap:
 PSYoungGen      total 16896K, used 1338K [0x00000000eab00000, 0x00000000ebc80000, 0x0000000100000000)
  eden space 15872K, 3% used [0x00000000eab00000,0x00000000eab8e3a8,0x00000000eba80000)
  from space 1024K, 75% used [0x00000000ebb80000,0x00000000ebc404d8,0x00000000ebc80000)
  to   space 1024K, 0% used [0x00000000eba80000,0x00000000eba80000,0x00000000ebb80000)
 ParOldGen       total 68608K, used 47783K [0x00000000c0000000, 0x00000000c4300000, 0x00000000eab00000)
  object space 68608K, 69% used [0x00000000c0000000,0x00000000c2ea9d60,0x00000000c4300000)
 Metaspace       used 50621K, committed 51392K, reserved 1097728K
  class space    used 4995K, committed 5376K, reserved 1048576K

Card table byte_map: [0x000002429a250000,0x000002429a460000] _byte_map_base: 0x0000024299c50000

Marking Bits: (ParMarkBitMap*) 0x00007ffee0862cc0
 Begin Bits: [0x00000242ac530000, 0x00000242ad530000)
 End Bits:   [0x00000242ad530000, 0x00000242ae530000)

Polling page: 0x0000024298850000

Metaspace:

Usage:
  Non-class:     44.56 MB used.
      Class:      4.88 MB used.
       Both:     49.44 MB used.

Virtual space:
  Non-class space:       48.00 MB reserved,      44.94 MB ( 94%) committed,  6 nodes.
      Class space:        1.00 GB reserved,       5.25 MB ( <1%) committed,  1 nodes.
             Both:        1.05 GB reserved,      50.19 MB (  5%) committed. 

Chunk freelists:
   Non-Class:  2.22 MB
       Class:  2.66 MB
        Both:  4.88 MB

MaxMetaspaceSize: unlimited
CompressedClassSpaceSize: 1.00 GB
Initial GC threshold: 21.00 MB
Current GC threshold: 58.38 MB
CDS: off
MetaspaceReclaimPolicy: balanced
 - commit_granule_bytes: 65536.
 - commit_granule_words: 8192.
 - virtual_space_node_default_size: 1048576.
 - enlarge_chunks_in_place: 1.
 - new_chunks_are_fully_committed: 0.
 - uncommit_free_chunks: 1.
 - use_allocation_guard: 0.
 - handle_deallocations: 1.


Internal statistics:

num_allocs_failed_limit: 6.
num_arena_births: 320.
num_arena_deaths: 14.
num_vsnodes_births: 7.
num_vsnodes_deaths: 0.
num_space_committed: 803.
num_space_uncommitted: 0.
num_chunks_returned_to_freelist: 20.
num_chunks_taken_from_freelist: 2015.
num_chunk_merges: 10.
num_chunk_splits: 1349.
num_chunks_enlarged: 938.
num_purges: 2.
num_inconsistent_stats: 0.

CodeHeap 'non-profiled nmethods': size=120000Kb used=4361Kb max_used=4475Kb free=115638Kb
 bounds [0x00000242a5000000, 0x00000242a5460000, 0x00000242ac530000]
CodeHeap 'profiled nmethods': size=120000Kb used=12592Kb max_used=13968Kb free=107407Kb
 bounds [0x000002429dad0000, 0x000002429e880000, 0x00000242a5000000]
CodeHeap 'non-nmethods': size=5760Kb used=1332Kb max_used=1439Kb free=4427Kb
 bounds [0x000002429d530000, 0x000002429d7a0000, 0x000002429dad0000]
 total_blobs=6561 nmethods=5891 adapters=582
 compilation: enabled
              stopped_count=0, restarted_count=0
 full_count=0

Compilation events (20 events):
Event: 23.473 Thread 0x00000242b0511d80 nmethod 7271 0x000002429e30f190 code [0x000002429e30f520, 0x000002429e311248]
Event: 23.473 Thread 0x00000242b0511d80 7273       3       org.jsoup.nodes.Element::childElementsList (114 bytes)
Event: 23.474 Thread 0x00000242b0511d80 nmethod 7273 0x000002429e422290 code [0x000002429e422520, 0x000002429e423668]
Event: 23.474 Thread 0x00000242b0511d80 7272       3       java.io.Writer::<init> (10 bytes)
Event: 23.474 Thread 0x00000242b0511d80 nmethod 7272 0x000002429e1fb810 code [0x000002429e1fb9a0, 0x000002429e1fbb18]
Event: 23.474 Thread 0x00000242b0511d80 7274       3       java.io.StringWriter::toString (8 bytes)
Event: 23.474 Thread 0x00000242b0511d80 nmethod 7274 0x000002429e37d010 code [0x000002429e37d1c0, 0x000002429e37d308]
Event: 23.474 Thread 0x00000242b0511d80 7275       3       com.google.gson.internal.bind.TypeAdapters$15::write (10 bytes)
Event: 23.475 Thread 0x00000242b0511d80 nmethod 7275 0x000002429dd0c290 code [0x000002429dd0c4a0, 0x000002429dd0caa8]
Event: 23.475 Thread 0x00000242b0511d80 7276       3       com.google.gson.internal.bind.TypeAdapters$15::write (7 bytes)
Event: 23.475 Thread 0x00000242b0511d80 nmethod 7276 0x000002429e395890 code [0x000002429e395a80, 0x000002429e395f28]
Event: 23.504 Thread 0x00000242b4f57ee0 nmethod 7215 0x00000242a52a6a10 code [0x00000242a52a6fc0, 0x00000242a52ac988]
Event: 23.507 Thread 0x00000242b4f57ee0 7266       4       org.eclipse.jdt.internal.compiler.parser.Scanner::getNextToken (182 bytes)
Event: 23.527 Thread 0x00000242b0511d80 7277       1       org.eclipse.core.internal.dtree.DeltaDataTree::setParent (6 bytes)
Event: 23.527 Thread 0x00000242b0511d80 nmethod 7277 0x00000242a537b590 code [0x00000242a537b720, 0x00000242a537b7f8]
Event: 23.533 Thread 0x00000242b4f57ee0 nmethod 7266 0x00000242a52b8d90 code [0x00000242a52b8fe0, 0x00000242a52b9768]
Event: 23.533 Thread 0x00000242b4f57ee0 7264       4       org.eclipse.jdt.internal.compiler.parser.Scanner::mayBeAtCasePattern (41 bytes)
Event: 23.535 Thread 0x00000242b4f57ee0 nmethod 7264 0x00000242a537b110 code [0x00000242a537b2a0, 0x00000242a537b3f8]
Event: 23.535 Thread 0x00000242b4f57ee0 7239 % !   4       org.eclipse.jdt.internal.compiler.lookup.BinaryTypeBinding::createMethods @ 77 (447 bytes)
Event: 23.562 Thread 0x00000242b4f56aa0 nmethod 7255 0x00000242a52d3210 code [0x00000242a52d34c0, 0x00000242a52d6c80]

GC Heap History (20 events):
Event: 20.828 GC heap before
{Heap before GC invocations=65 (full 2):
 PSYoungGen      total 16384K, used 15041K [0x00000000eab00000, 0x00000000ebc00000, 0x0000000100000000)
  eden space 15872K, 92% used [0x00000000eab00000,0x00000000eb960728,0x00000000eba80000)
  from space 512K, 62% used [0x00000000ebb80000,0x00000000ebbd0000,0x00000000ebc00000)
  to   space 512K, 0% used [0x00000000ebb00000,0x00000000ebb00000,0x00000000ebb80000)
 ParOldGen       total 68608K, used 44171K [0x00000000c0000000, 0x00000000c4300000, 0x00000000eab00000)
  object space 68608K, 64% used [0x00000000c0000000,0x00000000c2b22d50,0x00000000c4300000)
 Metaspace       used 50260K, committed 50944K, reserved 1097728K
  class space    used 4988K, committed 5376K, reserved 1048576K
}
Event: 20.831 GC heap after
{Heap after GC invocations=65 (full 2):
 PSYoungGen      total 16384K, used 256K [0x00000000eab00000, 0x00000000ebc00000, 0x0000000100000000)
  eden space 15872K, 0% used [0x00000000eab00000,0x00000000eab00000,0x00000000eba80000)
  from space 512K, 50% used [0x00000000ebb00000,0x00000000ebb40000,0x00000000ebb80000)
  to   space 512K, 0% used [0x00000000ebb80000,0x00000000ebb80000,0x00000000ebc00000)
 ParOldGen       total 68608K, used 44200K [0x00000000c0000000, 0x00000000c4300000, 0x00000000eab00000)
  object space 68608K, 64% used [0x00000000c0000000,0x00000000c2b2a3d0,0x00000000c4300000)
 Metaspace       used 50260K, committed 50944K, reserved 1097728K
  class space    used 4988K, committed 5376K, reserved 1048576K
}
Event: 20.884 GC heap before
{Heap before GC invocations=66 (full 2):
 PSYoungGen      total 16384K, used 15470K [0x00000000eab00000, 0x00000000ebc00000, 0x0000000100000000)
  eden space 15872K, 95% used [0x00000000eab00000,0x00000000eb9dba78,0x00000000eba80000)
  from space 512K, 50% used [0x00000000ebb00000,0x00000000ebb40000,0x00000000ebb80000)
  to   space 512K, 0% used [0x00000000ebb80000,0x00000000ebb80000,0x00000000ebc00000)
 ParOldGen       total 68608K, used 44200K [0x00000000c0000000, 0x00000000c4300000, 0x00000000eab00000)
  object space 68608K, 64% used [0x00000000c0000000,0x00000000c2b2a3d0,0x00000000c4300000)
 Metaspace       used 50277K, committed 51008K, reserved 1097728K
  class space    used 4988K, committed 5376K, reserved 1048576K
}
Event: 20.884 GC heap after
{Heap after GC invocations=66 (full 2):
 PSYoungGen      total 16384K, used 320K [0x00000000eab00000, 0x00000000ebc00000, 0x0000000100000000)
  eden space 15872K, 0% used [0x00000000eab00000,0x00000000eab00000,0x00000000eba80000)
  from space 512K, 62% used [0x00000000ebb80000,0x00000000ebbd0000,0x00000000ebc00000)
  to   space 512K, 0% used [0x00000000ebb00000,0x00000000ebb00000,0x00000000ebb80000)
 ParOldGen       total 68608K, used 44232K [0x00000000c0000000, 0x00000000c4300000, 0x00000000eab00000)
  object space 68608K, 64% used [0x00000000c0000000,0x00000000c2b323d0,0x00000000c4300000)
 Metaspace       used 50277K, committed 51008K, reserved 1097728K
  class space    used 4988K, committed 5376K, reserved 1048576K
}
Event: 20.917 GC heap before
{Heap before GC invocations=67 (full 2):
 PSYoungGen      total 16384K, used 14955K [0x00000000eab00000, 0x00000000ebc00000, 0x0000000100000000)
  eden space 15872K, 92% used [0x00000000eab00000,0x00000000eb94ad20,0x00000000eba80000)
  from space 512K, 62% used [0x00000000ebb80000,0x00000000ebbd0000,0x00000000ebc00000)
  to   space 512K, 0% used [0x00000000ebb00000,0x00000000ebb00000,0x00000000ebb80000)
 ParOldGen       total 68608K, used 44232K [0x00000000c0000000, 0x00000000c4300000, 0x00000000eab00000)
  object space 68608K, 64% used [0x00000000c0000000,0x00000000c2b323d0,0x00000000c4300000)
 Metaspace       used 50281K, committed 51008K, reserved 1097728K
  class space    used 4988K, committed 5376K, reserved 1048576K
}
Event: 20.920 GC heap after
{Heap after GC invocations=67 (full 2):
 PSYoungGen      total 16384K, used 352K [0x00000000eab00000, 0x00000000ebc00000, 0x0000000100000000)
  eden space 15872K, 0% used [0x00000000eab00000,0x00000000eab00000,0x00000000eba80000)
  from space 512K, 68% used [0x00000000ebb00000,0x00000000ebb58000,0x00000000ebb80000)
  to   space 512K, 0% used [0x00000000ebb80000,0x00000000ebb80000,0x00000000ebc00000)
 ParOldGen       total 68608K, used 44264K [0x00000000c0000000, 0x00000000c4300000, 0x00000000eab00000)
  object space 68608K, 64% used [0x00000000c0000000,0x00000000c2b3a3d0,0x00000000c4300000)
 Metaspace       used 50281K, committed 51008K, reserved 1097728K
  class space    used 4988K, committed 5376K, reserved 1048576K
}
Event: 23.161 GC heap before
{Heap before GC invocations=68 (full 2):
 PSYoungGen      total 16384K, used 14673K [0x00000000eab00000, 0x00000000ebc00000, 0x0000000100000000)
  eden space 15872K, 90% used [0x00000000eab00000,0x00000000eb8fc420,0x00000000eba80000)
  from space 512K, 68% used [0x00000000ebb00000,0x00000000ebb58000,0x00000000ebb80000)
  to   space 512K, 0% used [0x00000000ebb80000,0x00000000ebb80000,0x00000000ebc00000)
 ParOldGen       total 68608K, used 44264K [0x00000000c0000000, 0x00000000c4300000, 0x00000000eab00000)
  object space 68608K, 64% used [0x00000000c0000000,0x00000000c2b3a3d0,0x00000000c4300000)
 Metaspace       used 50455K, committed 51200K, reserved 1097728K
  class space    used 4989K, committed 5376K, reserved 1048576K
}
Event: 23.162 GC heap after
{Heap after GC invocations=68 (full 2):
 PSYoungGen      total 16384K, used 512K [0x00000000eab00000, 0x00000000ebc80000, 0x0000000100000000)
  eden space 15872K, 0% used [0x00000000eab00000,0x00000000eab00000,0x00000000eba80000)
  from space 512K, 100% used [0x00000000ebb80000,0x00000000ebc00000,0x00000000ebc00000)
  to   space 1024K, 0% used [0x00000000eba80000,0x00000000eba80000,0x00000000ebb80000)
 ParOldGen       total 68608K, used 44609K [0x00000000c0000000, 0x00000000c4300000, 0x00000000eab00000)
  object space 68608K, 65% used [0x00000000c0000000,0x00000000c2b90560,0x00000000c4300000)
 Metaspace       used 50455K, committed 51200K, reserved 1097728K
  class space    used 4989K, committed 5376K, reserved 1048576K
}
Event: 23.207 GC heap before
{Heap before GC invocations=69 (full 2):
 PSYoungGen      total 16384K, used 15924K [0x00000000eab00000, 0x00000000ebc80000, 0x0000000100000000)
  eden space 15872K, 97% used [0x00000000eab00000,0x00000000eba0d0e0,0x00000000eba80000)
  from space 512K, 100% used [0x00000000ebb80000,0x00000000ebc00000,0x00000000ebc00000)
  to   space 1024K, 0% used [0x00000000eba80000,0x00000000eba80000,0x00000000ebb80000)
 ParOldGen       total 68608K, used 44609K [0x00000000c0000000, 0x00000000c4300000, 0x00000000eab00000)
  object space 68608K, 65% used [0x00000000c0000000,0x00000000c2b90560,0x00000000c4300000)
 Metaspace       used 50462K, committed 51200K, reserved 1097728K
  class space    used 4989K, committed 5376K, reserved 1048576K
}
Event: 23.208 GC heap after
{Heap after GC invocations=69 (full 2):
 PSYoungGen      total 16896K, used 704K [0x00000000eab00000, 0x00000000ebc80000, 0x0000000100000000)
  eden space 15872K, 0% used [0x00000000eab00000,0x00000000eab00000,0x00000000eba80000)
  from space 1024K, 68% used [0x00000000eba80000,0x00000000ebb30000,0x00000000ebb80000)
  to   space 1024K, 0% used [0x00000000ebb80000,0x00000000ebb80000,0x00000000ebc80000)
 ParOldGen       total 68608K, used 45168K [0x00000000c0000000, 0x00000000c4300000, 0x00000000eab00000)
  object space 68608K, 65% used [0x00000000c0000000,0x00000000c2c1c008,0x00000000c4300000)
 Metaspace       used 50462K, committed 51200K, reserved 1097728K
  class space    used 4989K, committed 5376K, reserved 1048576K
}
Event: 23.243 GC heap before
{Heap before GC invocations=70 (full 2):
 PSYoungGen      total 16896K, used 16576K [0x00000000eab00000, 0x00000000ebc80000, 0x0000000100000000)
  eden space 15872K, 100% used [0x00000000eab00000,0x00000000eba80000,0x00000000eba80000)
  from space 1024K, 68% used [0x00000000eba80000,0x00000000ebb30000,0x00000000ebb80000)
  to   space 1024K, 0% used [0x00000000ebb80000,0x00000000ebb80000,0x00000000ebc80000)
 ParOldGen       total 68608K, used 45168K [0x00000000c0000000, 0x00000000c4300000, 0x00000000eab00000)
  object space 68608K, 65% used [0x00000000c0000000,0x00000000c2c1c008,0x00000000c4300000)
 Metaspace       used 50463K, committed 51200K, reserved 1097728K
  class space    used 4989K, committed 5376K, reserved 1048576K
}
Event: 23.244 GC heap after
{Heap after GC invocations=70 (full 2):
 PSYoungGen      total 16896K, used 576K [0x00000000eab00000, 0x00000000ebc80000, 0x0000000100000000)
  eden space 15872K, 0% used [0x00000000eab00000,0x00000000eab00000,0x00000000eba80000)
  from space 1024K, 56% used [0x00000000ebb80000,0x00000000ebc10000,0x00000000ebc80000)
  to   space 1024K, 0% used [0x00000000eba80000,0x00000000eba80000,0x00000000ebb80000)
 ParOldGen       total 68608K, used 45564K [0x00000000c0000000, 0x00000000c4300000, 0x00000000eab00000)
  object space 68608K, 66% used [0x00000000c0000000,0x00000000c2c7f298,0x00000000c4300000)
 Metaspace       used 50463K, committed 51200K, reserved 1097728K
  class space    used 4989K, committed 5376K, reserved 1048576K
}
Event: 23.284 GC heap before
{Heap before GC invocations=71 (full 2):
 PSYoungGen      total 16896K, used 14742K [0x00000000eab00000, 0x00000000ebc80000, 0x0000000100000000)
  eden space 15872K, 89% used [0x00000000eab00000,0x00000000eb8d58c8,0x00000000eba80000)
  from space 1024K, 56% used [0x00000000ebb80000,0x00000000ebc10000,0x00000000ebc80000)
  to   space 1024K, 0% used [0x00000000eba80000,0x00000000eba80000,0x00000000ebb80000)
 ParOldGen       total 68608K, used 45564K [0x00000000c0000000, 0x00000000c4300000, 0x00000000eab00000)
  object space 68608K, 66% used [0x00000000c0000000,0x00000000c2c7f298,0x00000000c4300000)
 Metaspace       used 50464K, committed 51200K, reserved 1097728K
  class space    used 4989K, committed 5376K, reserved 1048576K
}
Event: 23.285 GC heap after
{Heap after GC invocations=71 (full 2):
 PSYoungGen      total 16896K, used 320K [0x00000000eab00000, 0x00000000ebc00000, 0x0000000100000000)
  eden space 15872K, 0% used [0x00000000eab00000,0x00000000eab00000,0x00000000eba80000)
  from space 1024K, 31% used [0x00000000eba80000,0x00000000ebad0000,0x00000000ebb80000)
  to   space 512K, 0% used [0x00000000ebb80000,0x00000000ebb80000,0x00000000ebc00000)
 ParOldGen       total 68608K, used 45580K [0x00000000c0000000, 0x00000000c4300000, 0x00000000eab00000)
  object space 68608K, 66% used [0x00000000c0000000,0x00000000c2c83298,0x00000000c4300000)
 Metaspace       used 50464K, committed 51200K, reserved 1097728K
  class space    used 4989K, committed 5376K, reserved 1048576K
}
Event: 23.332 GC heap before
{Heap before GC invocations=72 (full 2):
 PSYoungGen      total 16896K, used 15920K [0x00000000eab00000, 0x00000000ebc00000, 0x0000000100000000)
  eden space 15872K, 98% used [0x00000000eab00000,0x00000000eba3c320,0x00000000eba80000)
  from space 1024K, 31% used [0x00000000eba80000,0x00000000ebad0000,0x00000000ebb80000)
  to   space 512K, 0% used [0x00000000ebb80000,0x00000000ebb80000,0x00000000ebc00000)
 ParOldGen       total 68608K, used 45580K [0x00000000c0000000, 0x00000000c4300000, 0x00000000eab00000)
  object space 68608K, 66% used [0x00000000c0000000,0x00000000c2c83298,0x00000000c4300000)
 Metaspace       used 50475K, committed 51264K, reserved 1097728K
  class space    used 4989K, committed 5376K, reserved 1048576K
}
Event: 23.332 GC heap after
{Heap after GC invocations=72 (full 2):
 PSYoungGen      total 16384K, used 256K [0x00000000eab00000, 0x00000000ebc00000, 0x0000000100000000)
  eden space 15872K, 0% used [0x00000000eab00000,0x00000000eab00000,0x00000000eba80000)
  from space 512K, 50% used [0x00000000ebb80000,0x00000000ebbc0000,0x00000000ebc00000)
  to   space 512K, 0% used [0x00000000ebb00000,0x00000000ebb00000,0x00000000ebb80000)
 ParOldGen       total 68608K, used 45588K [0x00000000c0000000, 0x00000000c4300000, 0x00000000eab00000)
  object space 68608K, 66% used [0x00000000c0000000,0x00000000c2c85298,0x00000000c4300000)
 Metaspace       used 50475K, committed 51264K, reserved 1097728K
  class space    used 4989K, committed 5376K, reserved 1048576K
}
Event: 23.372 GC heap before
{Heap before GC invocations=73 (full 2):
 PSYoungGen      total 16384K, used 16128K [0x00000000eab00000, 0x00000000ebc00000, 0x0000000100000000)
  eden space 15872K, 100% used [0x00000000eab00000,0x00000000eba80000,0x00000000eba80000)
  from space 512K, 50% used [0x00000000ebb80000,0x00000000ebbc0000,0x00000000ebc00000)
  to   space 512K, 0% used [0x00000000ebb00000,0x00000000ebb00000,0x00000000ebb80000)
 ParOldGen       total 68608K, used 45588K [0x00000000c0000000, 0x00000000c4300000, 0x00000000eab00000)
  object space 68608K, 66% used [0x00000000c0000000,0x00000000c2c85298,0x00000000c4300000)
 Metaspace       used 50476K, committed 51264K, reserved 1097728K
  class space    used 4989K, committed 5376K, reserved 1048576K
}
Event: 23.372 GC heap after
{Heap after GC invocations=73 (full 2):
 PSYoungGen      total 16384K, used 512K [0x00000000eab00000, 0x00000000ebc80000, 0x0000000100000000)
  eden space 15872K, 0% used [0x00000000eab00000,0x00000000eab00000,0x00000000eba80000)
  from space 512K, 100% used [0x00000000ebb00000,0x00000000ebb80000,0x00000000ebb80000)
  to   space 1024K, 0% used [0x00000000ebb80000,0x00000000ebb80000,0x00000000ebc80000)
 ParOldGen       total 68608K, used 45620K [0x00000000c0000000, 0x00000000c4300000, 0x00000000eab00000)
  object space 68608K, 66% used [0x00000000c0000000,0x00000000c2c8d298,0x00000000c4300000)
 Metaspace       used 50476K, committed 51264K, reserved 1097728K
  class space    used 4989K, committed 5376K, reserved 1048576K
}
Event: 23.460 GC heap before
{Heap before GC invocations=74 (full 2):
 PSYoungGen      total 16384K, used 16377K [0x00000000eab00000, 0x00000000ebc80000, 0x0000000100000000)
  eden space 15872K, 99% used [0x00000000eab00000,0x00000000eba7e7a0,0x00000000eba80000)
  from space 512K, 100% used [0x00000000ebb00000,0x00000000ebb80000,0x00000000ebb80000)
  to   space 1024K, 0% used [0x00000000ebb80000,0x00000000ebb80000,0x00000000ebc80000)
 ParOldGen       total 68608K, used 45620K [0x00000000c0000000, 0x00000000c4300000, 0x00000000eab00000)
  object space 68608K, 66% used [0x00000000c0000000,0x00000000c2c8d298,0x00000000c4300000)
 Metaspace       used 50614K, committed 51392K, reserved 1097728K
  class space    used 4994K, committed 5376K, reserved 1048576K
}
Event: 23.462 GC heap after
{Heap after GC invocations=74 (full 2):
 PSYoungGen      total 16896K, used 769K [0x00000000eab00000, 0x00000000ebc80000, 0x0000000100000000)
  eden space 15872K, 0% used [0x00000000eab00000,0x00000000eab00000,0x00000000eba80000)
  from space 1024K, 75% used [0x00000000ebb80000,0x00000000ebc404d8,0x00000000ebc80000)
  to   space 1024K, 0% used [0x00000000eba80000,0x00000000eba80000,0x00000000ebb80000)
 ParOldGen       total 68608K, used 47783K [0x00000000c0000000, 0x00000000c4300000, 0x00000000eab00000)
  object space 68608K, 69% used [0x00000000c0000000,0x00000000c2ea9d60,0x00000000c4300000)
 Metaspace       used 50614K, committed 51392K, reserved 1097728K
  class space    used 4994K, committed 5376K, reserved 1048576K
}

Deoptimization events (20 events):
Event: 23.442 Thread 0x00000242b31a6360 Uncommon trap: trap_request=0xffffffc6 fr.pc=0x00000242a52be744 relative=0x00000000000007a4
Event: 23.443 Thread 0x00000242b31a6360 Uncommon trap: reason=bimorphic_or_optimized_type_check action=maybe_recompile pc=0x00000242a52be744 method=org.eclipse.jdt.internal.compiler.parser.Parser.consumeRule(I)V @ 5033 c2
Event: 23.444 Thread 0x00000242b31a6360 DEOPT PACKING pc=0x00000242a52be744 sp=0x000000d58e0fe900
Event: 23.444 Thread 0x00000242b31a6360 DEOPT UNPACKING pc=0x000002429d5820a3 sp=0x000000d58e0fe890 mode 2
Event: 23.444 Thread 0x00000242b31a6360 Uncommon trap: trap_request=0xffffffc6 fr.pc=0x00000242a53070ec relative=0x0000000000007c4c
Event: 23.444 Thread 0x00000242b31a6360 Uncommon trap: reason=bimorphic_or_optimized_type_check action=maybe_recompile pc=0x00000242a53070ec method=org.eclipse.jdt.internal.compiler.parser.Parser.consumeToken(I)V @ 1908 c2
Event: 23.447 Thread 0x00000242b31a6360 DEOPT PACKING pc=0x00000242a53070ec sp=0x000000d58e0fe760
Event: 23.447 Thread 0x00000242b31a6360 DEOPT UNPACKING pc=0x000002429d5820a3 sp=0x000000d58e0fe780 mode 2
Event: 23.447 Thread 0x00000242b31a6360 Uncommon trap: trap_request=0xffffffde fr.pc=0x00000242a530388c relative=0x00000000000043ec
Event: 23.447 Thread 0x00000242b31a6360 Uncommon trap: reason=class_check action=maybe_recompile pc=0x00000242a530388c method=org.eclipse.jdt.internal.compiler.parser.Parser.consumeToken(I)V @ 1603 c2
Event: 23.447 Thread 0x00000242b31a6360 DEOPT PACKING pc=0x00000242a530388c sp=0x000000d58e0fe760
Event: 23.447 Thread 0x00000242b31a6360 DEOPT UNPACKING pc=0x000002429d5820a3 sp=0x000000d58e0fe778 mode 2
Event: 23.448 Thread 0x00000242b31a6360 Uncommon trap: trap_request=0xffffff45 fr.pc=0x00000242a51d138c relative=0x0000000000000cec
Event: 23.448 Thread 0x00000242b31a6360 Uncommon trap: reason=unstable_if action=reinterpret pc=0x00000242a51d138c method=org.eclipse.jdt.internal.compiler.parser.Parser.parse()V @ 131 c2
Event: 23.448 Thread 0x00000242b31a6360 DEOPT PACKING pc=0x00000242a51d138c sp=0x000000d58e0fe930
Event: 23.449 Thread 0x00000242b31a6360 DEOPT UNPACKING pc=0x000002429d5820a3 sp=0x000000d58e0fe8e8 mode 2
Event: 23.456 Thread 0x00000242b31a6360 Uncommon trap: trap_request=0xffffffde fr.pc=0x00000242a5436e1c relative=0x0000000000000bbc
Event: 23.456 Thread 0x00000242b31a6360 Uncommon trap: reason=class_check action=maybe_recompile pc=0x00000242a5436e1c method=org.eclipse.jdt.internal.compiler.parser.Scanner.getNextToken0()I @ 2346 c2
Event: 23.456 Thread 0x00000242b31a6360 DEOPT PACKING pc=0x00000242a5436e1c sp=0x000000d58e0fe530
Event: 23.456 Thread 0x00000242b31a6360 DEOPT UNPACKING pc=0x000002429d5820a3 sp=0x000000d58e0fe4d8 mode 2

Classes unloaded (7 events):
Event: 2.295 Thread 0x000002429a96ec40 Unloading class 0x0000000100210800 'java/lang/invoke/LambdaForm$MH+0x0000000100210800'
Event: 2.295 Thread 0x000002429a96ec40 Unloading class 0x0000000100210400 'java/lang/invoke/LambdaForm$MH+0x0000000100210400'
Event: 2.295 Thread 0x000002429a96ec40 Unloading class 0x0000000100210000 'java/lang/invoke/LambdaForm$MH+0x0000000100210000'
Event: 2.295 Thread 0x000002429a96ec40 Unloading class 0x000000010020fc00 'java/lang/invoke/LambdaForm$MH+0x000000010020fc00'
Event: 2.295 Thread 0x000002429a96ec40 Unloading class 0x000000010020f400 'java/lang/invoke/LambdaForm$BMH+0x000000010020f400'
Event: 2.295 Thread 0x000002429a96ec40 Unloading class 0x000000010020f000 'java/lang/invoke/LambdaForm$DMH+0x000000010020f000'
Event: 2.295 Thread 0x000002429a96ec40 Unloading class 0x000000010020c400 'java/lang/invoke/LambdaForm$DMH+0x000000010020c400'

Classes redefined (0 events):
No events

Internal exceptions (20 events):
Event: 19.844 Thread 0x00000242b31a6360 Exception <a 'java/lang/ClassNotFoundException'{0x00000000eaff5a20}: sun/net/www/protocol/jdt/Handler> (0x00000000eaff5a20) 
thrown [s\src\hotspot\share\classfile\systemDictionary.cpp, line 256]
Event: 19.844 Thread 0x00000242b31a6360 Exception <a 'java/lang/ClassNotFoundException'{0x00000000eaff8218}: sun/net/www/protocol/jdt/Handler> (0x00000000eaff8218) 
thrown [s\src\hotspot\share\classfile\systemDictionary.cpp, line 256]
Event: 20.603 Thread 0x00000242b31a6360 Exception <a 'java/lang/ArrayIndexOutOfBoundsException'{0x00000000eb11f588}> (0x00000000eb11f588) 
thrown [s\src\hotspot\share\runtime\sharedRuntime.cpp, line 628]
Event: 20.927 Thread 0x00000242b319f4b0 Exception <a 'java/lang/ClassNotFoundException'{0x00000000eade9e88}: sun/net/www/protocol/jdt/Handler> (0x00000000eade9e88) 
thrown [s\src\hotspot\share\classfile\systemDictionary.cpp, line 256]
Event: 20.928 Thread 0x00000242b319f4b0 Exception <a 'java/lang/ClassNotFoundException'{0x00000000eadef160}: sun/net/www/protocol/jdt/Handler> (0x00000000eadef160) 
thrown [s\src\hotspot\share\classfile\systemDictionary.cpp, line 256]
Event: 20.928 Thread 0x00000242b319f4b0 Exception <a 'java/lang/ClassNotFoundException'{0x00000000eadf12a8}: sun/net/www/protocol/jdt/Handler> (0x00000000eadf12a8) 
thrown [s\src\hotspot\share\classfile\systemDictionary.cpp, line 256]
Event: 20.928 Thread 0x00000242b319f4b0 Exception <a 'java/lang/ClassNotFoundException'{0x00000000eadf4b60}: sun/net/www/protocol/jdt/Handler> (0x00000000eadf4b60) 
thrown [s\src\hotspot\share\classfile\systemDictionary.cpp, line 256]
Event: 20.928 Thread 0x00000242b319f4b0 Exception <a 'java/lang/ClassNotFoundException'{0x00000000eadf6de0}: sun/net/www/protocol/jdt/Handler> (0x00000000eadf6de0) 
thrown [s\src\hotspot\share\classfile\systemDictionary.cpp, line 256]
Event: 20.928 Thread 0x00000242b319f4b0 Exception <a 'java/lang/ClassNotFoundException'{0x00000000eadf9838}: sun/net/www/protocol/jdt/Handler> (0x00000000eadf9838) 
thrown [s\src\hotspot\share\classfile\systemDictionary.cpp, line 256]
Event: 20.928 Thread 0x00000242b319f4b0 Exception <a 'java/lang/ClassNotFoundException'{0x00000000eadfc018}: sun/net/www/protocol/jdt/Handler> (0x00000000eadfc018) 
thrown [s\src\hotspot\share\classfile\systemDictionary.cpp, line 256]
Event: 20.928 Thread 0x00000242b319f4b0 Exception <a 'java/lang/ClassNotFoundException'{0x00000000eadfdf10}: sun/net/www/protocol/jdt/Handler> (0x00000000eadfdf10) 
thrown [s\src\hotspot\share\classfile\systemDictionary.cpp, line 256]
Event: 20.928 Thread 0x00000242b319f4b0 Exception <a 'java/lang/ClassNotFoundException'{0x00000000eadffde8}: sun/net/www/protocol/jdt/Handler> (0x00000000eadffde8) 
thrown [s\src\hotspot\share\classfile\systemDictionary.cpp, line 256]
Event: 23.416 Thread 0x00000242b319f4b0 Exception <a 'java/lang/ClassNotFoundException'{0x00000000eb643c40}: sun/net/www/protocol/jdt/Handler> (0x00000000eb643c40) 
thrown [s\src\hotspot\share\classfile\systemDictionary.cpp, line 256]
Event: 23.417 Thread 0x00000242b319f4b0 Exception <a 'java/lang/ClassNotFoundException'{0x00000000eb645f48}: sun/net/www/protocol/jdt/Handler> (0x00000000eb645f48) 
thrown [s\src\hotspot\share\classfile\systemDictionary.cpp, line 256]
Event: 23.417 Thread 0x00000242b319f4b0 Exception <a 'java/lang/ClassNotFoundException'{0x00000000eb6496a0}: sun/net/www/protocol/jdt/Handler> (0x00000000eb6496a0) 
thrown [s\src\hotspot\share\classfile\systemDictionary.cpp, line 256]
Event: 23.417 Thread 0x00000242b319f4b0 Exception <a 'java/lang/ClassNotFoundException'{0x00000000eb64b920}: sun/net/www/protocol/jdt/Handler> (0x00000000eb64b920) 
thrown [s\src\hotspot\share\classfile\systemDictionary.cpp, line 256]
Event: 23.417 Thread 0x00000242b319f4b0 Exception <a 'java/lang/ClassNotFoundException'{0x00000000eb64e378}: sun/net/www/protocol/jdt/Handler> (0x00000000eb64e378) 
thrown [s\src\hotspot\share\classfile\systemDictionary.cpp, line 256]
Event: 23.417 Thread 0x00000242b319f4b0 Exception <a 'java/lang/ClassNotFoundException'{0x00000000eb650b58}: sun/net/www/protocol/jdt/Handler> (0x00000000eb650b58) 
thrown [s\src\hotspot\share\classfile\systemDictionary.cpp, line 256]
Event: 23.417 Thread 0x00000242b319f4b0 Exception <a 'java/lang/ClassNotFoundException'{0x00000000eb652a50}: sun/net/www/protocol/jdt/Handler> (0x00000000eb652a50) 
thrown [s\src\hotspot\share\classfile\systemDictionary.cpp, line 256]
Event: 23.417 Thread 0x00000242b319f4b0 Exception <a 'java/lang/ClassNotFoundException'{0x00000000eb654978}: sun/net/www/protocol/jdt/Handler> (0x00000000eb654978) 
thrown [s\src\hotspot\share\classfile\systemDictionary.cpp, line 256]

VM Operations (20 events):
Event: 20.916 Executing VM operation: ParallelGCFailedAllocation
Event: 20.920 Executing VM operation: ParallelGCFailedAllocation done
Event: 22.921 Executing VM operation: Cleanup
Event: 22.921 Executing VM operation: Cleanup done
Event: 23.161 Executing VM operation: ParallelGCFailedAllocation
Event: 23.162 Executing VM operation: ParallelGCFailedAllocation done
Event: 23.207 Executing VM operation: ParallelGCFailedAllocation
Event: 23.208 Executing VM operation: ParallelGCFailedAllocation done
Event: 23.243 Executing VM operation: ParallelGCFailedAllocation
Event: 23.244 Executing VM operation: ParallelGCFailedAllocation done
Event: 23.284 Executing VM operation: ParallelGCFailedAllocation
Event: 23.285 Executing VM operation: ParallelGCFailedAllocation done
Event: 23.331 Executing VM operation: ParallelGCFailedAllocation
Event: 23.332 Executing VM operation: ParallelGCFailedAllocation done
Event: 23.372 Executing VM operation: ParallelGCFailedAllocation
Event: 23.372 Executing VM operation: ParallelGCFailedAllocation done
Event: 23.454 Executing VM operation: HandshakeAllThreads
Event: 23.454 Executing VM operation: HandshakeAllThreads done
Event: 23.460 Executing VM operation: ParallelGCFailedAllocation
Event: 23.462 Executing VM operation: ParallelGCFailedAllocation done

Events (20 events):
Event: 20.647 Thread 0x00000242b051a280 flushing nmethod 0x000002429e561390
Event: 20.647 Thread 0x00000242b051a280 flushing nmethod 0x000002429e572f10
Event: 20.647 Thread 0x00000242b051a280 flushing nmethod 0x000002429e579c90
Event: 20.647 Thread 0x00000242b051a280 flushing nmethod 0x000002429e5a3f90
Event: 20.647 Thread 0x00000242b051a280 flushing nmethod 0x000002429e5aaf10
Event: 20.647 Thread 0x00000242b051a280 flushing nmethod 0x000002429e5e4a90
Event: 20.647 Thread 0x00000242b051a280 flushing nmethod 0x000002429e653210
Event: 20.647 Thread 0x00000242b051a280 flushing nmethod 0x000002429e6bb210
Event: 20.648 Thread 0x00000242b051a280 flushing nmethod 0x000002429e6fb990
Event: 20.648 Thread 0x00000242b051a280 flushing nmethod 0x000002429e6fcb90
Event: 20.648 Thread 0x00000242b051a280 flushing nmethod 0x000002429e6fda10
Event: 20.648 Thread 0x00000242b051a280 flushing nmethod 0x000002429e701f10
Event: 20.648 Thread 0x00000242b051a280 flushing nmethod 0x000002429e766210
Event: 20.929 Thread 0x00000242b4f55660 Thread added: 0x00000242b4f55660
Event: 21.307 Thread 0x00000242b4f55660 Thread exited: 0x00000242b4f55660
Event: 22.527 Thread 0x00000242b4f574c0 Thread exited: 0x00000242b4f574c0
Event: 23.155 Thread 0x00000242b4f57ee0 Thread added: 0x00000242b4f57ee0
Event: 23.435 Thread 0x00000242b4f56aa0 Thread added: 0x00000242b4f56aa0
Event: 23.465 loading class java/util/Collections$EmptyListIterator
Event: 23.465 loading class java/util/Collections$EmptyListIterator done


Dynamic libraries:
0x00007ff7a2ee0000 - 0x00007ff7a2eee000 	c:\Users\dell\.vscode\extensions\redhat.java-1.12.0-win32-x64\jre\17.0.4.1-win32-x86_64\bin\java.exe
0x00007fff330a0000 - 0x00007fff332a9000 	C:\WINDOWS\SYSTEM32\ntdll.dll
0x00007fff31d90000 - 0x00007fff31e4d000 	C:\WINDOWS\System32\KERNEL32.DLL
0x00007fff30ba0000 - 0x00007fff30f1b000 	C:\WINDOWS\System32\KERNELBASE.dll
0x00007fff305e0000 - 0x00007fff306f1000 	C:\WINDOWS\System32\ucrtbase.dll
0x00007fff25960000 - 0x00007fff25978000 	c:\Users\dell\.vscode\extensions\redhat.java-1.12.0-win32-x64\jre\17.0.4.1-win32-x86_64\bin\jli.dll
0x00007fff26fb0000 - 0x00007fff26fc9000 	c:\Users\dell\.vscode\extensions\redhat.java-1.12.0-win32-x64\jre\17.0.4.1-win32-x86_64\bin\VCRUNTIME140.dll
0x00007fff31aa0000 - 0x00007fff31c4d000 	C:\WINDOWS\System32\USER32.dll
0x00007fff308c0000 - 0x00007fff308e6000 	C:\WINDOWS\System32\win32u.dll
0x00007fff1a560000 - 0x00007fff1a805000 	C:\WINDOWS\WinSxS\amd64_microsoft.windows.common-controls_6595b64144ccf1df_6.0.22000.120_none_9d947278b86cc467\COMCTL32.dll
0x00007fff31a70000 - 0x00007fff31a99000 	C:\WINDOWS\System32\GDI32.dll
0x00007fff32ab0000 - 0x00007fff32b53000 	C:\WINDOWS\System32\msvcrt.dll
0x00007fff307a0000 - 0x00007fff308b8000 	C:\WINDOWS\System32\gdi32full.dll
0x00007fff30700000 - 0x00007fff3079d000 	C:\WINDOWS\System32\msvcp_win.dll
0x00007fff323b0000 - 0x00007fff323e1000 	C:\WINDOWS\System32\IMM32.DLL
0x00007fff28420000 - 0x00007fff2842c000 	c:\Users\dell\.vscode\extensions\redhat.java-1.12.0-win32-x64\jre\17.0.4.1-win32-x86_64\bin\vcruntime140_1.dll
0x00007fff032c0000 - 0x00007fff03351000 	c:\Users\dell\.vscode\extensions\redhat.java-1.12.0-win32-x64\jre\17.0.4.1-win32-x86_64\bin\msvcp140.dll
0x00007ffedfce0000 - 0x00007ffee0926000 	c:\Users\dell\.vscode\extensions\redhat.java-1.12.0-win32-x64\jre\17.0.4.1-win32-x86_64\bin\server\jvm.dll
0x00007fff32b60000 - 0x00007fff32c0e000 	C:\WINDOWS\System32\ADVAPI32.dll
0x00007fff32710000 - 0x00007fff327ae000 	C:\WINDOWS\System32\sechost.dll
0x00007fff325f0000 - 0x00007fff32710000 	C:\WINDOWS\System32\RPCRT4.dll
0x00007fff31cc0000 - 0x00007fff31cc8000 	C:\WINDOWS\System32\PSAPI.DLL
0x00007fff1ea10000 - 0x00007fff1ea19000 	C:\WINDOWS\SYSTEM32\WSOCK32.dll
0x00007fff27ca0000 - 0x00007fff27cd3000 	C:\WINDOWS\SYSTEM32\WINMM.dll
0x00007fff32cb0000 - 0x00007fff32d1f000 	C:\WINDOWS\System32\WS2_32.dll
0x00007fff269c0000 - 0x00007fff269ca000 	C:\WINDOWS\SYSTEM32\VERSION.dll
0x00007fff2f6a0000 - 0x00007fff2f6b8000 	C:\WINDOWS\SYSTEM32\kernel.appcore.dll
0x00007fff283b0000 - 0x00007fff283ba000 	c:\Users\dell\.vscode\extensions\redhat.java-1.12.0-win32-x64\jre\17.0.4.1-win32-x86_64\bin\jimage.dll
0x00007fff2e130000 - 0x00007fff2e351000 	C:\WINDOWS\SYSTEM32\DBGHELP.DLL
0x00007fff24800000 - 0x00007fff24831000 	C:\WINDOWS\SYSTEM32\dbgcore.DLL
0x00007fff30a60000 - 0x00007fff30adf000 	C:\WINDOWS\System32\bcryptPrimitives.dll
0x00007fff28350000 - 0x00007fff2835e000 	c:\Users\dell\.vscode\extensions\redhat.java-1.12.0-win32-x64\jre\17.0.4.1-win32-x86_64\bin\instrument.dll
0x00007fff25930000 - 0x00007fff25955000 	c:\Users\dell\.vscode\extensions\redhat.java-1.12.0-win32-x64\jre\17.0.4.1-win32-x86_64\bin\java.dll
0x00007fff25320000 - 0x00007fff25338000 	c:\Users\dell\.vscode\extensions\redhat.java-1.12.0-win32-x64\jre\17.0.4.1-win32-x86_64\bin\zip.dll
0x00007fff312b0000 - 0x00007fff31a68000 	C:\WINDOWS\System32\SHELL32.dll
0x00007fff2e4d0000 - 0x00007fff2ed35000 	C:\WINDOWS\SYSTEM32\windows.storage.dll
0x00007fff30f20000 - 0x00007fff31297000 	C:\WINDOWS\System32\combase.dll
0x00007fff2e360000 - 0x00007fff2e4c6000 	C:\WINDOWS\SYSTEM32\wintypes.dll
0x00007fff327b0000 - 0x00007fff3289a000 	C:\WINDOWS\System32\SHCORE.dll
0x00007fff31e60000 - 0x00007fff31ebd000 	C:\WINDOWS\System32\shlwapi.dll
0x00007fff304a0000 - 0x00007fff304c1000 	C:\WINDOWS\SYSTEM32\profapi.dll
0x00007fff258e0000 - 0x00007fff258f9000 	C:\Users\dell\.vscode\extensions\redhat.java-1.12.0-win32-x64\jre\17.0.4.1-win32-x86_64\bin\net.dll
0x00007fff286a0000 - 0x00007fff287ac000 	C:\WINDOWS\SYSTEM32\WINHTTP.dll
0x00007fff2fb60000 - 0x00007fff2fbc7000 	C:\WINDOWS\system32\mswsock.dll
0x00007fff253d0000 - 0x00007fff253e5000 	C:\Users\dell\.vscode\extensions\redhat.java-1.12.0-win32-x64\jre\17.0.4.1-win32-x86_64\bin\nio.dll
0x00007fff27d00000 - 0x00007fff27d10000 	c:\Users\dell\.vscode\extensions\redhat.java-1.12.0-win32-x64\jre\17.0.4.1-win32-x86_64\bin\verify.dll
0x00007fff19540000 - 0x00007fff1957e000 	C:\Users\dell\AppData\Roaming\Code\User\globalStorage\redhat.java\1.12.0\config_ss_win\org.eclipse.equinox.launcher\org.eclipse.equinox.launcher.win32.win32.x86_64_1.2.600.v20220720-1916\eclipse_11700.dll
0x00007fff32450000 - 0x00007fff325ea000 	C:\WINDOWS\System32\ole32.dll
0x00007fff2fdc0000 - 0x00007fff2fdd8000 	C:\WINDOWS\SYSTEM32\CRYPTSP.dll
0x00007fff2f600000 - 0x00007fff2f635000 	C:\WINDOWS\system32\rsaenh.dll
0x00007fff2fc70000 - 0x00007fff2fc99000 	C:\WINDOWS\SYSTEM32\USERENV.dll
0x00007fff2ff50000 - 0x00007fff2ff77000 	C:\WINDOWS\SYSTEM32\bcrypt.dll
0x00007fff2fde0000 - 0x00007fff2fdec000 	C:\WINDOWS\SYSTEM32\CRYPTBASE.dll
0x00007fff2f1c0000 - 0x00007fff2f1ed000 	C:\WINDOWS\SYSTEM32\IPHLPAPI.DLL
0x00007fff31e50000 - 0x00007fff31e59000 	C:\WINDOWS\System32\NSI.dll
0x00007fff28660000 - 0x00007fff28679000 	C:\WINDOWS\SYSTEM32\dhcpcsvc6.DLL
0x00007fff28890000 - 0x00007fff288ae000 	C:\WINDOWS\SYSTEM32\dhcpcsvc.DLL
0x00007fff2f1f0000 - 0x00007fff2f2d8000 	C:\WINDOWS\SYSTEM32\DNSAPI.dll
0x00007fff150e0000 - 0x00007fff15120000 	C:\Users\dell\AppData\Local\Temp\jna-3079617\jna16594885764720542306.dll

dbghelp: loaded successfully - version: 4.0.5 - missing functions: none
symbol engine: initialized successfully - sym options: 0x614 - pdb path: .;c:\Users\dell\.vscode\extensions\redhat.java-1.12.0-win32-x64\jre\17.0.4.1-win32-x86_64\bin;C:\WINDOWS\SYSTEM32;C:\WINDOWS\WinSxS\amd64_microsoft.windows.common-controls_6595b64144ccf1df_6.0.22000.120_none_9d947278b86cc467;c:\Users\dell\.vscode\extensions\redhat.java-1.12.0-win32-x64\jre\17.0.4.1-win32-x86_64\bin\server;C:\Users\dell\AppData\Roaming\Code\User\globalStorage\redhat.java\1.12.0\config_ss_win\org.eclipse.equinox.launcher\org.eclipse.equinox.launcher.win32.win32.x86_64_1.2.600.v20220720-1916;C:\Users\dell\AppData\Local\Temp\jna-3079617

VM Arguments:
jvm_args: --add-modules=ALL-SYSTEM --add-opens=java.base/java.util=ALL-UNNAMED --add-opens=java.base/java.lang=ALL-UNNAMED --add-opens=java.base/sun.nio.fs=ALL-UNNAMED -Declipse.application=org.eclipse.jdt.ls.core.id1 -Dosgi.bundles.defaultStartLevel=4 -Declipse.product=org.eclipse.jdt.ls.core.product -Djava.import.generatesMetadataFilesAtProjectRoot=false -Dfile.encoding=utf8 -XX:+UseParallelGC -XX:GCTimeRatio=4 -XX:AdaptiveSizePolicyWeight=90 -Dsun.zip.disableMemoryMapping=true -Xmx1G -Xms100m -Xlog:disable -javaagent:c:\Users\dell\.vscode\extensions\redhat.java-1.12.0-win32-x64\lombok\lombok-1.18.24.jar 
java_command: c:\Users\dell\.vscode\extensions\redhat.java-1.12.0-win32-x64\server\plugins\org.eclipse.equinox.launcher_1.6.400.v20210924-0641.jar -configuration c:\Users\dell\AppData\Roaming\Code\User\globalStorage\redhat.java\1.12.0\config_ss_win -data c:\Users\dell\AppData\Roaming\Code\User\workspaceStorage\7dacab551bd5d13f21454db8a7b4094e\redhat.java\ss_ws
java_class_path (initial): c:\Users\dell\.vscode\extensions\redhat.java-1.12.0-win32-x64\server\plugins\org.eclipse.equinox.launcher_1.6.400.v20210924-0641.jar
Launcher Type: SUN_STANDARD

[Global flags]
    uintx AdaptiveSizePolicyWeight                 = 90                                        {product} {command line}
     intx CICompilerCount                          = 4                                         {product} {ergonomic}
    uintx GCTimeRatio                              = 4                                         {product} {command line}
   size_t InitialHeapSize                          = 104857600                                 {product} {command line}
   size_t MaxHeapSize                              = 1073741824                                {product} {command line}
   size_t MaxNewSize                               = 357564416                                 {product} {ergonomic}
   size_t MinHeapDeltaBytes                        = 524288                                    {product} {ergonomic}
   size_t MinHeapSize                              = 104857600                                 {product} {command line}
   size_t NewSize                                  = 34603008                                  {product} {ergonomic}
    uintx NonNMethodCodeHeapSize                   = 5839372                                {pd product} {ergonomic}
    uintx NonProfiledCodeHeapSize                  = 122909434                              {pd product} {ergonomic}
   size_t OldSize                                  = 70254592                                  {product} {ergonomic}
    uintx ProfiledCodeHeapSize                     = 122909434                              {pd product} {ergonomic}
    uintx ReservedCodeCacheSize                    = 251658240                              {pd product} {ergonomic}
     bool SegmentedCodeCache                       = true                                      {product} {ergonomic}
   size_t SoftMaxHeapSize                          = 1073741824                             {manageable} {ergonomic}
     bool UseCompressedClassPointers               = true                           {product lp64_product} {ergonomic}
     bool UseCompressedOops                        = true                           {product lp64_product} {ergonomic}
     bool UseLargePagesIndividualAllocation        = false                                  {pd product} {ergonomic}
     bool UseParallelGC                            = true                                      {product} {command line}

Logging:
Log output configuration:
 #0: stdout all=off uptime,level,tags
 #1: stderr all=off uptime,level,tags

Environment Variables:
JAVA_HOME=C:\Program Files\Java\jdk-16.0.2
PATH=C:\Program Files (x86)\Google\Chrome\Application;C:\Program Files\Common Files\Oracle\Java\javapath;C:\Program Files\Java\jdk-16.0.2C:\Program Files\Java\jdk-16.0.2\bin;D:\bin;C:\WINDOWS\system32;C:\WINDOWS;C:\WINDOWS\System32\Wbem;C:\WINDOWS\System32\WindowsPowerShell\v1.0\;C:\WINDOWS\System32\OpenSSH\;C:\Program Files\dotnet\;C:\Program Files\PuTTY\;D:\Git\cmd;C:\Users\dell\AppData\Local\Programs\Python\Python310\Scripts\;C:\Users\dell\AppData\Local\Programs\Python\Python310\;C:\Users\dell\AppData\Local\Programs\Python\Python37\Scripts\;C:\Users\dell\AppData\Local\Programs\Python\Python37\;C:\Users\dell\AppData\Local\Programs\Python\Python37-32\Scripts\;C:\Users\dell\AppData\Local\Programs\Python\Python37-32\;C:\Users\dell\AppData\Local\Microsoft\WindowsApps;C:\Program Files\Bandizip\;C:\ProgramData\dell\GitHubDesktop\bin;C:\Users\dell\AppData\Local\GitHubDesktop\bin;F:\Microsoft VS Code\bin;C:\ProgramData\Dell\GitHubDesktop\bin
USERNAME=dell
OS=Windows_NT
PROCESSOR_IDENTIFIER=Intel64 Family 6 Model 158 Stepping 10, GenuineIntel
TMP=C:\Users\dell\AppData\Local\Temp
TEMP=C:\Users\dell\AppData\Local\Temp



---------------  S Y S T E M  ---------------

OS:
 Windows 11 , 64 bit Build 22000 (10.0.22000.708)
OS uptime: 23 days 13:50 hours
Hyper-V role detected

CPU: total 12 (initial active 12) (6 cores per cpu, 2 threads per core) family 6 model 158 stepping 10 microcode 0xf0, cx8, cmov, fxsr, ht, mmx, 3dnowpref, sse, sse2, sse3, ssse3, sse4.1, sse4.2, popcnt, lzcnt, tsc, tscinvbit, avx, avx2, aes, erms, clmul, bmi1, bmi2, adx, fma, vzeroupper, clflush, clflushopt, hv

Memory: 4k page, system-wide physical 16163M (3064M free)
TotalPageFile size 29231M (AvailPageFile size 5M)
current process WorkingSet (physical memory assigned to process): 237M, peak: 282M
current process commit charge ("private bytes"): 307M, peak: 371M

vm_info: OpenJDK 64-Bit Server VM (17.0.4.1+1) for windows-amd64 JRE (17.0.4.1+1), built on Aug 17 2022 07:42:43 by "temurin" with MS VC++ 16.7 (VS2019)

END.
